{"/Users/dannydavies/Documents/tfn/fares-data-build-tool/repos/fdbt-site/src/components/ConfirmationTable.tsx": {"path":"/Users/dannydavies/Documents/tfn/fares-data-build-tool/repos/fdbt-site/src/components/ConfirmationTable.tsx","statementMap":{"0":{"start":{"line":1,"column":0},"end":{"line":1,"column":null}},"1":{"start":{"line":14,"column":26},"end":{"line":47,"column":null}},"2":{"start":{"line":15,"column":26},"end":{"line":15,"column":46}},"3":{"start":{"line":16,"column":8},"end":{"line":16,"column":9}},"4":{"start":{"line":33,"column":4},"end":{"line":33,"column":null}},"5":{"start":{"line":49,"column":0},"end":{"line":49,"column":15}}},"fnMap":{"0":{"name":"(anonymous_1)","decl":{"start":{"line":14,"column":26},"end":{"line":14,"column":27}},"loc":{"start":{"line":14,"column":101},"end":{"line":47,"column":null}}},"1":{"name":"(anonymous_2)","decl":{"start":{"line":15,"column":51},"end":{"line":15,"column":58}},"loc":{"start":{"line":16,"column":8},"end":{"line":16,"column":9}}}},"branchMap":{"0":{"loc":{"start":{"line":23,"column":28},"end":{"line":23,"column":31}},"type":"cond-expr","locations":[{"start":{"line":23,"column":28},"end":{"line":23,"column":31}},{"start":{"line":26,"column":28},"end":{"line":26,"column":null}}]}},"s":{"0":5,"1":5,"2":1,"3":2,"4":1,"5":5},"f":{"0":1,"1":2},"b":{"0":[2,0]}}
,"/Users/dannydavies/Documents/tfn/fares-data-build-tool/repos/fdbt-site/src/components/CsrfForm.tsx": {"path":"/Users/dannydavies/Documents/tfn/fares-data-build-tool/repos/fdbt-site/src/components/CsrfForm.tsx","statementMap":{"0":{"start":{"line":1,"column":0},"end":{"line":1,"column":null}},"1":{"start":{"line":11,"column":17},"end":{"line":13,"column":10}},"2":{"start":{"line":13,"column":4},"end":{"line":13,"column":10}},"3":{"start":{"line":18,"column":0},"end":{"line":18,"column":15}}},"fnMap":{"0":{"name":"(anonymous_1)","decl":{"start":{"line":11,"column":17},"end":{"line":11,"column":18}},"loc":{"start":{"line":13,"column":4},"end":{"line":13,"column":10}}}},"branchMap":{},"s":{"0":108,"1":108,"2":5,"3":108},"f":{"0":5},"b":{}}
,"/Users/dannydavies/Documents/tfn/fares-data-build-tool/repos/fdbt-site/src/components/DirectionDropdown.tsx": {"path":"/Users/dannydavies/Documents/tfn/fares-data-build-tool/repos/fdbt-site/src/components/DirectionDropdown.tsx","statementMap":{"0":{"start":{"line":1,"column":0},"end":{"line":1,"column":null}},"1":{"start":{"line":4,"column":0},"end":{"line":4,"column":null}},"2":{"start":{"line":18,"column":26},"end":{"line":67,"column":null}},"3":{"start":{"line":29,"column":24},"end":{"line":29,"column":null}},"4":{"start":{"line":31,"column":4},"end":{"line":35,"column":null}},"5":{"start":{"line":32,"column":8},"end":{"line":32,"column":21}},"6":{"start":{"line":33,"column":11},"end":{"line":35,"column":null}},"7":{"start":{"line":34,"column":8},"end":{"line":34,"column":21}},"8":{"start":{"line":37,"column":4},"end":{"line":37,"column":null}},"9":{"start":{"line":53,"column":24},"end":{"line":53,"column":null}},"10":{"start":{"line":69,"column":0},"end":{"line":69,"column":15}}},"fnMap":{"0":{"name":"(anonymous_1)","decl":{"start":{"line":18,"column":26},"end":{"line":18,"column":27}},"loc":{"start":{"line":28,"column":35},"end":{"line":67,"column":null}}},"1":{"name":"(anonymous_2)","decl":{"start":{"line":52,"column":41},"end":{"line":52,"column":42}},"loc":{"start":{"line":52,"column":63},"end":{"line":62,"column":null}}}},"branchMap":{"0":{"loc":{"start":{"line":21,"column":20},"end":{"line":21,"column":null}},"type":"default-arg","locations":[{"start":{"line":21,"column":20},"end":{"line":21,"column":null}}]},"1":{"loc":{"start":{"line":27,"column":16},"end":{"line":27,"column":null}},"type":"default-arg","locations":[{"start":{"line":27,"column":16},"end":{"line":27,"column":null}}]},"2":{"loc":{"start":{"line":31,"column":4},"end":{"line":35,"column":null}},"type":"if","locations":[{"start":{"line":31,"column":4},"end":{"line":35,"column":null}},{"start":{"line":31,"column":4},"end":{"line":35,"column":null}}]},"3":{"loc":{"start":{"line":33,"column":11},"end":{"line":35,"column":null}},"type":"if","locations":[{"start":{"line":33,"column":11},"end":{"line":35,"column":null}},{"start":{"line":33,"column":11},"end":{"line":35,"column":null}}]},"4":{"loc":{"start":{"line":39,"column":57},"end":{"line":39,"column":83}},"type":"cond-expr","locations":[{"start":{"line":39,"column":57},"end":{"line":39,"column":83}},{"start":{"line":39,"column":83},"end":{"line":39,"column":85}}]},"5":{"loc":{"start":{"line":44,"column":47},"end":{"line":44,"column":56}},"type":"binary-expr","locations":[{"start":{"line":44,"column":47},"end":{"line":44,"column":56}},{"start":{"line":44,"column":60},"end":{"line":44,"column":62}}]}},"s":{"0":4,"1":4,"2":4,"3":5,"4":5,"5":0,"6":5,"7":1,"8":5,"9":10,"10":4},"f":{"0":5,"1":10},"b":{"0":[0],"1":[4],"2":[0,5],"3":[1,4],"4":[1,4],"5":[5,5]}}
,"/Users/dannydavies/Documents/tfn/fares-data-build-tool/repos/fdbt-site/src/components/ErrorSummary.tsx": {"path":"/Users/dannydavies/Documents/tfn/fares-data-build-tool/repos/fdbt-site/src/components/ErrorSummary.tsx","statementMap":{"0":{"start":{"line":1,"column":0},"end":{"line":1,"column":null}},"1":{"start":{"line":8,"column":21},"end":{"line":35,"column":null}},"2":{"start":{"line":9,"column":4},"end":{"line":11,"column":null}},"3":{"start":{"line":10,"column":8},"end":{"line":10,"column":15}},"4":{"start":{"line":13,"column":4},"end":{"line":13,"column":null}},"5":{"start":{"line":27,"column":24},"end":{"line":27,"column":28}},"6":{"start":{"line":37,"column":0},"end":{"line":37,"column":15}}},"fnMap":{"0":{"name":"(anonymous_1)","decl":{"start":{"line":8,"column":21},"end":{"line":8,"column":22}},"loc":{"start":{"line":8,"column":71},"end":{"line":35,"column":null}}},"1":{"name":"(anonymous_2)","decl":{"start":{"line":26,"column":32},"end":{"line":26,"column":37}},"loc":{"start":{"line":27,"column":24},"end":{"line":27,"column":28}}}},"branchMap":{"0":{"loc":{"start":{"line":9,"column":4},"end":{"line":11,"column":null}},"type":"if","locations":[{"start":{"line":9,"column":4},"end":{"line":11,"column":null}},{"start":{"line":9,"column":4},"end":{"line":11,"column":null}}]},"1":{"loc":{"start":{"line":9,"column":8},"end":{"line":9,"column":19}},"type":"binary-expr","locations":[{"start":{"line":9,"column":8},"end":{"line":9,"column":19}},{"start":{"line":9,"column":19},"end":{"line":9,"column":40}}]}},"s":{"0":102,"1":102,"2":5,"3":5,"4":0,"5":0,"6":102},"f":{"0":5,"1":0},"b":{"0":[5,0],"1":[5,5]}}
,"/Users/dannydavies/Documents/tfn/fares-data-build-tool/repos/fdbt-site/src/components/FareTypeRadios.tsx": {"path":"/Users/dannydavies/Documents/tfn/fares-data-build-tool/repos/fdbt-site/src/components/FareTypeRadios.tsx","statementMap":{"0":{"start":{"line":1,"column":0},"end":{"line":1,"column":null}},"1":{"start":{"line":13,"column":23},"end":{"line":67,"column":null}},"2":{"start":{"line":14,"column":25},"end":{"line":14,"column":null}},"3":{"start":{"line":15,"column":4},"end":{"line":15,"column":null}},"4":{"start":{"line":24,"column":20},"end":{"line":24,"column":25}},"5":{"start":{"line":46,"column":28},"end":{"line":46,"column":33}},"6":{"start":{"line":69,"column":0},"end":{"line":69,"column":15}}},"fnMap":{"0":{"name":"(anonymous_1)","decl":{"start":{"line":13,"column":23},"end":{"line":13,"column":24}},"loc":{"start":{"line":13,"column":96},"end":{"line":67,"column":null}}},"1":{"name":"(anonymous_2)","decl":{"start":{"line":23,"column":35},"end":{"line":23,"column":47}},"loc":{"start":{"line":24,"column":20},"end":{"line":24,"column":25}}},"2":{"name":"(anonymous_3)","decl":{"start":{"line":45,"column":40},"end":{"line":45,"column":49}},"loc":{"start":{"line":46,"column":28},"end":{"line":46,"column":33}}}},"branchMap":{"0":{"loc":{"start":{"line":13,"column":54},"end":{"line":13,"column":96}},"type":"default-arg","locations":[{"start":{"line":13,"column":54},"end":{"line":13,"column":96}}]},"1":{"loc":{"start":{"line":14,"column":25},"end":{"line":14,"column":53}},"type":"binary-expr","locations":[{"start":{"line":14,"column":25},"end":{"line":14,"column":53}},{"start":{"line":14,"column":53},"end":{"line":14,"column":null}}]},"2":{"loc":{"start":{"line":18,"column":16},"end":{"line":18,"column":20}},"type":"cond-expr","locations":[{"start":{"line":18,"column":16},"end":{"line":18,"column":20}},{"start":{"line":21,"column":16},"end":{"line":21,"column":null}}]},"3":{"loc":{"start":{"line":41,"column":20},"end":{"line":41,"column":null}},"type":"cond-expr","locations":[{"start":{"line":41,"column":20},"end":{"line":41,"column":null}},{"start":{"line":63,"column":20},"end":{"line":63,"column":null}}]}},"s":{"0":3,"1":3,"2":2,"3":2,"4":8,"5":2,"6":3},"f":{"0":2,"1":8,"2":2},"b":{"0":[1],"1":[2,2],"2":[1,1],"3":[1,1]}}
,"/Users/dannydavies/Documents/tfn/fares-data-build-tool/repos/fdbt-site/src/components/FileAttachment.tsx": {"path":"/Users/dannydavies/Documents/tfn/fares-data-build-tool/repos/fdbt-site/src/components/FileAttachment.tsx","statementMap":{"0":{"start":{"line":1,"column":0},"end":{"line":1,"column":null}},"1":{"start":{"line":10,"column":48},"end":{"line":16,"column":13}},"2":{"start":{"line":16,"column":4},"end":{"line":16,"column":13}},"3":{"start":{"line":35,"column":0},"end":{"line":35,"column":15}}},"fnMap":{"0":{"name":"(anonymous_1)","decl":{"start":{"line":10,"column":48},"end":{"line":10,"column":49}},"loc":{"start":{"line":16,"column":4},"end":{"line":16,"column":13}}}},"branchMap":{},"s":{"0":88,"1":88,"2":0,"3":88},"f":{"0":0},"b":{}}
,"/Users/dannydavies/Documents/tfn/fares-data-build-tool/repos/fdbt-site/src/components/FormElementWrapper.tsx": {"path":"/Users/dannydavies/Documents/tfn/fares-data-build-tool/repos/fdbt-site/src/components/FormElementWrapper.tsx","statementMap":{"0":{"start":{"line":1,"column":0},"end":{"line":1,"column":null}},"1":{"start":{"line":19,"column":24},"end":{"line":20,"column":10}},"2":{"start":{"line":20,"column":4},"end":{"line":20,"column":10}},"3":{"start":{"line":25,"column":13},"end":{"line":25,"column":32}},"4":{"start":{"line":26,"column":28},"end":{"line":26,"column":34}},"5":{"start":{"line":26,"column":47},"end":{"line":26,"column":null}},"6":{"start":{"line":28,"column":4},"end":{"line":28,"column":11}},"7":{"start":{"line":31,"column":27},"end":{"line":55,"column":null}},"8":{"start":{"line":39,"column":28},"end":{"line":39,"column":34}},"9":{"start":{"line":39,"column":47},"end":{"line":39,"column":null}},"10":{"start":{"line":41,"column":4},"end":{"line":41,"column":null}},"11":{"start":{"line":51,"column":72},"end":{"line":51,"column":88}},"12":{"start":{"line":57,"column":0},"end":{"line":57,"column":15}}},"fnMap":{"0":{"name":"(anonymous_1)","decl":{"start":{"line":19,"column":24},"end":{"line":19,"column":25}},"loc":{"start":{"line":20,"column":4},"end":{"line":20,"column":10}}},"1":{"name":"(anonymous_2)","decl":{"start":{"line":25,"column":32},"end":{"line":25,"column":33}},"loc":{"start":{"line":25,"column":103},"end":{"line":29,"column":null}}},"2":{"name":"(anonymous_3)","decl":{"start":{"line":26,"column":40},"end":{"line":26,"column":43}},"loc":{"start":{"line":26,"column":47},"end":{"line":26,"column":null}}},"3":{"name":"(anonymous_4)","decl":{"start":{"line":31,"column":27},"end":{"line":31,"column":28}},"loc":{"start":{"line":38,"column":44},"end":{"line":55,"column":null}}},"4":{"name":"(anonymous_5)","decl":{"start":{"line":39,"column":40},"end":{"line":39,"column":43}},"loc":{"start":{"line":39,"column":47},"end":{"line":39,"column":null}}},"5":{"name":"(anonymous_6)","decl":{"start":{"line":51,"column":48},"end":{"line":51,"column":72}},"loc":{"start":{"line":51,"column":72},"end":{"line":51,"column":88}}}},"branchMap":{"0":{"loc":{"start":{"line":21,"column":43},"end":{"line":21,"column":86}},"type":"cond-expr","locations":[{"start":{"line":21,"column":43},"end":{"line":21,"column":86}},{"start":{"line":21,"column":86},"end":{"line":21,"column":null}}]},"1":{"loc":{"start":{"line":28,"column":65},"end":{"line":28,"column":93}},"type":"cond-expr","locations":[{"start":{"line":28,"column":65},"end":{"line":28,"column":93}},{"start":{"line":28,"column":93},"end":{"line":28,"column":95}}]},"2":{"loc":{"start":{"line":42,"column":63},"end":{"line":42,"column":91}},"type":"cond-expr","locations":[{"start":{"line":42,"column":63},"end":{"line":42,"column":91}},{"start":{"line":42,"column":91},"end":{"line":42,"column":null}}]},"3":{"loc":{"start":{"line":42,"column":24},"end":{"line":42,"column":41}},"type":"binary-expr","locations":[{"start":{"line":42,"column":24},"end":{"line":42,"column":41}},{"start":{"line":42,"column":45},"end":{"line":42,"column":63}}]},"4":{"loc":{"start":{"line":43,"column":13},"end":{"line":43,"column":28}},"type":"binary-expr","locations":[{"start":{"line":43,"column":13},"end":{"line":43,"column":28}},{"start":{"line":43,"column":32},"end":{"line":43,"column":null}},{"start":{"line":44,"column":16},"end":{"line":44,"column":22}}]},"5":{"loc":{"start":{"line":51,"column":18},"end":{"line":51,"column":24}},"type":"cond-expr","locations":[{"start":{"line":51,"column":18},"end":{"line":51,"column":24}},{"start":{"line":52,"column":18},"end":{"line":52,"column":null}}]}},"s":{"0":105,"1":105,"2":7,"3":105,"4":0,"5":0,"6":0,"7":105,"8":15,"9":8,"10":15,"11":7,"12":105},"f":{"0":7,"1":0,"2":0,"3":15,"4":8,"5":7},"b":{"0":[2,5],"1":[0,0],"2":[0,15],"3":[15,0],"4":[15,7,7],"5":[7,8]}}
,"/Users/dannydavies/Documents/tfn/fares-data-build-tool/repos/fdbt-site/src/components/Help.tsx": {"path":"/Users/dannydavies/Documents/tfn/fares-data-build-tool/repos/fdbt-site/src/components/Help.tsx","statementMap":{"0":{"start":{"line":1,"column":0},"end":{"line":1,"column":null}},"1":{"start":{"line":3,"column":13},"end":{"line":17,"column":null}},"2":{"start":{"line":4,"column":4},"end":{"line":4,"column":null}},"3":{"start":{"line":19,"column":0},"end":{"line":19,"column":15}}},"fnMap":{"0":{"name":"(anonymous_1)","decl":{"start":{"line":3,"column":13},"end":{"line":3,"column":32}},"loc":{"start":{"line":3,"column":32},"end":{"line":17,"column":null}}}},"branchMap":{},"s":{"0":118,"1":118,"2":11,"3":118},"f":{"0":11},"b":{}}
,"/Users/dannydavies/Documents/tfn/fares-data-build-tool/repos/fdbt-site/src/components/InsetText.tsx": {"path":"/Users/dannydavies/Documents/tfn/fares-data-build-tool/repos/fdbt-site/src/components/InsetText.tsx","statementMap":{"0":{"start":{"line":1,"column":0},"end":{"line":1,"column":null}},"1":{"start":{"line":7,"column":18},"end":{"line":9,"column":null}},"2":{"start":{"line":8,"column":4},"end":{"line":8,"column":11}},"3":{"start":{"line":11,"column":0},"end":{"line":11,"column":15}}},"fnMap":{"0":{"name":"(anonymous_1)","decl":{"start":{"line":7,"column":18},"end":{"line":7,"column":19}},"loc":{"start":{"line":7,"column":61},"end":{"line":9,"column":null}}}},"branchMap":{},"s":{"0":3,"1":3,"2":1,"3":3},"f":{"0":1},"b":{}}
,"/Users/dannydavies/Documents/tfn/fares-data-build-tool/repos/fdbt-site/src/components/MatchingBase.tsx": {"path":"/Users/dannydavies/Documents/tfn/fares-data-build-tool/repos/fdbt-site/src/components/MatchingBase.tsx","statementMap":{"0":{"start":{"line":2,"column":0},"end":{"line":2,"column":null}},"1":{"start":{"line":3,"column":0},"end":{"line":3,"column":null}},"2":{"start":{"line":4,"column":0},"end":{"line":4,"column":null}},"3":{"start":{"line":5,"column":0},"end":{"line":5,"column":null}},"4":{"start":{"line":9,"column":0},"end":{"line":9,"column":null}},"5":{"start":{"line":10,"column":0},"end":{"line":10,"column":null}},"6":{"start":{"line":37,"column":13},"end":{"line":37,"column":35}},"7":{"start":{"line":42,"column":18},"end":{"line":42,"column":22}},"8":{"start":{"line":44,"column":32},"end":{"line":44,"column":null}},"9":{"start":{"line":45,"column":12},"end":{"line":45,"column":30}},"10":{"start":{"line":46,"column":16},"end":{"line":48,"column":null}},"11":{"start":{"line":47,"column":20},"end":{"line":47,"column":33}},"12":{"start":{"line":51,"column":12},"end":{"line":51,"column":19}},"13":{"start":{"line":58,"column":85},"end":{"line":58,"column":null}},"14":{"start":{"line":62,"column":4},"end":{"line":62,"column":11}},"15":{"start":{"line":65,"column":13},"end":{"line":65,"column":49}},"16":{"start":{"line":70,"column":4},"end":{"line":70,"column":9}},"17":{"start":{"line":75,"column":34},"end":{"line":75,"column":57}},"18":{"start":{"line":83,"column":34},"end":{"line":83,"column":64}},"19":{"start":{"line":90,"column":21},"end":{"line":292,"column":null}},"20":{"start":{"line":104,"column":32},"end":{"line":104,"column":null}},"21":{"start":{"line":106,"column":43},"end":{"line":106,"column":64}},"22":{"start":{"line":107,"column":41},"end":{"line":107,"column":50}},"23":{"start":{"line":109,"column":36},"end":{"line":125,"column":null}},"24":{"start":{"line":110,"column":29},"end":{"line":110,"column":33}},"25":{"start":{"line":112,"column":16},"end":{"line":120,"column":null}},"26":{"start":{"line":113,"column":40},"end":{"line":113,"column":42}},"27":{"start":{"line":115,"column":20},"end":{"line":117,"column":null}},"28":{"start":{"line":116,"column":24},"end":{"line":116,"column":40}},"29":{"start":{"line":116,"column":85},"end":{"line":116,"column":null}},"30":{"start":{"line":119,"column":20},"end":{"line":119,"column":27}},"31":{"start":{"line":121,"column":16},"end":{"line":121,"column":23}},"32":{"start":{"line":124,"column":8},"end":{"line":124,"column":23}},"33":{"start":{"line":127,"column":36},"end":{"line":132,"column":null}},"34":{"start":{"line":128,"column":8},"end":{"line":128,"column":13}},"35":{"start":{"line":129,"column":29},"end":{"line":129,"column":33}},"36":{"start":{"line":129,"column":65},"end":{"line":129,"column":67}},"37":{"start":{"line":130,"column":8},"end":{"line":130,"column":23}},"38":{"start":{"line":131,"column":8},"end":{"line":131,"column":24}},"39":{"start":{"line":134,"column":43},"end":{"line":176,"column":null}},"40":{"start":{"line":135,"column":8},"end":{"line":135,"column":13}},"41":{"start":{"line":136,"column":35},"end":{"line":136,"column":null}},"42":{"start":{"line":138,"column":8},"end":{"line":175,"column":null}},"43":{"start":{"line":139,"column":30},"end":{"line":139,"column":41}},"44":{"start":{"line":140,"column":33},"end":{"line":140,"column":37}},"45":{"start":{"line":142,"column":20},"end":{"line":147,"column":null}},"46":{"start":{"line":143,"column":24},"end":{"line":143,"column":31}},"47":{"start":{"line":148,"column":20},"end":{"line":148,"column":36}},"48":{"start":{"line":149,"column":20},"end":{"line":149,"column":27}},"49":{"start":{"line":152,"column":12},"end":{"line":152,"column":27}},"50":{"start":{"line":153,"column":15},"end":{"line":175,"column":null}},"51":{"start":{"line":154,"column":47},"end":{"line":154,"column":48}},"52":{"start":{"line":155,"column":12},"end":{"line":170,"column":null}},"53":{"start":{"line":155,"column":25},"end":{"line":155,"column":28}},"54":{"start":{"line":156,"column":41},"end":{"line":156,"column":52}},"55":{"start":{"line":157,"column":38},"end":{"line":157,"column":49}},"56":{"start":{"line":158,"column":16},"end":{"line":169,"column":null}},"57":{"start":{"line":159,"column":28},"end":{"line":159,"column":null}},"58":{"start":{"line":163,"column":20},"end":{"line":168,"column":null}},"59":{"start":{"line":164,"column":24},"end":{"line":164,"column":38}},"60":{"start":{"line":172,"column":33},"end":{"line":172,"column":37}},"61":{"start":{"line":173,"column":12},"end":{"line":173,"column":27}},"62":{"start":{"line":174,"column":12},"end":{"line":174,"column":28}},"63":{"start":{"line":178,"column":4},"end":{"line":180,"column":null}},"64":{"start":{"line":179,"column":8},"end":{"line":179,"column":14}},"65":{"start":{"line":182,"column":4},"end":{"line":182,"column":null}},"66":{"start":{"line":238,"column":44},"end":{"line":238,"column":48}},"67":{"start":{"line":256,"column":60},"end":{"line":256,"column":84}},"68":{"start":{"line":263,"column":60},"end":{"line":263,"column":null}},"69":{"start":{"line":294,"column":0},"end":{"line":294,"column":15}}},"fnMap":{"0":{"name":"(anonymous_7)","decl":{"start":{"line":37,"column":35},"end":{"line":37,"column":null}},"loc":{"start":{"line":41,"column":19},"end":{"line":63,"column":null}}},"1":{"name":"(anonymous_8)","decl":{"start":{"line":43,"column":18},"end":{"line":43,"column":19}},"loc":{"start":{"line":43,"column":34},"end":{"line":60,"column":null}}},"2":{"name":"(anonymous_9)","decl":{"start":{"line":45,"column":39},"end":{"line":45,"column":53}},"loc":{"start":{"line":45,"column":56},"end":{"line":49,"column":null}}},"3":{"name":"(anonymous_10)","decl":{"start":{"line":58,"column":64},"end":{"line":58,"column":85}},"loc":{"start":{"line":58,"column":85},"end":{"line":58,"column":null}}},"4":{"name":"(anonymous_11)","decl":{"start":{"line":65,"column":49},"end":{"line":65,"column":null}},"loc":{"start":{"line":70,"column":4},"end":{"line":70,"column":9}}},"5":{"name":"(anonymous_12)","decl":{"start":{"line":75,"column":22},"end":{"line":75,"column":34}},"loc":{"start":{"line":75,"column":34},"end":{"line":75,"column":57}}},"6":{"name":"(anonymous_13)","decl":{"start":{"line":83,"column":22},"end":{"line":83,"column":34}},"loc":{"start":{"line":83,"column":34},"end":{"line":83,"column":64}}},"7":{"name":"(anonymous_14)","decl":{"start":{"line":90,"column":21},"end":{"line":90,"column":22}},"loc":{"start":{"line":103,"column":38},"end":{"line":292,"column":null}}},"8":{"name":"(anonymous_15)","decl":{"start":{"line":109,"column":36},"end":{"line":109,"column":37}},"loc":{"start":{"line":109,"column":91},"end":{"line":125,"column":null}}},"9":{"name":"(anonymous_16)","decl":{"start":{"line":111,"column":31},"end":{"line":111,"column":35}},"loc":{"start":{"line":111,"column":38},"end":{"line":122,"column":null}}},"10":{"name":"(anonymous_17)","decl":{"start":{"line":116,"column":75},"end":{"line":116,"column":76}},"loc":{"start":{"line":116,"column":85},"end":{"line":116,"column":null}}},"11":{"name":"(anonymous_18)","decl":{"start":{"line":127,"column":36},"end":{"line":127,"column":100}},"loc":{"start":{"line":127,"column":100},"end":{"line":132,"column":null}}},"12":{"name":"(anonymous_19)","decl":{"start":{"line":129,"column":56},"end":{"line":129,"column":60}},"loc":{"start":{"line":129,"column":65},"end":{"line":129,"column":67}}},"13":{"name":"(anonymous_20)","decl":{"start":{"line":134,"column":43},"end":{"line":134,"column":107}},"loc":{"start":{"line":134,"column":107},"end":{"line":176,"column":null}}},"14":{"name":"(anonymous_21)","decl":{"start":{"line":141,"column":35},"end":{"line":141,"column":39}},"loc":{"start":{"line":141,"column":42},"end":{"line":150,"column":null}}},"15":{"name":"(anonymous_22)","decl":{"start":{"line":237,"column":60},"end":{"line":237,"column":64}},"loc":{"start":{"line":238,"column":44},"end":{"line":238,"column":48}}},"16":{"name":"(anonymous_23)","decl":{"start":{"line":255,"column":67},"end":{"line":255,"column":null}},"loc":{"start":{"line":256,"column":60},"end":{"line":256,"column":84}}},"17":{"name":"(anonymous_24)","decl":{"start":{"line":262,"column":82},"end":{"line":262,"column":88}},"loc":{"start":{"line":262,"column":91},"end":{"line":268,"column":null}}}},"branchMap":{"0":{"loc":{"start":{"line":46,"column":16},"end":{"line":48,"column":null}},"type":"if","locations":[{"start":{"line":46,"column":16},"end":{"line":48,"column":null}},{"start":{"line":46,"column":16},"end":{"line":48,"column":null}}]},"1":{"loc":{"start":{"line":46,"column":20},"end":{"line":46,"column":59}},"type":"binary-expr","locations":[{"start":{"line":46,"column":20},"end":{"line":46,"column":59}},{"start":{"line":46,"column":59},"end":{"line":46,"column":85}}]},"2":{"loc":{"start":{"line":112,"column":16},"end":{"line":120,"column":null}},"type":"if","locations":[{"start":{"line":112,"column":16},"end":{"line":120,"column":null}},{"start":{"line":112,"column":16},"end":{"line":120,"column":null}}]},"3":{"loc":{"start":{"line":115,"column":20},"end":{"line":117,"column":null}},"type":"if","locations":[{"start":{"line":115,"column":20},"end":{"line":117,"column":null}},{"start":{"line":115,"column":20},"end":{"line":117,"column":null}}]},"4":{"loc":{"start":{"line":138,"column":8},"end":{"line":175,"column":null}},"type":"if","locations":[{"start":{"line":138,"column":8},"end":{"line":175,"column":null}},{"start":{"line":138,"column":8},"end":{"line":175,"column":null}}]},"5":{"loc":{"start":{"line":142,"column":20},"end":{"line":147,"column":null}},"type":"if","locations":[{"start":{"line":142,"column":20},"end":{"line":147,"column":null}},{"start":{"line":142,"column":20},"end":{"line":147,"column":null}}]},"6":{"loc":{"start":{"line":142,"column":24},"end":{"line":142,"column":57}},"type":"binary-expr","locations":[{"start":{"line":142,"column":24},"end":{"line":142,"column":57}},{"start":{"line":142,"column":57},"end":{"line":142,"column":84}}]},"7":{"loc":{"start":{"line":153,"column":15},"end":{"line":175,"column":null}},"type":"if","locations":[{"start":{"line":153,"column":15},"end":{"line":175,"column":null}},{"start":{"line":153,"column":15},"end":{"line":175,"column":null}}]},"8":{"loc":{"start":{"line":160,"column":41},"end":{"line":160,"column":63}},"type":"cond-expr","locations":[{"start":{"line":160,"column":41},"end":{"line":160,"column":63}},{"start":{"line":160,"column":63},"end":{"line":160,"column":null}}]},"9":{"loc":{"start":{"line":163,"column":20},"end":{"line":168,"column":null}},"type":"if","locations":[{"start":{"line":163,"column":20},"end":{"line":168,"column":null}},{"start":{"line":163,"column":20},"end":{"line":168,"column":null}}]},"10":{"loc":{"start":{"line":178,"column":4},"end":{"line":180,"column":null}},"type":"if","locations":[{"start":{"line":178,"column":4},"end":{"line":180,"column":null}},{"start":{"line":178,"column":4},"end":{"line":180,"column":null}}]},"11":{"loc":{"start":{"line":187,"column":63},"end":{"line":187,"column":92}},"type":"cond-expr","locations":[{"start":{"line":187,"column":63},"end":{"line":187,"column":92}},{"start":{"line":187,"column":92},"end":{"line":187,"column":94}}]}},"s":{"0":4,"1":4,"2":4,"3":4,"4":4,"5":4,"6":4,"7":28,"8":420,"9":420,"10":420,"11":28,"12":420,"13":3360,"14":28,"15":4,"16":53,"17":1,"18":2,"19":4,"20":26,"21":26,"22":26,"23":26,"24":4,"25":60,"26":4,"27":4,"28":4,"29":1,"30":4,"31":56,"32":4,"33":26,"34":1,"35":1,"36":15,"37":1,"38":1,"39":26,"40":2,"41":2,"42":2,"43":1,"44":1,"45":15,"46":9,"47":6,"48":6,"49":1,"50":1,"51":1,"52":1,"53":1,"54":2,"55":2,"56":2,"57":2,"58":10,"59":8,"60":1,"61":1,"62":1,"63":26,"64":0,"65":26,"66":390,"67":4,"68":3120,"69":4},"f":{"0":28,"1":420,"2":420,"3":3360,"4":53,"5":1,"6":2,"7":26,"8":4,"9":60,"10":1,"11":1,"12":15,"13":2,"14":15,"15":390,"16":4,"17":3120},"b":{"0":[28,392],"1":[420,420],"2":[4,56],"3":[4,0],"4":[1,1],"5":[9,6],"6":[15,10],"7":[1,0],"8":[5,7],"9":[8,2],"10":[0,26],"11":[0,26]}}
,"/Users/dannydavies/Documents/tfn/fares-data-build-tool/repos/fdbt-site/src/components/Pagination.tsx": {"path":"/Users/dannydavies/Documents/tfn/fares-data-build-tool/repos/fdbt-site/src/components/Pagination.tsx","statementMap":{"0":{"start":{"line":1,"column":0},"end":{"line":1,"column":null}},"1":{"start":{"line":10,"column":19},"end":{"line":74,"column":null}},"2":{"start":{"line":11,"column":23},"end":{"line":24,"column":null}},"3":{"start":{"line":12,"column":20},"end":{"line":12,"column":null}},"4":{"start":{"line":13,"column":18},"end":{"line":13,"column":null}},"5":{"start":{"line":15,"column":8},"end":{"line":17,"column":null}},"6":{"start":{"line":16,"column":12},"end":{"line":16,"column":15}},"7":{"start":{"line":19,"column":8},"end":{"line":21,"column":null}},"8":{"start":{"line":20,"column":12},"end":{"line":20,"column":17}},"9":{"start":{"line":23,"column":8},"end":{"line":23,"column":15}},"10":{"start":{"line":26,"column":26},"end":{"line":26,"column":30}},"11":{"start":{"line":27,"column":25},"end":{"line":27,"column":null}},"12":{"start":{"line":28,"column":21},"end":{"line":28,"column":null}},"13":{"start":{"line":30,"column":4},"end":{"line":30,"column":null}},"14":{"start":{"line":50,"column":20},"end":{"line":50,"column":24}},"15":{"start":{"line":76,"column":0},"end":{"line":76,"column":15}}},"fnMap":{"0":{"name":"(anonymous_1)","decl":{"start":{"line":10,"column":19},"end":{"line":10,"column":20}},"loc":{"start":{"line":10,"column":108},"end":{"line":74,"column":null}}},"1":{"name":"(anonymous_2)","decl":{"start":{"line":11,"column":23},"end":{"line":11,"column":36}},"loc":{"start":{"line":11,"column":36},"end":{"line":24,"column":null}}},"2":{"name":"(anonymous_3)","decl":{"start":{"line":48,"column":47},"end":{"line":48,"column":48}},"loc":{"start":{"line":50,"column":20},"end":{"line":50,"column":24}}}},"branchMap":{"0":{"loc":{"start":{"line":15,"column":8},"end":{"line":17,"column":null}},"type":"if","locations":[{"start":{"line":15,"column":8},"end":{"line":17,"column":null}},{"start":{"line":15,"column":8},"end":{"line":17,"column":null}}]},"1":{"loc":{"start":{"line":19,"column":8},"end":{"line":21,"column":null}},"type":"if","locations":[{"start":{"line":19,"column":8},"end":{"line":21,"column":null}},{"start":{"line":19,"column":8},"end":{"line":21,"column":null}}]},"2":{"loc":{"start":{"line":34,"column":17},"end":{"line":34,"column":null}},"type":"binary-expr","locations":[{"start":{"line":34,"column":17},"end":{"line":34,"column":null}},{"start":{"line":35,"column":20},"end":{"line":35,"column":24}}]},"3":{"loc":{"start":{"line":52,"column":83},"end":{"line":52,"column":95}},"type":"cond-expr","locations":[{"start":{"line":52,"column":83},"end":{"line":52,"column":95}},{"start":{"line":52,"column":95},"end":{"line":52,"column":97}}]},"4":{"loc":{"start":{"line":54,"column":66},"end":{"line":54,"column":75}},"type":"cond-expr","locations":[{"start":{"line":54,"column":66},"end":{"line":54,"column":75}},{"start":{"line":54,"column":75},"end":{"line":54,"column":82}}]},"5":{"loc":{"start":{"line":55,"column":56},"end":{"line":55,"column":81}},"type":"binary-expr","locations":[{"start":{"line":55,"column":56},"end":{"line":55,"column":81}},{"start":{"line":55,"column":81},"end":{"line":55,"column":97}}]},"6":{"loc":{"start":{"line":61,"column":17},"end":{"line":61,"column":null}},"type":"binary-expr","locations":[{"start":{"line":61,"column":17},"end":{"line":61,"column":null}},{"start":{"line":62,"column":20},"end":{"line":62,"column":24}}]}},"s":{"0":2,"1":2,"2":10,"3":10,"4":10,"5":10,"6":1,"7":10,"8":0,"9":10,"10":10,"11":10,"12":10,"13":10,"14":58,"15":2},"f":{"0":10,"1":10,"2":58},"b":{"0":[1,9],"1":[0,10],"2":[10,5],"3":[10,48],"4":[10,48],"5":[58,10],"6":[10,7]}}
,"/Users/dannydavies/Documents/tfn/fares-data-build-tool/repos/fdbt-site/src/components/ProductRow.tsx": {"path":"/Users/dannydavies/Documents/tfn/fares-data-build-tool/repos/fdbt-site/src/components/ProductRow.tsx","statementMap":{"0":{"start":{"line":1,"column":0},"end":{"line":1,"column":null}},"1":{"start":{"line":3,"column":0},"end":{"line":3,"column":null}},"2":{"start":{"line":12,"column":13},"end":{"line":12,"column":30}},"3":{"start":{"line":13,"column":4},"end":{"line":13,"column":11}},"4":{"start":{"line":16,"column":13},"end":{"line":16,"column":27}},"5":{"start":{"line":17,"column":4},"end":{"line":17,"column":14}},"6":{"start":{"line":155,"column":13},"end":{"line":155,"column":26}},"7":{"start":{"line":160,"column":37},"end":{"line":160,"column":null}},"8":{"start":{"line":161,"column":4},"end":{"line":163,"column":null}},"9":{"start":{"line":161,"column":17},"end":{"line":161,"column":20}},"10":{"start":{"line":162,"column":8},"end":{"line":162,"column":16}},"11":{"start":{"line":164,"column":4},"end":{"line":164,"column":11}},"12":{"start":{"line":167,"column":19},"end":{"line":174,"column":null}},"13":{"start":{"line":168,"column":4},"end":{"line":168,"column":null}},"14":{"start":{"line":176,"column":0},"end":{"line":176,"column":15}}},"fnMap":{"0":{"name":"(anonymous_7)","decl":{"start":{"line":12,"column":30},"end":{"line":12,"column":49}},"loc":{"start":{"line":12,"column":49},"end":{"line":14,"column":null}}},"1":{"name":"(anonymous_8)","decl":{"start":{"line":16,"column":27},"end":{"line":16,"column":28}},"loc":{"start":{"line":17,"column":4},"end":{"line":17,"column":14}}},"2":{"name":"(anonymous_9)","decl":{"start":{"line":155,"column":26},"end":{"line":155,"column":null}},"loc":{"start":{"line":159,"column":20},"end":{"line":165,"column":null}}},"3":{"name":"(anonymous_10)","decl":{"start":{"line":167,"column":19},"end":{"line":167,"column":20}},"loc":{"start":{"line":167,"column":108},"end":{"line":174,"column":null}}}},"branchMap":{"0":{"loc":{"start":{"line":16,"column":92},"end":{"line":16,"column":null}},"type":"default-arg","locations":[{"start":{"line":16,"column":92},"end":{"line":16,"column":null}}]},"1":{"loc":{"start":{"line":45,"column":69},"end":{"line":45,"column":100}},"type":"cond-expr","locations":[{"start":{"line":45,"column":69},"end":{"line":45,"column":100}},{"start":{"line":45,"column":100},"end":{"line":45,"column":null}}]},"2":{"loc":{"start":{"line":78,"column":77},"end":{"line":78,"column":109}},"type":"cond-expr","locations":[{"start":{"line":78,"column":77},"end":{"line":78,"column":109}},{"start":{"line":78,"column":109},"end":{"line":78,"column":null}}]},"3":{"loc":{"start":{"line":110,"column":69},"end":{"line":110,"column":104}},"type":"cond-expr","locations":[{"start":{"line":110,"column":69},"end":{"line":110,"column":104}},{"start":{"line":110,"column":104},"end":{"line":110,"column":null}}]},"4":{"loc":{"start":{"line":136,"column":69},"end":{"line":136,"column":109}},"type":"cond-expr","locations":[{"start":{"line":136,"column":69},"end":{"line":136,"column":109}},{"start":{"line":136,"column":109},"end":{"line":136,"column":null}}]},"5":{"loc":{"start":{"line":158,"column":32},"end":{"line":158,"column":null}},"type":"default-arg","locations":[{"start":{"line":158,"column":32},"end":{"line":158,"column":null}}]},"6":{"loc":{"start":{"line":167,"column":69},"end":{"line":167,"column":108}},"type":"default-arg","locations":[{"start":{"line":167,"column":69},"end":{"line":167,"column":108}}]}},"s":{"0":3,"1":3,"2":3,"3":1,"4":3,"5":2,"6":3,"7":1,"8":1,"9":1,"10":2,"11":1,"12":3,"13":1,"14":3},"f":{"0":1,"1":2,"2":1,"3":1},"b":{"0":[0],"1":[0,2],"2":[0,2],"3":[0,2],"4":[0,2],"5":[0],"6":[0]}}
,"/Users/dannydavies/Documents/tfn/fares-data-build-tool/repos/fdbt-site/src/components/RadioConditionalInput.tsx": {"path":"/Users/dannydavies/Documents/tfn/fares-data-build-tool/repos/fdbt-site/src/components/RadioConditionalInput.tsx","statementMap":{"0":{"start":{"line":1,"column":0},"end":{"line":1,"column":null}},"1":{"start":{"line":2,"column":0},"end":{"line":2,"column":null}},"2":{"start":{"line":3,"column":0},"end":{"line":3,"column":null}},"3":{"start":{"line":5,"column":0},"end":{"line":5,"column":null}},"4":{"start":{"line":43,"column":13},"end":{"line":43,"column":29}},"5":{"start":{"line":44,"column":15},"end":{"line":44,"column":26}},"6":{"start":{"line":44,"column":44},"end":{"line":44,"column":null}},"7":{"start":{"line":45,"column":4},"end":{"line":47,"column":null}},"8":{"start":{"line":46,"column":8},"end":{"line":46,"column":15}},"9":{"start":{"line":48,"column":4},"end":{"line":48,"column":11}},"10":{"start":{"line":51,"column":13},"end":{"line":51,"column":42}},"11":{"start":{"line":52,"column":18},"end":{"line":52,"column":null}},"12":{"start":{"line":54,"column":4},"end":{"line":54,"column":null}},"13":{"start":{"line":69,"column":36},"end":{"line":69,"column":50}},"14":{"start":{"line":70,"column":20},"end":{"line":70,"column":null}},"15":{"start":{"line":98,"column":35},"end":{"line":144,"column":null}},"16":{"start":{"line":99,"column":18},"end":{"line":99,"column":null}},"17":{"start":{"line":101,"column":4},"end":{"line":101,"column":null}},"18":{"start":{"line":123,"column":32},"end":{"line":123,"column":null}},"19":{"start":{"line":146,"column":13},"end":{"line":146,"column":51}},"20":{"start":{"line":147,"column":18},"end":{"line":147,"column":null}},"21":{"start":{"line":149,"column":4},"end":{"line":149,"column":null}},"22":{"start":{"line":164,"column":36},"end":{"line":164,"column":50}},"23":{"start":{"line":165,"column":20},"end":{"line":165,"column":null}},"24":{"start":{"line":191,"column":44},"end":{"line":191,"column":52}},"25":{"start":{"line":214,"column":37},"end":{"line":309,"column":null}},"26":{"start":{"line":215,"column":18},"end":{"line":215,"column":null}},"27":{"start":{"line":217,"column":4},"end":{"line":217,"column":null}},"28":{"start":{"line":223,"column":40},"end":{"line":223,"column":45}},"29":{"start":{"line":224,"column":20},"end":{"line":224,"column":27}},"30":{"start":{"line":227,"column":16},"end":{"line":227,"column":null}},"31":{"start":{"line":311,"column":37},"end":{"line":355,"column":null}},"32":{"start":{"line":317,"column":8},"end":{"line":317,"column":null}},"33":{"start":{"line":327,"column":8},"end":{"line":327,"column":null}},"34":{"start":{"line":338,"column":25},"end":{"line":338,"column":null}},"35":{"start":{"line":345,"column":4},"end":{"line":345,"column":null}},"36":{"start":{"line":358,"column":4},"end":{"line":361,"column":null}},"37":{"start":{"line":360,"column":4},"end":{"line":360,"column":12}},"38":{"start":{"line":363,"column":30},"end":{"line":387,"column":null}},"39":{"start":{"line":365,"column":8},"end":{"line":365,"column":15}},"40":{"start":{"line":371,"column":8},"end":{"line":371,"column":14}},"41":{"start":{"line":376,"column":4},"end":{"line":378,"column":null}},"42":{"start":{"line":377,"column":8},"end":{"line":377,"column":15}},"43":{"start":{"line":380,"column":4},"end":{"line":380,"column":null}},"44":{"start":{"line":389,"column":30},"end":{"line":417,"column":null}},"45":{"start":{"line":390,"column":23},"end":{"line":390,"column":null}},"46":{"start":{"line":392,"column":4},"end":{"line":392,"column":null}},"47":{"start":{"line":409,"column":54},"end":{"line":409,"column":75}},"48":{"start":{"line":419,"column":0},"end":{"line":419,"column":15}}},"fnMap":{"0":{"name":"(anonymous_1)","decl":{"start":{"line":43,"column":29},"end":{"line":43,"column":30}},"loc":{"start":{"line":43,"column":91},"end":{"line":49,"column":null}}},"1":{"name":"(anonymous_2)","decl":{"start":{"line":44,"column":32},"end":{"line":44,"column":33}},"loc":{"start":{"line":44,"column":44},"end":{"line":44,"column":null}}},"2":{"name":"(anonymous_3)","decl":{"start":{"line":51,"column":43},"end":{"line":51,"column":94}},"loc":{"start":{"line":51,"column":94},"end":{"line":96,"column":null}}},"3":{"name":"(anonymous_4)","decl":{"start":{"line":68,"column":34},"end":{"line":68,"column":39}},"loc":{"start":{"line":68,"column":42},"end":{"line":92,"column":null}}},"4":{"name":"(anonymous_5)","decl":{"start":{"line":98,"column":35},"end":{"line":98,"column":86}},"loc":{"start":{"line":98,"column":86},"end":{"line":144,"column":null}}},"5":{"name":"(anonymous_6)","decl":{"start":{"line":122,"column":46},"end":{"line":122,"column":51}},"loc":{"start":{"line":122,"column":54},"end":{"line":137,"column":null}}},"6":{"name":"(anonymous_7)","decl":{"start":{"line":146,"column":52},"end":{"line":146,"column":103}},"loc":{"start":{"line":146,"column":103},"end":{"line":212,"column":null}}},"7":{"name":"(anonymous_8)","decl":{"start":{"line":163,"column":34},"end":{"line":163,"column":39}},"loc":{"start":{"line":163,"column":42},"end":{"line":208,"column":null}}},"8":{"name":"(anonymous_9)","decl":{"start":{"line":190,"column":60},"end":{"line":190,"column":64}},"loc":{"start":{"line":191,"column":44},"end":{"line":191,"column":52}}},"9":{"name":"(anonymous_10)","decl":{"start":{"line":214,"column":37},"end":{"line":214,"column":88}},"loc":{"start":{"line":214,"column":88},"end":{"line":309,"column":null}}},"10":{"name":"(anonymous_11)","decl":{"start":{"line":222,"column":30},"end":{"line":222,"column":35}},"loc":{"start":{"line":222,"column":38},"end":{"line":306,"column":null}}},"11":{"name":"(anonymous_12)","decl":{"start":{"line":223,"column":63},"end":{"line":223,"column":64}},"loc":{"start":{"line":223,"column":74},"end":{"line":225,"column":null}}},"12":{"name":"(anonymous_13)","decl":{"start":{"line":311,"column":37},"end":{"line":311,"column":null}},"loc":{"start":{"line":315,"column":18},"end":{"line":355,"column":null}}},"13":{"name":"(anonymous_14)","decl":{"start":{"line":358,"column":4},"end":{"line":358,"column":null}},"loc":{"start":{"line":359,"column":47},"end":{"line":361,"column":null}}},"14":{"name":"(anonymous_15)","decl":{"start":{"line":363,"column":30},"end":{"line":363,"column":66}},"loc":{"start":{"line":363,"column":66},"end":{"line":387,"column":null}}},"15":{"name":"(anonymous_16)","decl":{"start":{"line":389,"column":30},"end":{"line":389,"column":31}},"loc":{"start":{"line":389,"column":89},"end":{"line":417,"column":null}}},"16":{"name":"(anonymous_17)","decl":{"start":{"line":409,"column":45},"end":{"line":409,"column":50}},"loc":{"start":{"line":409,"column":54},"end":{"line":409,"column":75}}}},"branchMap":{"0":{"loc":{"start":{"line":45,"column":4},"end":{"line":47,"column":null}},"type":"if","locations":[{"start":{"line":45,"column":4},"end":{"line":47,"column":null}},{"start":{"line":45,"column":4},"end":{"line":47,"column":null}}]},"1":{"loc":{"start":{"line":56,"column":59},"end":{"line":56,"column":64}},"type":"cond-expr","locations":[{"start":{"line":56,"column":59},"end":{"line":56,"column":64}},{"start":{"line":56,"column":64},"end":{"line":56,"column":100}}]},"2":{"loc":{"start":{"line":62,"column":49},"end":{"line":62,"column":76}},"type":"cond-expr","locations":[{"start":{"line":62,"column":49},"end":{"line":62,"column":76}},{"start":{"line":62,"column":76},"end":{"line":62,"column":null}}]},"3":{"loc":{"start":{"line":73,"column":75},"end":{"line":73,"column":104}},"type":"cond-expr","locations":[{"start":{"line":73,"column":75},"end":{"line":73,"column":104}},{"start":{"line":73,"column":104},"end":{"line":73,"column":106}}]},"4":{"loc":{"start":{"line":103,"column":60},"end":{"line":103,"column":65}},"type":"cond-expr","locations":[{"start":{"line":103,"column":60},"end":{"line":103,"column":65}},{"start":{"line":103,"column":65},"end":{"line":103,"column":100}}]},"5":{"loc":{"start":{"line":106,"column":56},"end":{"line":106,"column":84}},"type":"cond-expr","locations":[{"start":{"line":106,"column":56},"end":{"line":106,"column":84}},{"start":{"line":106,"column":84},"end":{"line":106,"column":86}}]},"6":{"loc":{"start":{"line":110,"column":53},"end":{"line":110,"column":80}},"type":"cond-expr","locations":[{"start":{"line":110,"column":53},"end":{"line":110,"column":80}},{"start":{"line":110,"column":80},"end":{"line":110,"column":null}}]},"7":{"loc":{"start":{"line":118,"column":41},"end":{"line":118,"column":67}},"type":"cond-expr","locations":[{"start":{"line":118,"column":41},"end":{"line":118,"column":67}},{"start":{"line":118,"column":67},"end":{"line":118,"column":null}}]},"8":{"loc":{"start":{"line":151,"column":59},"end":{"line":151,"column":64}},"type":"cond-expr","locations":[{"start":{"line":151,"column":59},"end":{"line":151,"column":64}},{"start":{"line":151,"column":64},"end":{"line":151,"column":100}}]},"9":{"loc":{"start":{"line":157,"column":49},"end":{"line":157,"column":76}},"type":"cond-expr","locations":[{"start":{"line":157,"column":49},"end":{"line":157,"column":76}},{"start":{"line":157,"column":76},"end":{"line":157,"column":null}}]},"10":{"loc":{"start":{"line":168,"column":75},"end":{"line":168,"column":104}},"type":"cond-expr","locations":[{"start":{"line":168,"column":75},"end":{"line":168,"column":104}},{"start":{"line":168,"column":104},"end":{"line":168,"column":106}}]},"11":{"loc":{"start":{"line":177,"column":65},"end":{"line":177,"column":89}},"type":"cond-expr","locations":[{"start":{"line":177,"column":65},"end":{"line":177,"column":89}},{"start":{"line":177,"column":89},"end":{"line":177,"column":null}}]},"12":{"loc":{"start":{"line":181,"column":36},"end":{"line":181,"column":null}},"type":"cond-expr","locations":[{"start":{"line":181,"column":36},"end":{"line":181,"column":null}},{"start":{"line":197,"column":36},"end":{"line":197,"column":null}}]},"13":{"loc":{"start":{"line":185,"column":54},"end":{"line":185,"column":77}},"type":"binary-expr","locations":[{"start":{"line":185,"column":54},"end":{"line":185,"column":77}},{"start":{"line":185,"column":77},"end":{"line":185,"column":null}}]},"14":{"loc":{"start":{"line":190,"column":54},"end":{"line":190,"column":56}},"type":"cond-expr","locations":[{"start":{"line":190,"column":54},"end":{"line":190,"column":56}}]},"15":{"loc":{"start":{"line":189,"column":49},"end":{"line":190,"column":56}},"type":"binary-expr","locations":[{"start":{"line":189,"column":49},"end":{"line":190,"column":56}},{"start":{"line":190,"column":54},"end":{"line":190,"column":56}}]},"16":{"loc":{"start":{"line":202,"column":54},"end":{"line":202,"column":77}},"type":"binary-expr","locations":[{"start":{"line":202,"column":54},"end":{"line":202,"column":77}},{"start":{"line":202,"column":77},"end":{"line":202,"column":null}}]},"17":{"loc":{"start":{"line":219,"column":60},"end":{"line":219,"column":65}},"type":"cond-expr","locations":[{"start":{"line":219,"column":60},"end":{"line":219,"column":65}},{"start":{"line":219,"column":65},"end":{"line":219,"column":100}}]},"18":{"loc":{"start":{"line":231,"column":81},"end":{"line":231,"column":110}},"type":"cond-expr","locations":[{"start":{"line":231,"column":81},"end":{"line":231,"column":110}},{"start":{"line":231,"column":110},"end":{"line":231,"column":112}}]},"19":{"loc":{"start":{"line":234,"column":40},"end":{"line":234,"column":46}},"type":"cond-expr","locations":[{"start":{"line":234,"column":40},"end":{"line":234,"column":46}},{"start":{"line":237,"column":40},"end":{"line":237,"column":null}}]},"20":{"loc":{"start":{"line":248,"column":70},"end":{"line":248,"column":93}},"type":"cond-expr","locations":[{"start":{"line":248,"column":70},"end":{"line":248,"column":93}},{"start":{"line":248,"column":93},"end":{"line":248,"column":null}}]},"21":{"loc":{"start":{"line":254,"column":74},"end":{"line":254,"column":79}},"type":"cond-expr","locations":[{"start":{"line":254,"column":74},"end":{"line":254,"column":79}},{"start":{"line":254,"column":110},"end":{"line":254,"column":null}}]},"22":{"loc":{"start":{"line":269,"column":70},"end":{"line":269,"column":93}},"type":"cond-expr","locations":[{"start":{"line":269,"column":70},"end":{"line":269,"column":93}},{"start":{"line":269,"column":93},"end":{"line":269,"column":null}}]},"23":{"loc":{"start":{"line":275,"column":74},"end":{"line":275,"column":79}},"type":"cond-expr","locations":[{"start":{"line":275,"column":74},"end":{"line":275,"column":79}},{"start":{"line":275,"column":110},"end":{"line":275,"column":null}}]},"24":{"loc":{"start":{"line":290,"column":70},"end":{"line":290,"column":93}},"type":"cond-expr","locations":[{"start":{"line":290,"column":70},"end":{"line":290,"column":93}},{"start":{"line":290,"column":93},"end":{"line":290,"column":null}}]},"25":{"loc":{"start":{"line":296,"column":74},"end":{"line":296,"column":79}},"type":"cond-expr","locations":[{"start":{"line":296,"column":74},"end":{"line":296,"column":79}},{"start":{"line":296,"column":110},"end":{"line":296,"column":null}}]},"26":{"loc":{"start":{"line":348,"column":48},"end":{"line":348,"column":70}},"type":"cond-expr","locations":[{"start":{"line":348,"column":48},"end":{"line":348,"column":70}},{"start":{"line":348,"column":70},"end":{"line":348,"column":null}}]},"27":{"loc":{"start":{"line":350,"column":41},"end":{"line":350,"column":59}},"type":"cond-expr","locations":[{"start":{"line":350,"column":41},"end":{"line":350,"column":59}},{"start":{"line":350,"column":59},"end":{"line":350,"column":null}}]},"28":{"loc":{"start":{"line":371,"column":81},"end":{"line":371,"column":83}},"type":"cond-expr","locations":[{"start":{"line":371,"column":81},"end":{"line":371,"column":83}},{"start":{"line":371,"column":81},"end":{"line":371,"column":85}}]},"29":{"loc":{"start":{"line":371,"column":58},"end":{"line":371,"column":83}},"type":"binary-expr","locations":[{"start":{"line":371,"column":58},"end":{"line":371,"column":83}},{"start":{"line":371,"column":81},"end":{"line":371,"column":83}}]},"30":{"loc":{"start":{"line":372,"column":34},"end":{"line":372,"column":36}},"type":"cond-expr","locations":[{"start":{"line":372,"column":34},"end":{"line":372,"column":36}},{"start":{"line":372,"column":34},"end":{"line":372,"column":null}}]},"31":{"loc":{"start":{"line":371,"column":85},"end":{"line":372,"column":36}},"type":"binary-expr","locations":[{"start":{"line":371,"column":85},"end":{"line":372,"column":36}},{"start":{"line":372,"column":34},"end":{"line":372,"column":36}}]},"32":{"loc":{"start":{"line":376,"column":4},"end":{"line":378,"column":null}},"type":"if","locations":[{"start":{"line":376,"column":4},"end":{"line":378,"column":null}},{"start":{"line":376,"column":4},"end":{"line":378,"column":null}}]},"33":{"loc":{"start":{"line":384,"column":37},"end":{"line":384,"column":55}},"type":"cond-expr","locations":[{"start":{"line":384,"column":37},"end":{"line":384,"column":55}},{"start":{"line":384,"column":55},"end":{"line":384,"column":null}}]},"34":{"loc":{"start":{"line":393,"column":57},"end":{"line":393,"column":85}},"type":"cond-expr","locations":[{"start":{"line":393,"column":57},"end":{"line":393,"column":85}},{"start":{"line":393,"column":85},"end":{"line":393,"column":87}}]},"35":{"loc":{"start":{"line":397,"column":87},"end":{"line":397,"column":114}},"type":"cond-expr","locations":[{"start":{"line":397,"column":87},"end":{"line":397,"column":114}},{"start":{"line":397,"column":114},"end":{"line":397,"column":116}}]},"36":{"loc":{"start":{"line":405,"column":42},"end":{"line":405,"column":70}},"type":"cond-expr","locations":[{"start":{"line":405,"column":42},"end":{"line":405,"column":70}},{"start":{"line":405,"column":70},"end":{"line":405,"column":null}}]}},"s":{"0":8,"1":8,"2":8,"3":8,"4":8,"5":10,"6":5,"7":10,"8":3,"9":7,"10":8,"11":2,"12":2,"13":3,"14":3,"15":8,"16":0,"17":0,"18":0,"19":8,"20":3,"21":3,"22":5,"23":5,"24":8,"25":8,"26":0,"27":0,"28":0,"29":0,"30":0,"31":8,"32":1,"33":1,"34":1,"35":1,"36":8,"37":6,"38":8,"39":6,"40":6,"41":6,"42":1,"43":5,"44":8,"45":3,"46":3,"47":6,"48":8},"f":{"0":10,"1":5,"2":2,"3":3,"4":0,"5":0,"6":3,"7":5,"8":8,"9":0,"10":0,"11":0,"12":1,"13":6,"14":6,"15":3,"16":6},"b":{"0":[3,7],"1":[1,1],"2":[0,2],"3":[1,2],"4":[0,0],"5":[0,0],"6":[0,0],"7":[0,0],"8":[1,2],"9":[0,3],"10":[2,3],"11":[2,3],"12":[2,3],"13":[2,2],"14":[0],"15":[2,2],"16":[3,3],"17":[0,0],"18":[0,0],"19":[0,0],"20":[0,0],"21":[0,0],"22":[0,0],"23":[0,0],"24":[0,0],"25":[0,0],"26":[0,1],"27":[0,1],"28":[6,0],"29":[6,6],"30":[6,0],"31":[6,6],"32":[1,5],"33":[0,5],"34":[0,3],"35":[1,2],"36":[0,3]}}
,"/Users/dannydavies/Documents/tfn/fares-data-build-tool/repos/fdbt-site/src/components/SalesOfferPackageExplanation.tsx": {"path":"/Users/dannydavies/Documents/tfn/fares-data-build-tool/repos/fdbt-site/src/components/SalesOfferPackageExplanation.tsx","statementMap":{"0":{"start":{"line":1,"column":0},"end":{"line":1,"column":null}},"1":{"start":{"line":3,"column":13},"end":{"line":3,"column":44}},"2":{"start":{"line":4,"column":4},"end":{"line":4,"column":null}},"3":{"start":{"line":18,"column":0},"end":{"line":18,"column":15}}},"fnMap":{"0":{"name":"(anonymous_1)","decl":{"start":{"line":3,"column":44},"end":{"line":3,"column":null}},"loc":{"start":{"line":4,"column":4},"end":{"line":4,"column":null}}}},"branchMap":{},"s":{"0":5,"1":5,"2":1,"3":5},"f":{"0":1},"b":{}}
,"/Users/dannydavies/Documents/tfn/fares-data-build-tool/repos/fdbt-site/src/components/TimeRestrictionsTable.tsx": {"path":"/Users/dannydavies/Documents/tfn/fares-data-build-tool/repos/fdbt-site/src/components/TimeRestrictionsTable.tsx","statementMap":{"0":{"start":{"line":1,"column":0},"end":{"line":1,"column":null}},"1":{"start":{"line":2,"column":0},"end":{"line":2,"column":null}},"2":{"start":{"line":3,"column":0},"end":{"line":3,"column":null}},"3":{"start":{"line":13,"column":32},"end":{"line":14,"column":null}},"4":{"start":{"line":13,"column":83},"end":{"line":13,"column":null}},"5":{"start":{"line":14,"column":25},"end":{"line":14,"column":68}},"6":{"start":{"line":16,"column":30},"end":{"line":85,"column":null}},"7":{"start":{"line":22,"column":4},"end":{"line":22,"column":null}},"8":{"start":{"line":25,"column":16},"end":{"line":25,"column":26}},"9":{"start":{"line":87,"column":0},"end":{"line":87,"column":15}}},"fnMap":{"0":{"name":"(anonymous_7)","decl":{"start":{"line":13,"column":32},"end":{"line":13,"column":33}},"loc":{"start":{"line":13,"column":83},"end":{"line":14,"column":null}}},"1":{"name":"(anonymous_8)","decl":{"start":{"line":14,"column":16},"end":{"line":14,"column":21}},"loc":{"start":{"line":14,"column":25},"end":{"line":14,"column":68}}},"2":{"name":"(anonymous_9)","decl":{"start":{"line":16,"column":30},"end":{"line":16,"column":31}},"loc":{"start":{"line":21,"column":47},"end":{"line":85,"column":null}}},"3":{"name":"(anonymous_10)","decl":{"start":{"line":24,"column":28},"end":{"line":24,"column":29}},"loc":{"start":{"line":25,"column":16},"end":{"line":25,"column":26}}}},"branchMap":{"0":{"loc":{"start":{"line":14,"column":79},"end":{"line":14,"column":83}},"type":"cond-expr","locations":[{"start":{"line":14,"column":79},"end":{"line":14,"column":83}},{"start":{"line":14,"column":83},"end":{"line":14,"column":85}}]},"1":{"loc":{"start":{"line":13,"column":83},"end":{"line":14,"column":83}},"type":"binary-expr","locations":[{"start":{"line":13,"column":83},"end":{"line":14,"column":83}},{"start":{"line":14,"column":79},"end":{"line":14,"column":83}}]},"2":{"loc":{"start":{"line":14,"column":68},"end":{"line":14,"column":70}},"type":"cond-expr","locations":[{"start":{"line":14,"column":68},"end":{"line":14,"column":70}},{"start":{"line":14,"column":68},"end":{"line":14,"column":79}}]},"3":{"loc":{"start":{"line":13,"column":83},"end":{"line":14,"column":70}},"type":"binary-expr","locations":[{"start":{"line":13,"column":83},"end":{"line":14,"column":70}},{"start":{"line":14,"column":68},"end":{"line":14,"column":70}}]},"4":{"loc":{"start":{"line":14,"column":25},"end":{"line":14,"column":52}},"type":"binary-expr","locations":[{"start":{"line":14,"column":25},"end":{"line":14,"column":52}},{"start":{"line":14,"column":52},"end":{"line":14,"column":68}}]},"5":{"loc":{"start":{"line":38,"column":80},"end":{"line":38,"column":85}},"type":"cond-expr","locations":[{"start":{"line":38,"column":80},"end":{"line":38,"column":85}},{"start":{"line":38,"column":85},"end":{"line":38,"column":108}}]},"6":{"loc":{"start":{"line":64,"column":80},"end":{"line":64,"column":85}},"type":"cond-expr","locations":[{"start":{"line":64,"column":80},"end":{"line":64,"column":85}},{"start":{"line":64,"column":85},"end":{"line":64,"column":108}}]}},"s":{"0":1,"1":1,"2":1,"3":1,"4":0,"5":0,"6":1,"7":0,"8":0,"9":1},"f":{"0":0,"1":0,"2":0,"3":0},"b":{"0":[0,0],"1":[0,0],"2":[0,0],"3":[0,0],"4":[0,0],"5":[0,0],"6":[0,0]}}
,"/Users/dannydavies/Documents/tfn/fares-data-build-tool/repos/fdbt-site/src/components/UserDataUploads.tsx": {"path":"/Users/dannydavies/Documents/tfn/fares-data-build-tool/repos/fdbt-site/src/components/UserDataUploads.tsx","statementMap":{"0":{"start":{"line":1,"column":0},"end":{"line":1,"column":null}},"1":{"start":{"line":2,"column":0},"end":{"line":2,"column":null}},"2":{"start":{"line":3,"column":0},"end":{"line":3,"column":null}},"3":{"start":{"line":4,"column":0},"end":{"line":4,"column":null}},"4":{"start":{"line":6,"column":0},"end":{"line":6,"column":null}},"5":{"start":{"line":7,"column":0},"end":{"line":7,"column":null}},"6":{"start":{"line":8,"column":0},"end":{"line":8,"column":null}},"7":{"start":{"line":26,"column":32},"end":{"line":99,"column":null}},"8":{"start":{"line":40,"column":42},"end":{"line":40,"column":null}},"9":{"start":{"line":101,"column":0},"end":{"line":101,"column":15}}},"fnMap":{"0":{"name":"(anonymous_1)","decl":{"start":{"line":26,"column":32},"end":{"line":26,"column":33}},"loc":{"start":{"line":40,"column":41},"end":{"line":99,"column":null}}}},"branchMap":{"0":{"loc":{"start":{"line":46,"column":76},"end":{"line":46,"column":104}},"type":"cond-expr","locations":[{"start":{"line":46,"column":76},"end":{"line":46,"column":104}},{"start":{"line":46,"column":104},"end":{"line":46,"column":106}}]},"1":{"loc":{"start":{"line":55,"column":51},"end":{"line":55,"column":54}},"type":"cond-expr","locations":[{"start":{"line":55,"column":51},"end":{"line":55,"column":54}},{"start":{"line":55,"column":51},"end":{"line":55,"column":null}}]},"2":{"loc":{"start":{"line":55,"column":39},"end":{"line":55,"column":54}},"type":"binary-expr","locations":[{"start":{"line":55,"column":39},"end":{"line":55,"column":54}},{"start":{"line":55,"column":51},"end":{"line":55,"column":54}}]},"3":{"loc":{"start":{"line":55,"column":47},"end":{"line":55,"column":50}},"type":"cond-expr","locations":[{"start":{"line":55,"column":47},"end":{"line":55,"column":50}},{"start":{"line":55,"column":41},"end":{"line":55,"column":50}}]},"4":{"loc":{"start":{"line":55,"column":41},"end":{"line":55,"column":50}},"type":"binary-expr","locations":[{"start":{"line":55,"column":41},"end":{"line":55,"column":50}},{"start":{"line":55,"column":41},"end":{"line":55,"column":50}}]},"5":{"loc":{"start":{"line":70,"column":21},"end":{"line":70,"column":34}},"type":"binary-expr","locations":[{"start":{"line":70,"column":21},"end":{"line":70,"column":34}},{"start":{"line":70,"column":38},"end":{"line":70,"column":null}},{"start":{"line":71,"column":24},"end":{"line":71,"column":33}}]}},"s":{"0":88,"1":88,"2":88,"3":88,"4":88,"5":88,"6":88,"7":88,"8":0,"9":88},"f":{"0":0},"b":{"0":[0,0],"1":[0,0],"2":[0,0],"3":[0,0],"4":[0,0],"5":[0,0,0]}}
,"/Users/dannydavies/Documents/tfn/fares-data-build-tool/repos/fdbt-site/src/constants/index.ts": {"path":"/Users/dannydavies/Documents/tfn/fares-data-build-tool/repos/fdbt-site/src/constants/index.ts","statementMap":{"0":{"start":{"line":3,"column":0},"end":{"line":3,"column":null}},"1":{"start":{"line":5,"column":13},"end":{"line":5,"column":31}},"2":{"start":{"line":7,"column":13},"end":{"line":7,"column":27}},"3":{"start":{"line":9,"column":13},"end":{"line":9,"column":38}},"4":{"start":{"line":11,"column":13},"end":{"line":11,"column":31}},"5":{"start":{"line":13,"column":13},"end":{"line":13,"column":36}},"6":{"start":{"line":15,"column":13},"end":{"line":15,"column":35}},"7":{"start":{"line":17,"column":13},"end":{"line":17,"column":37}},"8":{"start":{"line":19,"column":13},"end":{"line":19,"column":41}},"9":{"start":{"line":23,"column":13},"end":{"line":23,"column":26}},"10":{"start":{"line":25,"column":13},"end":{"line":25,"column":29}},"11":{"start":{"line":29,"column":13},"end":{"line":29,"column":35}},"12":{"start":{"line":31,"column":13},"end":{"line":31,"column":40}},"13":{"start":{"line":33,"column":13},"end":{"line":33,"column":54}},"14":{"start":{"line":35,"column":13},"end":{"line":35,"column":33}},"15":{"start":{"line":37,"column":13},"end":{"line":37,"column":33}},"16":{"start":{"line":39,"column":13},"end":{"line":39,"column":37}},"17":{"start":{"line":41,"column":13},"end":{"line":41,"column":37}},"18":{"start":{"line":43,"column":13},"end":{"line":43,"column":40}},"19":{"start":{"line":45,"column":13},"end":{"line":45,"column":41}},"20":{"start":{"line":47,"column":13},"end":{"line":47,"column":47}},"21":{"start":{"line":49,"column":13},"end":{"line":49,"column":36}},"22":{"start":{"line":51,"column":13},"end":{"line":51,"column":35}},"23":{"start":{"line":53,"column":13},"end":{"line":53,"column":39}},"24":{"start":{"line":55,"column":13},"end":{"line":55,"column":38}},"25":{"start":{"line":57,"column":13},"end":{"line":57,"column":38}},"26":{"start":{"line":59,"column":13},"end":{"line":59,"column":42}},"27":{"start":{"line":61,"column":13},"end":{"line":61,"column":34}},"28":{"start":{"line":63,"column":13},"end":{"line":63,"column":42}},"29":{"start":{"line":65,"column":13},"end":{"line":65,"column":44}},"30":{"start":{"line":67,"column":13},"end":{"line":67,"column":42}},"31":{"start":{"line":69,"column":13},"end":{"line":69,"column":37}},"32":{"start":{"line":71,"column":13},"end":{"line":71,"column":29}},"33":{"start":{"line":73,"column":13},"end":{"line":73,"column":34}},"34":{"start":{"line":75,"column":13},"end":{"line":75,"column":46}},"35":{"start":{"line":77,"column":13},"end":{"line":77,"column":36}},"36":{"start":{"line":79,"column":13},"end":{"line":79,"column":47}},"37":{"start":{"line":81,"column":13},"end":{"line":81,"column":46}},"38":{"start":{"line":83,"column":13},"end":{"line":83,"column":42}},"39":{"start":{"line":85,"column":13},"end":{"line":85,"column":54}},"40":{"start":{"line":87,"column":13},"end":{"line":87,"column":41}},"41":{"start":{"line":89,"column":13},"end":{"line":89,"column":38}},"42":{"start":{"line":91,"column":13},"end":{"line":91,"column":43}},"43":{"start":{"line":93,"column":13},"end":{"line":93,"column":53}},"44":{"start":{"line":95,"column":13},"end":{"line":95,"column":48}},"45":{"start":{"line":97,"column":13},"end":{"line":97,"column":35}},"46":{"start":{"line":99,"column":13},"end":{"line":99,"column":42}},"47":{"start":{"line":103,"column":13},"end":{"line":103,"column":32}},"48":{"start":{"line":105,"column":13},"end":{"line":105,"column":39}},"49":{"start":{"line":110,"column":13},"end":{"line":110,"column":38}},"50":{"start":{"line":122,"column":13},"end":{"line":122,"column":21}},"51":{"start":{"line":124,"column":13},"end":{"line":124,"column":15}},"52":{"start":{"line":126,"column":13},"end":{"line":126,"column":41}},"53":{"start":{"line":127,"column":13},"end":{"line":127,"column":37}},"54":{"start":{"line":128,"column":13},"end":{"line":128,"column":41}},"55":{"start":{"line":129,"column":13},"end":{"line":129,"column":33}},"56":{"start":{"line":131,"column":13},"end":{"line":131,"column":59}},"57":{"start":{"line":141,"column":13},"end":{"line":141,"column":39}},"58":{"start":{"line":142,"column":13},"end":{"line":142,"column":37}},"59":{"start":{"line":143,"column":13},"end":{"line":143,"column":43}},"60":{"start":{"line":144,"column":13},"end":{"line":144,"column":39}},"61":{"start":{"line":146,"column":13},"end":{"line":146,"column":65}},"62":{"start":{"line":151,"column":13},"end":{"line":151,"column":28}},"63":{"start":{"line":153,"column":13},"end":{"line":153,"column":42}},"64":{"start":{"line":155,"column":13},"end":{"line":155,"column":30}}},"fnMap":{},"branchMap":{"0":{"loc":{"start":{"line":122,"column":21},"end":{"line":122,"column":42}},"type":"binary-expr","locations":[{"start":{"line":122,"column":21},"end":{"line":122,"column":42}},{"start":{"line":122,"column":42},"end":{"line":122,"column":null}}]}},"s":{"0":137,"1":137,"2":137,"3":137,"4":137,"5":137,"6":137,"7":137,"8":137,"9":137,"10":137,"11":137,"12":137,"13":137,"14":137,"15":137,"16":137,"17":137,"18":137,"19":137,"20":137,"21":137,"22":137,"23":137,"24":137,"25":137,"26":137,"27":137,"28":137,"29":137,"30":137,"31":137,"32":137,"33":137,"34":137,"35":137,"36":137,"37":137,"38":137,"39":137,"40":137,"41":137,"42":137,"43":137,"44":137,"45":137,"46":137,"47":137,"48":137,"49":137,"50":137,"51":137,"52":137,"53":137,"54":137,"55":137,"56":137,"57":137,"58":137,"59":137,"60":137,"61":137,"62":137,"63":137,"64":137},"f":{},"b":{"0":[137,137]}}
,"/Users/dannydavies/Documents/tfn/fares-data-build-tool/repos/fdbt-site/src/data/auroradb.ts": {"path":"/Users/dannydavies/Documents/tfn/fares-data-build-tool/repos/fdbt-site/src/data/auroradb.ts","statementMap":{"0":{"start":{"line":1,"column":0},"end":{"line":1,"column":null}},"1":{"start":{"line":2,"column":0},"end":{"line":2,"column":null}},"2":{"start":{"line":3,"column":0},"end":{"line":3,"column":null}},"3":{"start":{"line":4,"column":0},"end":{"line":4,"column":null}},"4":{"start":{"line":6,"column":0},"end":{"line":6,"column":null}},"5":{"start":{"line":99,"column":13},"end":{"line":99,"column":33}},"6":{"start":{"line":102,"column":4},"end":{"line":122,"column":null}},"7":{"start":{"line":103,"column":8},"end":{"line":103,"column":14}},"8":{"start":{"line":113,"column":8},"end":{"line":113,"column":14}},"9":{"start":{"line":124,"column":4},"end":{"line":124,"column":11}},"10":{"start":{"line":127,"column":13},"end":{"line":127,"column":33}},"11":{"start":{"line":128,"column":4},"end":{"line":128,"column":11}},"12":{"start":{"line":131,"column":13},"end":{"line":131,"column":38}},"13":{"start":{"line":132,"column":4},"end":{"line":134,"column":null}},"14":{"start":{"line":133,"column":8},"end":{"line":133,"column":15}},"15":{"start":{"line":136,"column":4},"end":{"line":136,"column":11}},"16":{"start":{"line":141,"column":21},"end":{"line":147,"column":null}},"17":{"start":{"line":142,"column":4},"end":{"line":144,"column":null}},"18":{"start":{"line":143,"column":8},"end":{"line":143,"column":22}},"19":{"start":{"line":145,"column":19},"end":{"line":145,"column":39}},"20":{"start":{"line":146,"column":4},"end":{"line":146,"column":11}},"21":{"start":{"line":149,"column":13},"end":{"line":149,"column":36}},"22":{"start":{"line":150,"column":29},"end":{"line":150,"column":52}},"23":{"start":{"line":151,"column":4},"end":{"line":151,"column":11}},"24":{"start":{"line":157,"column":4},"end":{"line":177,"column":null}},"25":{"start":{"line":158,"column":27},"end":{"line":158,"column":14}},"26":{"start":{"line":165,"column":29},"end":{"line":165,"column":63}},"27":{"start":{"line":167,"column":8},"end":{"line":167,"column":null}},"28":{"start":{"line":168,"column":38},"end":{"line":168,"column":null}},"29":{"start":{"line":176,"column":8},"end":{"line":176,"column":14}},"30":{"start":{"line":180,"column":13},"end":{"line":180,"column":40}},"31":{"start":{"line":181,"column":29},"end":{"line":181,"column":52}},"32":{"start":{"line":182,"column":4},"end":{"line":182,"column":11}},"33":{"start":{"line":188,"column":23},"end":{"line":188,"column":10}},"34":{"start":{"line":196,"column":4},"end":{"line":200,"column":null}},"35":{"start":{"line":197,"column":8},"end":{"line":197,"column":19}},"36":{"start":{"line":199,"column":8},"end":{"line":199,"column":14}},"37":{"start":{"line":202,"column":4},"end":{"line":202,"column":11}},"38":{"start":{"line":205,"column":13},"end":{"line":205,"column":46}},"39":{"start":{"line":206,"column":4},"end":{"line":206,"column":11}},"40":{"start":{"line":211,"column":4},"end":{"line":226,"column":null}},"41":{"start":{"line":212,"column":29},"end":{"line":212,"column":37}},"42":{"start":{"line":212,"column":48},"end":{"line":212,"column":53}},"43":{"start":{"line":213,"column":27},"end":{"line":213,"column":14}},"44":{"start":{"line":219,"column":8},"end":{"line":219,"column":15}},"45":{"start":{"line":221,"column":8},"end":{"line":221,"column":14}},"46":{"start":{"line":229,"column":13},"end":{"line":229,"column":39}},"47":{"start":{"line":230,"column":4},"end":{"line":230,"column":11}},"48":{"start":{"line":235,"column":4},"end":{"line":259,"column":null}},"49":{"start":{"line":236,"column":29},"end":{"line":236,"column":38}},"50":{"start":{"line":236,"column":49},"end":{"line":236,"column":54}},"51":{"start":{"line":237,"column":27},"end":{"line":237,"column":14}},"52":{"start":{"line":243,"column":29},"end":{"line":243,"column":62}},"53":{"start":{"line":245,"column":8},"end":{"line":245,"column":15}},"54":{"start":{"line":245,"column":40},"end":{"line":245,"column":41}},"55":{"start":{"line":256,"column":8},"end":{"line":256,"column":14}},"56":{"start":{"line":262,"column":13},"end":{"line":262,"column":41}},"57":{"start":{"line":263,"column":4},"end":{"line":263,"column":11}},"58":{"start":{"line":268,"column":25},"end":{"line":268,"column":36}},"59":{"start":{"line":268,"column":47},"end":{"line":268,"column":52}},"60":{"start":{"line":269,"column":39},"end":{"line":269,"column":10}},"61":{"start":{"line":274,"column":4},"end":{"line":284,"column":null}},"62":{"start":{"line":275,"column":29},"end":{"line":275,"column":67}},"63":{"start":{"line":277,"column":8},"end":{"line":277,"column":15}},"64":{"start":{"line":277,"column":41},"end":{"line":277,"column":43}},"65":{"start":{"line":279,"column":8},"end":{"line":279,"column":14}},"66":{"start":{"line":287,"column":13},"end":{"line":287,"column":46}},"67":{"start":{"line":288,"column":29},"end":{"line":288,"column":52}},"68":{"start":{"line":289,"column":4},"end":{"line":289,"column":11}},"69":{"start":{"line":296,"column":25},"end":{"line":296,"column":10}},"70":{"start":{"line":309,"column":4},"end":{"line":313,"column":null}},"71":{"start":{"line":310,"column":8},"end":{"line":310,"column":19}},"72":{"start":{"line":312,"column":8},"end":{"line":312,"column":14}},"73":{"start":{"line":315,"column":20},"end":{"line":315,"column":32}},"74":{"start":{"line":318,"column":34},"end":{"line":318,"column":45}},"75":{"start":{"line":319,"column":21},"end":{"line":319,"column":null}},"76":{"start":{"line":320,"column":40},"end":{"line":320,"column":null}},"77":{"start":{"line":322,"column":30},"end":{"line":322,"column":51}},"78":{"start":{"line":323,"column":32},"end":{"line":323,"column":43}},"79":{"start":{"line":324,"column":12},"end":{"line":324,"column":19}},"80":{"start":{"line":327,"column":8},"end":{"line":327,"column":15}},"81":{"start":{"line":333,"column":61},"end":{"line":333,"column":null}},"82":{"start":{"line":341,"column":4},"end":{"line":343,"column":null}},"83":{"start":{"line":342,"column":8},"end":{"line":342,"column":14}},"84":{"start":{"line":345,"column":4},"end":{"line":345,"column":11}},"85":{"start":{"line":352,"column":13},"end":{"line":352,"column":46}},"86":{"start":{"line":353,"column":4},"end":{"line":353,"column":11}},"87":{"start":{"line":359,"column":4},"end":{"line":379,"column":null}},"88":{"start":{"line":360,"column":27},"end":{"line":360,"column":14}},"89":{"start":{"line":366,"column":29},"end":{"line":366,"column":72}},"90":{"start":{"line":368,"column":8},"end":{"line":368,"column":null}},"91":{"start":{"line":369,"column":38},"end":{"line":369,"column":null}},"92":{"start":{"line":378,"column":8},"end":{"line":378,"column":14}},"93":{"start":{"line":382,"column":13},"end":{"line":382,"column":39}},"94":{"start":{"line":383,"column":4},"end":{"line":383,"column":11}},"95":{"start":{"line":389,"column":30},"end":{"line":389,"column":47}},"96":{"start":{"line":390,"column":27},"end":{"line":390,"column":44}},"97":{"start":{"line":391,"column":26},"end":{"line":391,"column":43}},"98":{"start":{"line":393,"column":24},"end":{"line":393,"column":10}},"99":{"start":{"line":396,"column":4},"end":{"line":407,"column":null}},"100":{"start":{"line":397,"column":8},"end":{"line":397,"column":14}},"101":{"start":{"line":406,"column":8},"end":{"line":406,"column":14}},"102":{"start":{"line":410,"column":13},"end":{"line":410,"column":45}},"103":{"start":{"line":411,"column":4},"end":{"line":411,"column":11}},"104":{"start":{"line":418,"column":29},"end":{"line":418,"column":52}},"105":{"start":{"line":420,"column":24},"end":{"line":420,"column":10}},"106":{"start":{"line":428,"column":4},"end":{"line":432,"column":null}},"107":{"start":{"line":429,"column":8},"end":{"line":429,"column":15}},"108":{"start":{"line":431,"column":8},"end":{"line":431,"column":14}},"109":{"start":{"line":435,"column":13},"end":{"line":435,"column":50}},"110":{"start":{"line":439,"column":4},"end":{"line":439,"column":11}},"111":{"start":{"line":446,"column":24},"end":{"line":446,"column":10}},"112":{"start":{"line":450,"column":4},"end":{"line":454,"column":null}},"113":{"start":{"line":451,"column":8},"end":{"line":451,"column":15}},"114":{"start":{"line":453,"column":8},"end":{"line":453,"column":14}}},"fnMap":{"0":{"name":"(anonymous_1)","decl":{"start":{"line":99,"column":33},"end":{"line":99,"column":44}},"loc":{"start":{"line":99,"column":44},"end":{"line":125,"column":null}}},"1":{"name":"(anonymous_2)","decl":{"start":{"line":127,"column":34},"end":{"line":127,"column":63}},"loc":{"start":{"line":127,"column":63},"end":{"line":129,"column":null}}},"2":{"name":"(anonymous_3)","decl":{"start":{"line":131,"column":39},"end":{"line":131,"column":66}},"loc":{"start":{"line":131,"column":66},"end":{"line":137,"column":null}}},"3":{"name":"(anonymous_4)","decl":{"start":{"line":141,"column":21},"end":{"line":141,"column":31}},"loc":{"start":{"line":141,"column":78},"end":{"line":147,"column":null}}},"4":{"name":"(anonymous_5)","decl":{"start":{"line":149,"column":36},"end":{"line":149,"column":43}},"loc":{"start":{"line":149,"column":86},"end":{"line":178,"column":null}}},"5":{"name":"(anonymous_6)","decl":{"start":{"line":168,"column":29},"end":{"line":168,"column":33}},"loc":{"start":{"line":168,"column":38},"end":{"line":168,"column":null}}},"6":{"name":"(anonymous_7)","decl":{"start":{"line":180,"column":40},"end":{"line":180,"column":47}},"loc":{"start":{"line":180,"column":83},"end":{"line":203,"column":null}}},"7":{"name":"(anonymous_8)","decl":{"start":{"line":205,"column":46},"end":{"line":205,"column":53}},"loc":{"start":{"line":205,"column":96},"end":{"line":227,"column":null}}},"8":{"name":"(anonymous_9)","decl":{"start":{"line":212,"column":42},"end":{"line":212,"column":48}},"loc":{"start":{"line":212,"column":48},"end":{"line":212,"column":53}}},"9":{"name":"(anonymous_10)","decl":{"start":{"line":229,"column":39},"end":{"line":229,"column":46}},"loc":{"start":{"line":229,"column":91},"end":{"line":260,"column":null}}},"10":{"name":"(anonymous_11)","decl":{"start":{"line":236,"column":43},"end":{"line":236,"column":49}},"loc":{"start":{"line":236,"column":49},"end":{"line":236,"column":54}}},"11":{"name":"(anonymous_12)","decl":{"start":{"line":245,"column":32},"end":{"line":245,"column":36}},"loc":{"start":{"line":245,"column":39},"end":{"line":254,"column":null}}},"12":{"name":"(anonymous_13)","decl":{"start":{"line":262,"column":41},"end":{"line":262,"column":48}},"loc":{"start":{"line":262,"column":101},"end":{"line":285,"column":null}}},"13":{"name":"(anonymous_14)","decl":{"start":{"line":268,"column":41},"end":{"line":268,"column":47}},"loc":{"start":{"line":268,"column":47},"end":{"line":268,"column":52}}},"14":{"name":"(anonymous_15)","decl":{"start":{"line":277,"column":32},"end":{"line":277,"column":36}},"loc":{"start":{"line":277,"column":41},"end":{"line":277,"column":43}}},"15":{"name":"(anonymous_16)","decl":{"start":{"line":287,"column":46},"end":{"line":287,"column":53}},"loc":{"start":{"line":287,"column":111},"end":{"line":350,"column":null}}},"16":{"name":"(anonymous_17)","decl":{"start":{"line":319,"column":13},"end":{"line":319,"column":17}},"loc":{"start":{"line":319,"column":21},"end":{"line":319,"column":null}}},"17":{"name":"(anonymous_18)","decl":{"start":{"line":320,"column":16},"end":{"line":320,"column":17}},"loc":{"start":{"line":320,"column":40},"end":{"line":320,"column":null}}},"18":{"name":"(anonymous_19)","decl":{"start":{"line":322,"column":56},"end":{"line":322,"column":63}},"loc":{"start":{"line":322,"column":66},"end":{"line":339,"column":null}}},"19":{"name":"(anonymous_20)","decl":{"start":{"line":323,"column":51},"end":{"line":323,"column":55}},"loc":{"start":{"line":323,"column":58},"end":{"line":325,"column":null}}},"20":{"name":"(anonymous_21)","decl":{"start":{"line":333,"column":40},"end":{"line":333,"column":61}},"loc":{"start":{"line":333,"column":61},"end":{"line":333,"column":null}}},"21":{"name":"(anonymous_22)","decl":{"start":{"line":352,"column":46},"end":{"line":352,"column":53}},"loc":{"start":{"line":352,"column":102},"end":{"line":380,"column":null}}},"22":{"name":"(anonymous_23)","decl":{"start":{"line":369,"column":29},"end":{"line":369,"column":33}},"loc":{"start":{"line":369,"column":38},"end":{"line":369,"column":null}}},"23":{"name":"(anonymous_24)","decl":{"start":{"line":382,"column":39},"end":{"line":382,"column":46}},"loc":{"start":{"line":382,"column":118},"end":{"line":408,"column":null}}},"24":{"name":"(anonymous_25)","decl":{"start":{"line":410,"column":45},"end":{"line":410,"column":52}},"loc":{"start":{"line":410,"column":112},"end":{"line":433,"column":null}}},"25":{"name":"(anonymous_26)","decl":{"start":{"line":435,"column":50},"end":{"line":435,"column":null}},"loc":{"start":{"line":438,"column":25},"end":{"line":455,"column":null}}}},"branchMap":{"0":{"loc":{"start":{"line":102,"column":4},"end":{"line":122,"column":null}},"type":"if","locations":[{"start":{"line":102,"column":4},"end":{"line":122,"column":null}},{"start":{"line":102,"column":4},"end":{"line":122,"column":null}}]},"1":{"loc":{"start":{"line":102,"column":8},"end":{"line":102,"column":50}},"type":"binary-expr","locations":[{"start":{"line":102,"column":8},"end":{"line":102,"column":50}},{"start":{"line":102,"column":50},"end":{"line":102,"column":83}}]},"2":{"loc":{"start":{"line":132,"column":4},"end":{"line":134,"column":null}},"type":"if","locations":[{"start":{"line":132,"column":4},"end":{"line":134,"column":null}},{"start":{"line":132,"column":4},"end":{"line":134,"column":null}}]},"3":{"loc":{"start":{"line":142,"column":4},"end":{"line":144,"column":null}},"type":"if","locations":[{"start":{"line":142,"column":4},"end":{"line":144,"column":null}},{"start":{"line":142,"column":4},"end":{"line":144,"column":null}}]},"4":{"loc":{"start":{"line":168,"column":12},"end":{"line":168,"column":24}},"type":"binary-expr","locations":[{"start":{"line":168,"column":12},"end":{"line":168,"column":24}},{"start":{"line":173,"column":19},"end":{"line":173,"column":null}}]},"5":{"loc":{"start":{"line":251,"column":55},"end":{"line":251,"column":59}},"type":"cond-expr","locations":[{"start":{"line":251,"column":55},"end":{"line":251,"column":59}},{"start":{"line":251,"column":59},"end":{"line":251,"column":null}}]},"6":{"loc":{"start":{"line":251,"column":30},"end":{"line":251,"column":59}},"type":"binary-expr","locations":[{"start":{"line":251,"column":30},"end":{"line":251,"column":59}},{"start":{"line":251,"column":55},"end":{"line":251,"column":59}}]},"7":{"loc":{"start":{"line":341,"column":4},"end":{"line":343,"column":null}},"type":"if","locations":[{"start":{"line":341,"column":4},"end":{"line":343,"column":null}},{"start":{"line":341,"column":4},"end":{"line":343,"column":null}}]},"8":{"loc":{"start":{"line":341,"column":8},"end":{"line":341,"column":20}},"type":"binary-expr","locations":[{"start":{"line":341,"column":8},"end":{"line":341,"column":20}},{"start":{"line":341,"column":20},"end":{"line":341,"column":52}}]},"9":{"loc":{"start":{"line":369,"column":12},"end":{"line":369,"column":24}},"type":"binary-expr","locations":[{"start":{"line":369,"column":12},"end":{"line":369,"column":24}},{"start":{"line":375,"column":19},"end":{"line":375,"column":null}}]}},"s":{"0":88,"1":88,"2":88,"3":88,"4":88,"5":88,"6":0,"7":0,"8":0,"9":0,"10":88,"11":0,"12":88,"13":0,"14":0,"15":0,"16":88,"17":0,"18":0,"19":0,"20":0,"21":88,"22":0,"23":0,"24":0,"25":0,"26":0,"27":0,"28":0,"29":0,"30":88,"31":0,"32":0,"33":0,"34":0,"35":0,"36":0,"37":0,"38":88,"39":0,"40":0,"41":0,"42":0,"43":0,"44":0,"45":0,"46":88,"47":0,"48":0,"49":0,"50":0,"51":0,"52":0,"53":0,"54":0,"55":0,"56":88,"57":0,"58":0,"59":0,"60":0,"61":0,"62":0,"63":0,"64":0,"65":0,"66":88,"67":0,"68":0,"69":0,"70":0,"71":0,"72":0,"73":0,"74":0,"75":0,"76":0,"77":0,"78":0,"79":0,"80":0,"81":0,"82":0,"83":0,"84":0,"85":88,"86":0,"87":0,"88":0,"89":0,"90":0,"91":0,"92":0,"93":88,"94":0,"95":0,"96":0,"97":0,"98":0,"99":0,"100":0,"101":0,"102":88,"103":0,"104":0,"105":0,"106":0,"107":0,"108":0,"109":88,"110":0,"111":0,"112":0,"113":0,"114"
[...]
,"/Users/dannydavies/Documents/tfn/fares-data-build-tool/repos/fdbt-site/src/utils/sessions.ts": {"path":"/Users/dannydavies/Documents/tfn/fares-data-build-tool/repos/fdbt-site/src/utils/sessions.ts","statementMap":{"0":{"start":{"line":28,"column":0},"end":{"line":28,"column":null}},"1":{"start":{"line":146,"column":13},"end":{"line":146,"column":35}},"2":{"start":{"line":149,"column":37},"end":{"line":149,"column":38}},"3":{"start":{"line":151,"column":13},"end":{"line":151,"column":38}},"4":{"start":{"line":156,"column":4},"end":{"line":156,"column":7}},"5":{"start":{"line":159,"column":13},"end":{"line":159,"column":30}},"6":{"start":{"line":160,"column":4},"end":{"line":160,"column":7}},"7":{"start":{"line":161,"column":8},"end":{"line":163,"column":null}},"8":{"start":{"line":162,"column":12},"end":{"line":162,"column":18}}},"fnMap":{"0":{"name":"(anonymous_0)","decl":{"start":{"line":146,"column":35},"end":{"line":146,"column":null}},"loc":{"start":{"line":149,"column":37},"end":{"line":149,"column":null}}},"1":{"name":"(anonymous_1)","decl":{"start":{"line":151,"column":38},"end":{"line":151,"column":null}},"loc":{"start":{"line":155,"column":10},"end":{"line":157,"column":null}}},"2":{"name":"(anonymous_2)","decl":{"start":{"line":159,"column":31},"end":{"line":159,"column":72}},"loc":{"start":{"line":159,"column":72},"end":{"line":165,"column":null}}},"3":{"name":"(anonymous_3)","decl":{"start":{"line":160,"column":24},"end":{"line":160,"column":27}},"loc":{"start":{"line":160,"column":30},"end":{"line":164,"column":null}}}},"branchMap":{"0":{"loc":{"start":{"line":149,"column":50},"end":{"line":149,"column":53}},"type":"cond-expr","locations":[{"start":{"line":149,"column":50},"end":{"line":149,"column":53}},{"start":{"line":149,"column":50},"end":{"line":149,"column":53}}]},"1":{"loc":{"start":{"line":149,"column":37},"end":{"line":149,"column":53}},"type":"binary-expr","locations":[{"start":{"line":149,"column":37},"end":{"line":149,"column":53}},{"start":{"line":149,"column":50},"end":{"line":149,"column":53}}]},"2":{"loc":{"start":{"line":149,"column":41},"end":{"line":149,"column":43}},"type":"cond-expr","locations":[{"start":{"line":149,"column":41},"end":{"line":149,"column":43}},{"start":{"line":149,"column":38},"end":{"line":149,"column":50}}]},"3":{"loc":{"start":{"line":149,"column":38},"end":{"line":149,"column":43}},"type":"binary-expr","locations":[{"start":{"line":149,"column":38},"end":{"line":149,"column":43}},{"start":{"line":149,"column":38},"end":{"line":149,"column":43}}]},"4":{"loc":{"start":{"line":161,"column":8},"end":{"line":163,"column":null}},"type":"if","locations":[{"start":{"line":161,"column":8},"end":{"line":163,"column":null}},{"start":{"line":161,"column":8},"end":{"line":163,"column":null}}]}},"s":{"0":102,"1":102,"2":498,"3":102,"4":75,"5":102,"6":1,"7":0,"8":0},"f":{"0":498,"1":75,"2":1,"3":0},"b":{"0":[0,498],"1":[498,498],"2":[0,498],"3":[498,498],"4":[0,0]}}
,"/Users/dannydavies/Documents/tfn/fares-data-build-tool/repos/fdbt-site/tests/testData/csvFareTriangleData.ts": {"path":"/Users/dannydavies/Documents/tfn/fares-data-build-tool/repos/fdbt-site/tests/testData/csvFareTriangleData.ts","statementMap":{"0":{"start":{"line":1,"column":13},"end":{"line":1,"column":null}},"1":{"start":{"line":11,"column":13},"end":{"line":11,"column":null}},"2":{"start":{"line":20,"column":13},"end":{"line":20,"column":null}},"3":{"start":{"line":30,"column":13},"end":{"line":30,"column":null}},"4":{"start":{"line":40,"column":13},"end":{"line":40,"column":null}},"5":{"start":{"line":50,"column":13},"end":{"line":50,"column":null}},"6":{"start":{"line":60,"column":13},"end":{"line":60,"column":33}},"7":{"start":{"line":75,"column":13},"end":{"line":75,"column":47}},"8":{"start":{"line":90,"column":13},"end":{"line":90,"column":31}}},"fnMap":{},"branchMap":{},"s":{"0":1,"1":1,"2":1,"3":1,"4":1,"5":1,"6":1,"7":1,"8":1},"f":{},"b":{}}
,"/Users/dannydavies/Documents/tfn/fares-data-build-tool/repos/fdbt-site/tests/testData/csvZoneData.ts": {"path":"/Users/dannydavies/Documents/tfn/fares-data-build-tool/repos/fdbt-site/tests/testData/csvZoneData.ts","statementMap":{"0":{"start":{"line":1,"column":0},"end":{"line":1,"column":null}},"1":{"start":{"line":2,"column":13},"end":{"line":2,"column":null}},"2":{"start":{"line":14,"column":13},"end":{"line":14,"column":34}},"3":{"start":{"line":31,"column":13},"end":{"line":31,"column":32}},"4":{"start":{"line":85,"column":13},"end":{"line":85,"column":null}},"5":{"start":{"line":97,"column":13},"end":{"line":97,"column":46}},"6":{"start":{"line":131,"column":13},"end":{"line":131,"column":null}},"7":{"start":{"line":143,"column":13},"end":{"line":143,"column":48}},"8":{"start":{"line":160,"column":13},"end":{"line":160,"column":50}},"9":{"start":{"line":213,"column":13},"end":{"line":213,"column":46}},"10":{"start":{"line":267,"column":13},"end":{"line":267,"column":null}},"11":{"start":{"line":279,"column":13},"end":{"line":279,"column":59}},"12":{"start":{"line":318,"column":13},"end":{"line":318,"column":null}}},"fnMap":{},"branchMap":{},"s":{"0":1,"1":1,"2":1,"3":1,"4":1,"5":1,"6":1,"7":1,"8":1,"9":1,"10":1,"11":1,"12":1},"f":{},"b":{}}
,"/Users/dannydavies/Documents/tfn/fares-data-build-tool/repos/fdbt-site/tests/testData/mockData.ts": {"path":"/Users/dannydavies/Documents/tfn/fares-data-build-tool/repos/fdbt-site/tests/testData/mockData.ts","statementMap":{"0":{"start":{"line":2,"column":0},"end":{"line":2,"column":null}},"1":{"start":{"line":3,"column":0},"end":{"line":3,"column":null}},"2":{"start":{"line":4,"column":0},"end":{"line":4,"column":null}},"3":{"start":{"line":23,"column":0},"end":{"line":23,"column":null}},"4":{"start":{"line":24,"column":0},"end":{"line":24,"column":null}},"5":{"start":{"line":78,"column":13},"end":{"line":78,"column":41}},"6":{"start":{"line":89,"column":16},"end":{"line":89,"column":20}},"7":{"start":{"line":90,"column":4},"end":{"line":90,"column":7}},"8":{"start":{"line":91,"column":4},"end":{"line":91,"column":7}},"9":{"start":{"line":92,"column":24},"end":{"line":92,"column":null}},"10":{"start":{"line":104,"column":8},"end":{"line":104,"column":null}},"11":{"start":{"line":106,"column":27},"end":{"line":106,"column":null}},"12":{"start":{"line":170,"column":43},"end":{"line":170,"column":null}},"13":{"start":{"line":172,"column":23},"end":{"line":172,"column":null}},"14":{"start":{"line":174,"column":4},"end":{"line":174,"column":16}},"15":{"start":{"line":178,"column":4},"end":{"line":178,"column":16}},"16":{"start":{"line":182,"column":4},"end":{"line":182,"column":16}},"17":{"start":{"line":184,"column":4},"end":{"line":184,"column":16}},"18":{"start":{"line":186,"column":4},"end":{"line":186,"column":16}},"19":{"start":{"line":188,"column":16},"end":{"line":188,"column":28}},"20":{"start":{"line":203,"column":4},"end":{"line":205,"column":null}},"21":{"start":{"line":204,"column":8},"end":{"line":204,"column":11}},"22":{"start":{"line":207,"column":4},"end":{"line":207,"column":11}},"23":{"start":{"line":210,"column":13},"end":{"line":210,"column":30}},"24":{"start":{"line":221,"column":25},"end":{"line":221,"column":51}},"25":{"start":{"line":233,"column":44},"end":{"line":233,"column":null}},"26":{"start":{"line":238,"column":23},"end":{"line":238,"column":29}},"27":{"start":{"line":241,"column":4},"end":{"line":241,"column":11}},"28":{"start":{"line":244,"column":13},"end":{"line":244,"column":null}},"29":{"start":{"line":247,"column":13},"end":{"line":247,"column":57}},"30":{"start":{"line":362,"column":13},"end":{"line":362,"column":65}},"31":{"start":{"line":390,"column":13},"end":{"line":390,"column":42}},"32":{"start":{"line":512,"column":13},"end":{"line":512,"column":56}},"33":{"start":{"line":667,"column":13},"end":{"line":667,"column":46}},"34":{"start":{"line":757,"column":13},"end":{"line":757,"column":33}},"35":{"start":{"line":910,"column":13},"end":{"line":910,"column":46}},"36":{"start":{"line":929,"column":13},"end":{"line":929,"column":37}},"37":{"start":{"line":936,"column":13},"end":{"line":936,"column":36}},"38":{"start":{"line":984,"column":13},"end":{"line":984,"column":78}},"39":{"start":{"line":1082,"column":13},"end":{"line":1082,"column":79}},"40":{"start":{"line":1149,"column":13},"end":{"line":1149,"column":67}},"41":{"start":{"line":1166,"column":13},"end":{"line":1166,"column":61}},"42":{"start":{"line":1183,"column":13},"end":{"line":1183,"column":58}},"43":{"start":{"line":1206,"column":13},"end":{"line":1206,"column":50}},"44":{"start":{"line":1340,"column":13},"end":{"line":1340,"column":61}},"45":{"start":{"line":1503,"column":13},"end":{"line":1503,"column":58}},"46":{"start":{"line":1637,"column":13},"end":{"line":1637,"column":84}},"47":{"start":{"line":1676,"column":13},"end":{"line":1676,"column":98}},"48":{"start":{"line":1716,"column":13},"end":{"line":1716,"column":102}},"49":{"start":{"line":1774,"column":13},"end":{"line":1774,"column":129}},"50":{"start":{"line":1903,"column":13},"end":{"line":1903,"column":54}},"51":{"start":{"line":1945,"column":13},"end":{"line":1945,"column":66}},"52":{"start":{"line":1986,"column":13},"end":{"line":1986,"column":48}},"53":{"start":{"line":2012,"column":13},"end":{"line":2012,"column":61}},"54":{"start":{"line":2035,"column":13},"end":{"line":2035,"column":55}},"55":{"start":{"line":2088,"column":13},"end":{"line":2088,"column":52}},"56":{"start":{"line":2131,"column":13},"end":{"line":2131,"column":51}},"57":{"start":{"line":2175,"column":13},"end":{"line":2175,"column":53}},"58":{"start":{"line":2208,"column":13},"end":{"line":2208,"column":51}},"59":{"start":{"line":2215,"column":13},"end":{"line":2215,"column":82}},"60":{"start":{"line":2259,"column":13},"end":{"line":2259,"column":97}},"61":{"start":{"line":2312,"column":13},"end":{"line":2312,"column":92}},"62":{"start":{"line":2358,"column":13},"end":{"line":2358,"column":73}},"63":{"start":{"line":2415,"column":13},"end":{"line":2415,"column":83}},"64":{"start":{"line":2477,"column":13},"end":{"line":2477,"column":88}},"65":{"start":{"line":2539,"column":13},"end":{"line":2539,"column":81}},"66":{"start":{"line":2622,"column":13},"end":{"line":2622,"column":96}},"67":{"start":{"line":2715,"column":13},"end":{"line":2715,"column":64}},"68":{"start":{"line":2726,"column":13},"end":{"line":2726,"column":96}},"69":{"start":{"line":2823,"column":13},"end":{"line":2823,"column":57}},"70":{"start":{"line":2838,"column":13},"end":{"line":2838,"column":73}},"71":{"start":{"line":2865,"column":13},"end":{"line":2865,"column":104}},"72":{"start":{"line":2957,"column":13},"end":{"line":2957,"column":109}},"73":{"start":{"line":3009,"column":13},"end":{"line":3009,"column":65}},"74":{"start":{"line":3027,"column":13},"end":{"line":3027,"column":68}},"75":{"start":{"line":3047,"column":13},"end":{"line":3047,"column":78}},"76":{"start":{"line":3076,"column":13},"end":{"line":3076,"column":84}},"77":{"start":{"line":3113,"column":13},"end":{"line":3113,"column":99}},"78":{"start":{"line":3150,"column":13},"end":{"line":3150,"column":60}},"79":{"start":{"line":3154,"column":13},"end":{"line":3154,"column":99}},"80":{"start":{"line":3191,"column":13},"end":{"line":3191,"column":60}},"81":{"start":{"line":3206,"column":13},"end":{"line":3206,"column":107}},"82":{"start":{"line":3243,"column":13},"end":{"line":3243,"column":68}},"83":{"start":{"line":3258,"column":13},"end":{"line":3258,"column":73}},"84":{"start":{"line":3303,"column":13},"end":{"line":3303,"column":92}},"85":{"start":{"line":3348,"column":13},"end":{"line":3348,"column":96}},"86":{"start":{"line":3395,"column":13},"end":{"line":3395,"column":103}},"87":{"start":{"line":3443,"column":13},"end":{"line":3443,"column":88}},"88":{"start":{"line":3488,"column":13},"end":{"line":3488,"column":70}}},"fnMap":{"0":{"name":"(anonymous_1)","decl":{"start":{"line":78,"column":41},"end":{"line":78,"column":42}},"loc":{"start":{"line":88,"column":61},"end":{"line":208,"column":null}}},"1":{"name":"(anonymous_2)","decl":{"start":{"line":166,"column":17},"end":{"line":166,"column":28}},"loc":{"start":{"line":166,"column":28},"end":{"line":166,"column":null}}},"2":{"name":"(anonymous_3)","decl":{"start":{"line":210,"column":30},"end":{"line":210,"column":31}},"loc":{"start":{"line":220,"column":59},"end":{"line":242,"column":null}}},"3":{"name":"(anonymous_4)","decl":{"start":{"line":238,"column":17},"end":{"line":238,"column":23}},"loc":{"start":{"line":238,"column":23},"end":{"line":238,"column":29}}}},"branchMap":{"0":{"loc":{"start":{"line":88,"column":31},"end":{"line":88,"column":61}},"type":"default-arg","locations":[{"start":{"line":88,"column":31},"end":{"line":88,"column":61}}]},"1":{"loc":{"start":{"line":79,"column":19},"end":{"line":79,"column":null}},"type":"default-arg","locations":[{"start":{"line":79,"column":19},"end":{"line":79,"column":null}}]},"2":{"loc":{"start":{"line":80,"column":11},"end":{"line":80,"column":null}},"type":"default-arg","locations":[{"start":{"line":80,"column":11},"end":{"line":80,"column":null}}]},"3":{"loc":{"start":{"line":81,"column":11},"end":{"line":81,"column":null}},"type":"default-arg","locations":[{"start":{"line":81,"column":11},"end":{"line":81,"column":null}}]},"4":{"loc":{"start":{"line":82,"column":22},"end":{"line":82,"column":26}},"type":"default-arg","locations":[{"start":{"line":82,"column":22},"end":{"line":82,"column":26}}]},"5":{"loc":{"start":{"line":83,"column":16},"end":{"line":83,"column":20}},"type":"default-arg","locations":[{"start":{"line":83,"column":16},"end":{"line":83,"column":20}}]},"6":{"loc":{"start":{"line":84,"column":21},"end":{"line":84,"column":null}},"type":"default-arg","locations":[{"start":{"line":84,"column":21},"end":{"line":84,"column":null}}]},"7":{"loc":{"start":{"line":85,"column":17},"end":{"line":85,"column":null}},"type":"default-arg","locations":[{"start":{"line":85,"column":17},"end":{"line":85,"column":null}}]},"8":{"loc":{"start":{"line":86,"column":10},"end":{"line":86,"column":null}},"type":"default-arg","locations":[{"start":{"line":86,"column":10},"end":{"line":86,"column":null}}]},"9":{"loc":{"start":{"line":95,"column":19},"end":{"line":95,"column":null}},"type":"default-arg","locations":[{"start":{"line":95,"column":19},"end":{"line":95,"column":null}}]},"10":{"loc":{"start":{"line":99,"column":22},"end":{"line":99,"column":null}},"type":"default-arg","locations":[{"start":{"line":99,"column":22},"end":{"line":99,"column":null}}]},"11":{"loc":{"start":{"line":100,"column":23},"end":{"line":100,"column":null}},"type":"default-arg","locations":[{"start":{"line":100,"column":23},"end":{"line":100,"column":null}}]},"12":{"loc":{"start":{"line":101,"column":18},"end":{"line":101,"column":null}},"type":"default-arg","locations":[{"start":{"line":101,"column":18},"end":{"line":101,"column":null}}]},"13":{"loc":{"start":{"line":102,"column":26},"end":{"line":102,"column":null}},"type":"default-arg","locations":[{"start":{"line":102,"column":26},"end":{"line":102,"column":null}}]},"14":{"loc":{"start":{"line":103,"column":23},"end":{"line":103,"column":null}},"type":"default-arg","locations":[{"start":{"line":103,"column":23},"end":{"line":103,"column":null}}]},"15":{"loc":{"start":{"line":170,"column":27},"end":{"line":170,"column":43}},"type":"default-arg","locations":[{"start":{"line":170,"column":27},"end":{"line":170,"column":43}}]},"16":{"loc":{"start":{"line":175,"column":10},"end":{"line":175,"column":null}},"type":"cond-expr","locations":[{"start":{"line":175,"column":10},"end":{"line":175,"column":null}},{"start":{"line":176,"column":10},"end":{"line":176,"column":null}}]},"17":{"loc":{"start":{"line":179,"column":10},"end":{"line":179,"column":null}},"type":"cond-expr","locations":[{"start":{"line":179,"column":10},"end":{"line":179,"column":null}},{"start":{"line":180,"column":10},"end":{"line":180,"column":null}}]},"18":{"loc":{"start":{"line":182,"column":33},"end":{"line":182,"column":68}},"type":"cond-expr","locations":[{"start":{"line":182,"column":33},"end":{"line":182,"column":68}},{"start":{"line":182,"column":68},"end":{"line":182,"column":null}}]},"19":{"loc":{"start":{"line":184,"column":38},"end":{"line":184,"column":103}},"type":"cond-expr","locations":[{"start":{"line":184,"column":38},"end":{"line":184,"column":103}},{"start":{"line":184,"column":103},"end":{"line":184,"column":null}}]},"20":{"loc":{"start":{"line":186,"column":35},"end":{"line":186,"column":107}},"type":"cond-expr","locations":[{"start":{"line":186,"column":35},"end":{"line":186,"column":107}},{"start":{"line":186,"column":107},"end":{"line":186,"column":null}}]},"21":{"loc":{"start":{"line":203,"column":4},"end":{"line":205,"column":null}},"type":"if","locations":[{"start":{"line":203,"column":4},"end":{"line":205,"column":null}},{"start":{"line":203,"column":4},"end":{"line":205,"column":null}}]},"22":{"loc":{"start":{"line":220,"column":25},"end":{"line":220,"column":59}},"type":"default-arg","locations":[{"start":{"line":220,"column":25},"end":{"line":220,"column":59}}]},"23":{"loc":{"start":{"line":212,"column":14},"end":{"line":212,"column":null}},"type":"default-arg","locations":[{"start":{"line":212,"column":14},"end":{"line":212,"column":null}}]},"24":{"loc":{"start":{"line":213,"column":11},"end":{"line":213,"column":null}},"type":"default-arg","locations":[{"start":{"line":213,"column":11},"end":{"line":213,"column":null}}]},"25":{"loc":{"start":{"line":214,"column":11},"end":{"line":214,"column":null}},"type":"default-arg","locations":[{"start":{"line":214,"column":11},"end":{"line":214,"column":null}}]},"26":{"loc":{"start":{"line":215,"column":22},"end":{"line":215,"column":26}},"type":"default-arg","locations":[{"start":{"line":215,"column":22},"end":{"line":215,"column":26}}]},"27":{"loc":{"start":{"line":216,"column":16},"end":{"line":216,"column":20}},"type":"default-arg","locations":[{"start":{"line":216,"column":16},"end":{"line":216,"column":20}}]},"28":{"loc":{"start":{"line":217,"column":17},"end":{"line":217,"column":null}},"type":"default-arg","locations":[{"start":{"line":217,"column":17},"end":{"line":217,"column":null}}]},"29":{"loc":{"start":{"line":218,"column":10},"end":{"line":218,"column":null}},"type":"default-arg","locations":[{"start":{"line":218,"column":10},"end":{"line":218,"column":null}}]},"30":{"loc":{"start":{"line":219,"column":12},"end":{"line":219,"column":null}},"type":"default-arg","locations":[{"start":{"line":219,"column":12},"end":{"line":219,"column":null}}]}},"s":{"0":86,"1":86,"2":86,"3":86,"4":86,"5":86,"6":431,"7":431,"8":431,"9":431,"10":431,"11":431,"12":431,"13":431,"14":431,"15":431,"16":431,"17":431,"18":431,"19":431,"20":431,"21":233,"22":431,"23":86,"24":130,"25":130,"26":0,"27":130,"28":86,"29":86,"30":86,"31":86,"32":86,"33":86,"34":86,"35":86,"36":86,"37":86,"38":86,"39":86,"40":86,"41":86,"42":86,"43":86,"44":86,"45":86,"46":86,"47":86,"48":86,"49":86,"50":86,"51":86,"52":86,"53":86,"54":86,"55":86,"56":86,"57":86,"58":86,"59":86,"60":86,"61":86,"62":86,"63":86,"64":86,"65":86,"66":86,"67":86,"68":86,"69":86,"70":86,"71":86,"72":86,"73":86,"74":86,"75":86,"76":86,"77":86,"78":86,"79":86,"80":86,"81":86,"82":86,"83":86,"84":86,"85":86,"86":86,"87":86,"88":86},"f":{"0":431,"1":1,"2":130,"3":0},"b":{"0":[4],"1":[134],"2":[42],"3":[170],"4":[124],"5":[293],"6":[291],"7":[301],"8":[301],"9":[399],"10":[430],"11":[430],"12":[416],"13":[428],"14":[430],"15":[429],"16":[408,23],"17":[430,1],"18":[428,3],"19":[3,428],"20":[1,430],"21":[233,198],"22":[29],"23":[100],"24":[124],"25":[124],"26":[124],"27":[125],"28":[127],"29":[129],"30":[124]}}
}
