TN:
SF:src/components/ConfirmationTable.tsx
FN:14,(anonymous_1)
FN:15,(anonymous_2)
FNF:2
FNH:2
FNDA:1,(anonymous_1)
FNDA:2,(anonymous_2)
DA:1,5
DA:14,5
DA:15,1
DA:16,2
DA:33,1
DA:49,5
LF:6
LH:6
BRDA:23,0,0,2
BRDA:23,0,1,0
BRF:2
BRH:1
end_of_record
TN:
SF:src/components/CsrfForm.tsx
FN:11,(anonymous_1)
FNF:1
FNH:1
FNDA:5,(anonymous_1)
DA:1,108
DA:11,108
DA:13,5
DA:18,108
LF:4
LH:4
BRF:0
BRH:0
end_of_record
TN:
SF:src/components/DirectionDropdown.tsx
FN:18,(anonymous_1)
FN:52,(anonymous_2)
FNF:2
FNH:2
FNDA:5,(anonymous_1)
FNDA:10,(anonymous_2)
DA:1,4
DA:4,4
DA:18,4
DA:29,5
DA:31,5
DA:32,0
DA:33,5
DA:34,1
DA:37,5
DA:53,10
DA:69,4
LF:11
LH:10
BRDA:21,0,0,0
BRDA:27,1,0,4
BRDA:31,2,0,0
BRDA:31,2,1,5
BRDA:33,3,0,1
BRDA:33,3,1,4
BRDA:39,4,0,1
BRDA:39,4,1,4
BRDA:44,5,0,5
BRDA:44,5,1,5
BRF:10
BRH:8
end_of_record
TN:
SF:src/components/ErrorSummary.tsx
FN:8,(anonymous_1)
FN:26,(anonymous_2)
FNF:2
FNH:1
FNDA:5,(anonymous_1)
FNDA:0,(anonymous_2)
DA:1,102
DA:8,102
DA:9,5
DA:10,5
DA:13,0
DA:27,0
DA:37,102
LF:7
LH:5
BRDA:9,0,0,5
BRDA:9,0,1,0
BRDA:9,1,0,5
BRDA:9,1,1,5
BRF:4
BRH:3
end_of_record
TN:
SF:src/components/FareTypeRadios.tsx
FN:13,(anonymous_1)
FN:23,(anonymous_2)
FN:45,(anonymous_3)
FNF:3
FNH:3
FNDA:2,(anonymous_1)
FNDA:8,(anonymous_2)
FNDA:2,(anonymous_3)
DA:1,3
DA:13,3
DA:14,2
DA:15,2
DA:24,8
DA:46,2
DA:69,3
LF:7
LH:7
BRDA:13,0,0,1
BRDA:14,1,0,2
BRDA:14,1,1,2
BRDA:18,2,0,1
BRDA:18,2,1,1
BRDA:41,3,0,1
BRDA:41,3,1,1
BRF:7
BRH:7
end_of_record
TN:
SF:src/components/FileAttachment.tsx
FN:10,(anonymous_1)
FNF:1
FNH:0
FNDA:0,(anonymous_1)
DA:1,88
DA:10,88
DA:16,0
DA:35,88
LF:4
LH:3
BRF:0
BRH:0
end_of_record
TN:
SF:src/components/FormElementWrapper.tsx
FN:19,(anonymous_1)
FN:25,(anonymous_2)
FN:26,(anonymous_3)
FN:31,(anonymous_4)
FN:39,(anonymous_5)
FN:51,(anonymous_6)
FNF:6
FNH:4
FNDA:7,(anonymous_1)
FNDA:0,(anonymous_2)
FNDA:0,(anonymous_3)
FNDA:15,(anonymous_4)
FNDA:8,(anonymous_5)
FNDA:7,(anonymous_6)
DA:1,105
DA:19,105
DA:20,7
DA:25,105
DA:26,0
DA:28,0
DA:31,105
DA:39,15
DA:41,15
DA:51,7
DA:57,105
LF:11
LH:9
BRDA:21,0,0,2
BRDA:21,0,1,5
BRDA:28,1,0,0
BRDA:28,1,1,0
BRDA:42,2,0,0
BRDA:42,2,1,15
BRDA:42,3,0,15
BRDA:42,3,1,0
BRDA:43,4,0,15
BRDA:43,4,1,7
BRDA:43,4,2,7
BRDA:51,5,0,7
BRDA:51,5,1,8
BRF:13
BRH:9
end_of_record
TN:
SF:src/components/Help.tsx
FN:3,(anonymous_1)
FNF:1
FNH:1
FNDA:11,(anonymous_1)
DA:1,118
DA:3,118
DA:4,11
DA:19,118
LF:4
LH:4
BRF:0
BRH:0
end_of_record
TN:
SF:src/components/InsetText.tsx
FN:7,(anonymous_1)
FNF:1
FNH:1
FNDA:1,(anonymous_1)
DA:1,3
DA:7,3
DA:8,1
DA:11,3
LF:4
LH:4
BRF:0
BRH:0
end_of_record
TN:
SF:src/components/MatchingBase.tsx
FN:37,(anonymous_7)
FN:43,(anonymous_8)
FN:45,(anonymous_9)
FN:58,(anonymous_10)
FN:65,(anonymous_11)
FN:75,(anonymous_12)
FN:83,(anonymous_13)
FN:90,(anonymous_14)
FN:109,(anonymous_15)
FN:111,(anonymous_16)
FN:116,(anonymous_17)
FN:127,(anonymous_18)
FN:129,(anonymous_19)
FN:134,(anonymous_20)
FN:141,(anonymous_21)
FN:237,(anonymous_22)
FN:255,(anonymous_23)
FN:262,(anonymous_24)
FNF:18
FNH:18
FNDA:28,(anonymous_7)
FNDA:420,(anonymous_8)
FNDA:420,(anonymous_9)
FNDA:3360,(anonymous_10)
FNDA:53,(anonymous_11)
FNDA:1,(anonymous_12)
FNDA:2,(anonymous_13)
FNDA:26,(anonymous_14)
FNDA:4,(anonymous_15)
FNDA:60,(anonymous_16)
FNDA:1,(anonymous_17)
FNDA:1,(anonymous_18)
FNDA:15,(anonymous_19)
FNDA:2,(anonymous_20)
FNDA:15,(anonymous_21)
FNDA:390,(anonymous_22)
FNDA:4,(anonymous_23)
FNDA:3120,(anonymous_24)
DA:2,4
DA:3,4
DA:4,4
DA:5,4
DA:9,4
DA:10,4
DA:37,4
DA:42,28
DA:44,420
DA:45,420
DA:46,420
DA:47,28
DA:51,420
DA:58,3360
DA:62,28
DA:65,4
DA:70,53
DA:75,1
DA:83,2
DA:90,4
DA:104,26
DA:106,26
DA:107,26
DA:109,26
DA:110,4
DA:112,60
DA:113,4
DA:115,4
DA:116,4
DA:119,4
DA:121,56
DA:124,4
DA:127,26
DA:128,1
DA:129,15
DA:130,1
DA:131,1
DA:134,26
DA:135,2
DA:136,2
DA:138,2
DA:139,1
DA:140,1
DA:142,15
DA:143,9
DA:148,6
DA:149,6
DA:152,1
DA:153,1
DA:154,1
DA:155,1
DA:156,2
DA:157,2
DA:158,2
DA:159,2
DA:163,10
DA:164,8
DA:172,1
DA:173,1
DA:174,1
DA:178,26
DA:179,0
DA:182,26
DA:238,390
DA:256,4
DA:263,3120
DA:294,4
LF:67
LH:66
BRDA:46,0,0,28
BRDA:46,0,1,392
BRDA:46,1,0,420
BRDA:46,1,1,420
BRDA:112,2,0,4
BRDA:112,2,1,56
BRDA:115,3,0,4
BRDA:115,3,1,0
BRDA:138,4,0,1
BRDA:138,4,1,1
BRDA:142,5,0,9
BRDA:142,5,1,6
BRDA:142,6,0,15
BRDA:142,6,1,10
BRDA:153,7,0,1
BRDA:153,7,1,0
BRDA:160,8,0,5
BRDA:160,8,1,7
BRDA:163,9,0,8
BRDA:163,9,1,2
BRDA:178,10,0,0
BRDA:178,10,1,26
BRDA:187,11,0,0
BRDA:187,11,1,26
BRF:24
BRH:20
end_of_record
TN:
SF:src/components/Pagination.tsx
FN:10,(anonymous_1)
FN:11,(anonymous_2)
FN:48,(anonymous_3)
FNF:3
FNH:3
FNDA:10,(anonymous_1)
FNDA:10,(anonymous_2)
FNDA:58,(anonymous_3)
DA:1,2
DA:10,2
DA:11,10
DA:12,10
DA:13,10
DA:15,10
DA:16,1
DA:19,10
DA:20,0
DA:23,10
DA:26,10
DA:27,10
DA:28,10
DA:30,10
DA:50,58
DA:76,2
LF:16
LH:15
BRDA:15,0,0,1
BRDA:15,0,1,9
BRDA:19,1,0,0
BRDA:19,1,1,10
BRDA:34,2,0,10
BRDA:34,2,1,5
BRDA:52,3,0,10
BRDA:52,3,1,48
BRDA:54,4,0,10
BRDA:54,4,1,48
BRDA:55,5,0,58
BRDA:55,5,1,10
BRDA:61,6,0,10
BRDA:61,6,1,7
BRF:14
BRH:13
end_of_record
TN:
SF:src/components/ProductRow.tsx
FN:12,(anonymous_7)
FN:16,(anonymous_8)
FN:155,(anonymous_9)
FN:167,(anonymous_10)
FNF:4
FNH:4
FNDA:1,(anonymous_7)
FNDA:2,(anonymous_8)
FNDA:1,(anonymous_9)
FNDA:1,(anonymous_10)
DA:1,3
DA:3,3
DA:12,3
DA:13,1
DA:16,3
DA:17,2
DA:155,3
DA:160,1
DA:161,1
DA:162,2
DA:164,1
DA:167,3
DA:168,1
DA:176,3
LF:14
LH:14
BRDA:16,0,0,0
BRDA:45,1,0,0
BRDA:45,1,1,2
BRDA:78,2,0,0
BRDA:78,2,1,2
BRDA:110,3,0,0
BRDA:110,3,1,2
BRDA:136,4,0,0
BRDA:136,4,1,2
BRDA:158,5,0,0
BRDA:167,6,0,0
BRF:11
BRH:4
end_of_record
TN:
SF:src/components/RadioConditionalInput.tsx
FN:43,(anonymous_1)
FN:44,(anonymous_2)
FN:51,(anonymous_3)
FN:68,(anonymous_4)
FN:98,(anonymous_5)
FN:122,(anonymous_6)
FN:146,(anonymous_7)
FN:163,(anonymous_8)
FN:190,(anonymous_9)
FN:214,(anonymous_10)
FN:222,(anonymous_11)
FN:223,(anonymous_12)
FN:311,(anonymous_13)
FN:358,(anonymous_14)
FN:363,(anonymous_15)
FN:389,(anonymous_16)
FN:409,(anonymous_17)
FNF:17
FNH:12
FNDA:10,(anonymous_1)
FNDA:5,(anonymous_2)
FNDA:2,(anonymous_3)
FNDA:3,(anonymous_4)
FNDA:0,(anonymous_5)
FNDA:0,(anonymous_6)
FNDA:3,(anonymous_7)
FNDA:5,(anonymous_8)
FNDA:8,(anonymous_9)
FNDA:0,(anonymous_10)
FNDA:0,(anonymous_11)
FNDA:0,(anonymous_12)
FNDA:1,(anonymous_13)
FNDA:6,(anonymous_14)
FNDA:6,(anonymous_15)
FNDA:3,(anonymous_16)
FNDA:6,(anonymous_17)
DA:1,8
DA:2,8
DA:3,8
DA:5,8
DA:43,8
DA:44,10
DA:45,10
DA:46,3
DA:48,7
DA:51,8
DA:52,2
DA:54,2
DA:69,3
DA:70,3
DA:98,8
DA:99,0
DA:101,0
DA:123,0
DA:146,8
DA:147,3
DA:149,3
DA:164,5
DA:165,5
DA:191,8
DA:214,8
DA:215,0
DA:217,0
DA:223,0
DA:224,0
DA:227,0
DA:311,8
DA:317,1
DA:327,1
DA:338,1
DA:345,1
DA:358,8
DA:360,6
DA:363,8
DA:365,6
DA:371,6
DA:376,6
DA:377,1
DA:380,5
DA:389,8
DA:390,3
DA:392,3
DA:409,6
DA:419,8
LF:48
LH:40
BRDA:45,0,0,3
BRDA:45,0,1,7
BRDA:56,1,0,1
BRDA:56,1,1,1
BRDA:62,2,0,0
BRDA:62,2,1,2
BRDA:73,3,0,1
BRDA:73,3,1,2
BRDA:103,4,0,0
BRDA:103,4,1,0
BRDA:106,5,0,0
BRDA:106,5,1,0
BRDA:110,6,0,0
BRDA:110,6,1,0
BRDA:118,7,0,0
BRDA:118,7,1,0
BRDA:151,8,0,1
BRDA:151,8,1,2
BRDA:157,9,0,0
BRDA:157,9,1,3
BRDA:168,10,0,2
BRDA:168,10,1,3
BRDA:177,11,0,2
BRDA:177,11,1,3
BRDA:181,12,0,2
BRDA:181,12,1,3
BRDA:185,13,0,2
BRDA:185,13,1,2
BRDA:190,14,0,0
BRDA:189,15,0,2
BRDA:189,15,1,2
BRDA:202,16,0,3
BRDA:202,16,1,3
BRDA:219,17,0,0
BRDA:219,17,1,0
BRDA:231,18,0,0
BRDA:231,18,1,0
BRDA:234,19,0,0
BRDA:234,19,1,0
BRDA:248,20,0,0
BRDA:248,20,1,0
BRDA:254,21,0,0
BRDA:254,21,1,0
BRDA:269,22,0,0
BRDA:269,22,1,0
BRDA:275,23,0,0
BRDA:275,23,1,0
BRDA:290,24,0,0
BRDA:290,24,1,0
BRDA:296,25,0,0
BRDA:296,25,1,0
BRDA:348,26,0,0
BRDA:348,26,1,1
BRDA:350,27,0,0
BRDA:350,27,1,1
BRDA:371,28,0,6
BRDA:371,28,1,0
BRDA:371,29,0,6
BRDA:371,29,1,6
BRDA:372,30,0,6
BRDA:372,30,1,0
BRDA:371,31,0,6
BRDA:371,31,1,6
BRDA:376,32,0,1
BRDA:376,32,1,5
BRDA:384,33,0,0
BRDA:384,33,1,5
BRDA:393,34,0,0
BRDA:393,34,1,3
BRDA:397,35,0,1
BRDA:397,35,1,2
BRDA:405,36,0,0
BRDA:405,36,1,3
BRF:73
BRH:37
end_of_record
TN:
SF:src/components/SalesOfferPackageExplanation.tsx
FN:3,(anonymous_1)
FNF:1
FNH:1
FNDA:1,(anonymous_1)
DA:1,5
DA:3,5
DA:4,1
DA:18,5
LF:4
LH:4
BRF:0
BRH:0
end_of_record
TN:
SF:src/components/TimeRestrictionsTable.tsx
FN:13,(anonymous_7)
FN:14,(anonymous_8)
FN:16,(anonymous_9)
FN:24,(anonymous_10)
FNF:4
FNH:0
FNDA:0,(anonymous_7)
FNDA:0,(anonymous_8)
FNDA:0,(anonymous_9)
FNDA:0,(anonymous_10)
DA:1,1
DA:2,1
DA:3,1
DA:13,1
DA:14,0
DA:16,1
DA:22,0
DA:25,0
DA:87,1
LF:9
LH:6
BRDA:14,0,0,0
BRDA:14,0,1,0
BRDA:13,1,0,0
BRDA:13,1,1,0
BRDA:14,2,0,0
BRDA:14,2,1,0
BRDA:13,3,0,0
BRDA:13,3,1,0
BRDA:14,4,0,0
BRDA:14,4,1,0
BRDA:38,5,0,0
BRDA:38,5,1,0
BRDA:64,6,0,0
BRDA:64,6,1,0
BRF:14
BRH:0
end_of_record
TN:
SF:src/components/UserDataUploads.tsx
FN:26,(anonymous_1)
FNF:1
FNH:0
FNDA:0,(anonymous_1)
DA:1,88
DA:2,88
DA:3,88
DA:4,88
DA:6,88
DA:7,88
DA:8,88
DA:26,88
DA:40,0
DA:101,88
LF:10
LH:9
BRDA:46,0,0,0
BRDA:46,0,1,0
BRDA:55,1,0,0
BRDA:55,1,1,0
BRDA:55,2,0,0
BRDA:55,2,1,0
BRDA:55,3,0,0
BRDA:55,3,1,0
BRDA:55,4,0,0
BRDA:55,4,1,0
BRDA:70,5,0,0
BRDA:70,5,1,0
BRDA:70,5,2,0
BRF:13
BRH:0
end_of_record
TN:
SF:src/constants/index.ts
FNF:0
FNH:0
DA:3,137
DA:5,137
DA:7,137
DA:9,137
DA:11,137
DA:13,137
DA:15,137
DA:17,137
DA:19,137
DA:23,137
DA:25,137
DA:29,137
DA:31,137
DA:33,137
DA:35,137
DA:37,137
DA:39,137
DA:41,137
DA:43,137
DA:45,137
DA:47,137
DA:49,137
DA:51,137
DA:53,137
DA:55,137
DA:57,137
DA:59,137
DA:61,137
DA:63,137
DA:65,137
DA:67,137
DA:69,137
DA:71,137
DA:73,137
DA:75,137
DA:77,137
DA:79,137
DA:81,137
DA:83,137
DA:85,137
DA:87,137
DA:89,137
DA:91,137
DA:93,137
DA:95,137
DA:97,137
DA:99,137
DA:103,137
DA:105,137
DA:110,137
DA:122,137
DA:124,137
DA:126,137
DA:127,137
DA:128,137
DA:129,137
DA:131,137
DA:141,137
DA:142,137
DA:143,137
DA:144,137
DA:146,137
DA:151,137
DA:153,137
DA:155,137
LF:65
LH:65
BRDA:122,0,0,137
BRDA:122,0,1,137
BRF:2
BRH:2
end_of_record
TN:
SF:src/data/auroradb.ts
FN:99,(anonymous_1)
FN:127,(anonymous_2)
FN:131,(anonymous_3)
FN:141,(anonymous_4)
FN:149,(anonymous_5)
FN:168,(anonymous_6)
FN:180,(anonymous_7)
FN:205,(anonymous_8)
FN:212,(anonymous_9)
FN:229,(anonymous_10)
FN:236,(anonymous_11)
FN:245,(anonymous_12)
FN:262,(anonymous_13)
FN:268,(anonymous_14)
FN:277,(anonymous_15)
FN:287,(anonymous_16)
FN:319,(anonymous_17)
FN:320,(anonymous_18)
FN:322,(anonymous_19)
FN:323,(anonymous_20)
FN:333,(anonymous_21)
FN:352,(anonymous_22)
FN:369,(anonymous_23)
FN:382,(anonymous_24)
FN:410,(anonymous_25)
FN:435,(anonymous_26)
FNF:26
FNH:0
FNDA:0,(anonymous_1)
FNDA:0,(anonymous_2)
FNDA:0,(anonymous_3)
FNDA:0,(anonymous_4)
FNDA:0,(anonymous_5)
FNDA:0,(anonymous_6)
FNDA:0,(anonymous_7)
FNDA:0,(anonymous_8)
FNDA:0,(anonymous_9)
FNDA:0,(anonymous_10)
FNDA:0,(anonymous_11)
FNDA:0,(anonymous_12)
FNDA:0,(anonymous_13)
FNDA:0,(anonymous_14)
FNDA:0,(anonymous_15)
FNDA:0,(anonymous_16)
FNDA:0,(anonymous_17)
FNDA:0,(anonymous_18)
FNDA:0,(anonymous_19)
FNDA:0,(anonymous_20)
FNDA:0,(anonymous_21)
FNDA:0,(anonymous_22)
FNDA:0,(anonymous_23)
FNDA:0,(anonymous_24)
FNDA:0,(anonymous_25)
FNDA:0,(anonymous_26)
DA:1,88
DA:2,88
DA:3,88
DA:4,88
DA:6,88
DA:99,88
DA:102,0
DA:103,0
DA:113,0
DA:124,0
DA:127,88
DA:128,0
DA:131,88
DA:132,0
DA:133,0
DA:136,0
DA:141,88
DA:142,0
DA:143,0
DA:145,0
DA:146,0
DA:149,88
DA:150,0
DA:151,0
DA:157,0
DA:158,0
DA:165,0
DA:167,0
DA:168,0
DA:176,0
DA:180,88
DA:181,0
DA:182,0
DA:188,0
DA:196,0
DA:197,0
DA:199,0
DA:202,0
DA:205,88
DA:206,0
DA:211,0
DA:212,0
DA:213,0
DA:219,0
DA:221,0
DA:229,88
DA:230,0
DA:235,0
DA:236,0
DA:237,0
DA:243,0
DA:245,0
DA:256,0
DA:262,88
DA:263,0
DA:268,0
DA:269,0
DA:274,0
DA:275,0
DA:277,0
DA:279,0
DA:287,88
DA:288,0
DA:289,0
DA:296,0
DA:309,0
DA:310,0
DA:312,0
DA:315,0
DA:318,0
DA:319,0
DA:320,0
DA:322,0
DA:323,0
DA:324,0
DA:327,0
DA:333,0
DA:341,0
DA:342,0
DA:345,0
DA:352,88
DA:353,0
DA:359,0
DA:360,0
DA:366,0
DA:368,0
DA:369,0
DA:378,0
DA:382,88
DA:383,0
DA:389,0
DA:390,0
DA:391,0
DA:393,0
DA:396,0
DA:397,0
DA:406,0
DA:410,88
DA:411,0
DA:418,0
DA:420,0
DA:428,0
DA:429,0
DA:431,0
DA:435,88
DA:439,0
DA:446,0
DA:450,0
DA:451,0
DA:453,0
LF:110
LH:19
BRDA:102,0,0,0
BRDA:102,0,1,0
BRDA:102,1,0,0
BRDA:102,1,1,0
BRDA:132,2,0,0
BRDA:132,2,1,0
BRDA:142,3,0,0
BRDA:142,3,1,0
BRDA:168,4,0,0
BRDA:168,4,1,0
BRDA:251,5,0,0
BRDA:251,5,1,0
BRDA:251,6,0,0
BRDA:251,6,1,0
BRDA:341,7,0,0
BRDA:341,7,1,0
BRDA:341,8,0,0
BRDA:341,8,1,0
BRDA:369,9,0,0
BRDA:369,9,1,0
BRF:20
BRH:0
end_of_record
TN:
SF:src/data/cognito.ts
FN:10,(anonymous_1)
FN:15,(anonymous_2)
FN:26,(anonymous_3)
FN:55,(anonymous_4)
FN:83,(anonymous_5)
FN:112,(anonymous_6)
FN:130,(anonymous_7)
FN:152,(anonymous_8)
FN:171,(anonymous_9)
FN:199,(anonymous_10)
FNF:10
FNH:1
FNDA:54,(anonymous_1)
FNDA:0,(anonymous_2)
FNDA:0,(anonymous_3)
FNDA:0,(anonymous_4)
FNDA:0,(anonymous_5)
FNDA:0,(anonymous_6)
FNDA:0,(anonymous_7)
FNDA:0,(anonymous_8)
FNDA:0,(anonymous_9)
FNDA:0,(anonymous_10)
DA:1,54
DA:2,54
DA:3,54
DA:4,54
DA:6,54
DA:7,54
DA:10,54
DA:11,54
DA:13,54
DA:15,54
DA:16,0
DA:17,0
DA:20,0
DA:26,54
DA:30,0
DA:35,0
DA:46,0
DA:47,0
DA:49,0
DA:51,0
DA:55,54
DA:59,0
DA:64,0
DA:74,0
DA:75,0
DA:77,0
DA:79,0
DA:83,54
DA:88,0
DA:93,0
DA:105,0
DA:106,0
DA:108,0
DA:112,54
DA:113,0
DA:118,0
DA:123,0
DA:124,0
DA:126,0
DA:130,54
DA:134,0
DA:139,0
DA:145,0
DA:146,0
DA:148,0
DA:152,54
DA:153,0
DA:158,0
DA:164,0
DA:165,0
DA:167,0
DA:171,54
DA:176,0
DA:181,0
DA:189,0
DA:190,0
DA:192,0
DA:193,0
DA:195,0
DA:199,54
DA:200,0
DA:205,0
DA:212,0
DA:213,0
DA:215,0
LF:65
LH:18
BRDA:16,0,0,0
BRDA:16,0,1,0
BRDA:192,1,0,0
BRDA:192,1,1,0
BRDA:192,2,0,0
BRDA:192,2,1,0
BRDA:192,3,0,0
BRDA:192,3,1,0
BRF:8
BRH:0
end_of_record
TN:
SF:src/data/s3.ts
FN:30,(anonymous_1)
FN:49,(anonymous_2)
FN:71,(anonymous_3)
FN:90,(anonymous_4)
FN:98,(anonymous_5)
FN:120,(anonymous_6)
FN:143,(anonymous_7)
FN:169,(anonymous_8)
FN:182,(anonymous_9)
FN:197,(anonymous_10)
FN:199,(anonymous_11)
FN:210,(anonymous_12)
FNF:12
FNH:3
FNDA:10,(anonymous_1)
FNDA:0,(anonymous_2)
FNDA:0,(anonymous_3)
FNDA:0,(anonymous_4)
FNDA:0,(anonymous_5)
FNDA:1,(anonymous_6)
FNDA:18,(anonymous_7)
FNDA:0,(anonymous_8)
FNDA:0,(anonymous_9)
FNDA:0,(anonymous_10)
FNDA:0,(anonymous_11)
FNDA:0,(anonymous_12)
DA:1,10
DA:3,10
DA:10,10
DA:30,10
DA:31,10
DA:35,10
DA:36,0
DA:44,10
DA:47,10
DA:49,10
DA:50,0
DA:55,0
DA:56,0
DA:62,0
DA:63,0
DA:65,0
DA:67,0
DA:71,10
DA:72,0
DA:77,0
DA:78,0
DA:84,0
DA:86,0
DA:88,0
DA:90,0
DA:92,0
DA:94,0
DA:98,10
DA:99,0
DA:104,0
DA:105,0
DA:111,0
DA:112,0
DA:114,0
DA:116,0
DA:120,10
DA:126,1
DA:133,1
DA:140,1
DA:143,10
DA:148,18
DA:149,18
DA:151,18
DA:152,7
DA:153,7
DA:155,11
DA:156,11
DA:159,18
DA:166,18
DA:169,10
DA:170,0
DA:171,0
DA:176,0
DA:178,0
DA:182,10
DA:185,0
DA:186,0
DA:191,0
DA:193,0
DA:197,10
DA:198,0
DA:199,0
DA:200,0
DA:205,0
DA:208,0
DA:210,0
DA:212,0
LF:67
LH:28
BRDA:35,0,0,0
BRDA:35,0,1,10
BRDA:63,1,0,0
BRDA:63,1,1,0
BRDA:63,2,0,0
BRDA:63,2,1,0
BRDA:63,3,0,0
BRDA:63,3,1,0
BRDA:63,4,0,0
BRDA:63,4,1,0
BRDA:86,5,0,0
BRDA:86,5,1,0
BRDA:86,6,0,0
BRDA:86,6,1,0
BRDA:86,7,0,0
BRDA:86,7,1,0
BRDA:86,8,0,0
BRDA:86,8,1,0
BRDA:112,9,0,0
BRDA:112,9,1,0
BRDA:112,10,0,0
BRDA:112,10,1,0
BRDA:112,11,0,0
BRDA:112,11,1,0
BRDA:112,12,0,0
BRDA:112,12,1,0
BRDA:151,13,0,7
BRDA:151,13,1,11
BRDA:210,14,0,0
BRDA:210,14,1,0
BRF:30
BRH:3
end_of_record
TN:
SF:src/interfaces/index.ts
FN:283,(anonymous_0)
FNF:1
FNH:1
FNDA:1,(anonymous_0)
DA:283,2
DA:284,1
LF:2
LH:2
BRDA:284,0,0,1
BRDA:284,0,1,0
BRF:2
BRH:1
end_of_record
TN:
SF:src/interfaces/typeGuards.ts
FN:33,(anonymous_0)
FN:35,(anonymous_1)
FN:39,(anonymous_2)
FN:43,(anonymous_3)
FN:46,(anonymous_4)
FN:50,(anonymous_5)
FN:53,(anonymous_6)
FN:59,(anonymous_7)
FN:64,(anonymous_8)
FN:68,(anonymous_9)
FN:72,(anonymous_10)
FN:78,(anonymous_11)
FN:81,(anonymous_12)
FN:86,(anonymous_13)
FN:89,(anonymous_14)
FN:100,(anonymous_15)
FN:105,(anonymous_16)
FN:109,(anonymous_17)
FN:113,(anonymous_18)
FN:118,(anonymous_19)
FN:123,(anonymous_20)
FN:133,(anonymous_21)
FN:143,(anonymous_22)
FN:153,(anonymous_23)
FN:158,(anonymous_24)
FN:165,(anonymous_25)
FN:170,(anonymous_26)
FN:175,(anonymous_27)
FN:179,(anonymous_28)
FNF:29
FNH:23
FNDA:10,(anonymous_0)
FNDA:10,(anonymous_1)
FNDA:10,(anonymous_2)
FNDA:22,(anonymous_3)
FNDA:12,(anonymous_4)
FNDA:2,(anonymous_5)
FNDA:63,(anonymous_6)
FNDA:0,(anonymous_7)
FNDA:0,(anonymous_8)
FNDA:12,(anonymous_9)
FNDA:30,(anonymous_10)
FNDA:4,(anonymous_11)
FNDA:23,(anonymous_12)
FNDA:0,(anonymous_13)
FNDA:19,(anonymous_14)
FNDA:0,(anonymous_15)
FNDA:4,(anonymous_16)
FNDA:3,(anonymous_17)
FNDA:0,(anonymous_18)
FNDA:1,(anonymous_19)
FNDA:11,(anonymous_20)
FNDA:2,(anonymous_21)
FNDA:9,(anonymous_22)
FNDA:2,(anonymous_23)
FNDA:11,(anonymous_24)
FNDA:5,(anonymous_25)
FNDA:12,(anonymous_26)
FNDA:0,(anonymous_27)
FNDA:1,(anonymous_28)
DA:31,98
DA:33,98
DA:35,98
DA:36,10
DA:38,98
DA:41,10
DA:43,98
DA:44,22
DA:46,98
DA:47,12
DA:49,98
DA:51,2
DA:53,98
DA:54,63
DA:58,98
DA:61,0
DA:63,98
DA:65,0
DA:67,98
DA:69,12
DA:71,98
DA:74,30
DA:77,98
DA:79,4
DA:81,98
DA:82,23
DA:85,98
DA:87,0
DA:89,98
DA:90,19
DA:99,98
DA:102,0
DA:104,98
DA:107,4
DA:109,98
DA:110,3
DA:112,98
DA:115,0
DA:117,98
DA:120,1
DA:122,98
DA:129,11
DA:132,98
DA:139,2
DA:142,98
DA:149,9
DA:152,98
DA:155,2
DA:157,98
DA:160,11
DA:164,98
DA:167,5
DA:169,98
DA:172,12
DA:174,98
DA:177,0
DA:179,98
DA:180,1
LF:58
LH:52
BRDA:33,0,0,10
BRDA:33,0,1,10
BRDA:36,1,0,0
BRDA:36,1,1,10
BRDA:36,2,0,10
BRDA:36,2,1,10
BRDA:36,3,0,0
BRDA:36,3,1,10
BRDA:36,4,0,10
BRDA:36,4,1,10
BRDA:54,5,0,63
BRDA:54,5,1,63
BRDA:54,5,2,62
BRDA:61,6,0,0
BRDA:61,6,1,0
BRDA:65,7,0,0
BRDA:65,7,1,0
BRDA:65,8,0,0
BRDA:65,8,1,0
BRDA:74,9,0,30
BRDA:74,9,1,29
BRDA:82,10,0,23
BRDA:82,10,1,18
BRDA:91,11,0,19
BRDA:91,11,1,16
BRDA:91,11,2,12
BRDA:91,11,3,7
BRDA:91,11,4,0
BRDA:102,12,0,0
BRDA:102,12,1,0
BRDA:107,13,0,4
BRDA:107,13,1,4
BRDA:110,14,0,3
BRDA:110,14,1,3
BRDA:115,15,0,0
BRDA:115,15,1,0
BRDA:120,16,0,1
BRDA:120,16,1,1
BRDA:129,17,0,11
BRDA:129,17,1,11
BRDA:139,18,0,2
BRDA:139,18,1,2
BRDA:149,19,0,9
BRDA:149,19,1,9
BRDA:155,20,0,2
BRDA:155,20,1,2
BRDA:160,21,0,11
BRDA:160,21,1,11
BRDA:160,21,2,11
BRDA:167,22,0,5
BRDA:167,22,1,1
BRDA:172,23,0,12
BRDA:172,23,1,9
BRDA:177,24,0,0
BRDA:177,24,1,0
BRDA:180,25,0,1
BRDA:180,25,1,0
BRDA:180,25,2,0
BRF:58
BRH:41
end_of_record
TN:
SF:src/layout/CookieBanner.tsx
FN:9,(anonymous_7)
FN:54,(anonymous_8)
FN:58,(anonymous_9)
FN:67,(anonymous_10)
FN:84,(anonymous_11)
FNF:5
FNH:4
FNDA:8,(anonymous_7)
FNDA:29,(anonymous_8)
FNDA:18,(anonymous_9)
FNDA:2,(anonymous_10)
FNDA:0,(anonymous_11)
DA:1,119
DA:2,119
DA:3,119
DA:9,119
DA:10,8
DA:54,119
DA:55,29
DA:56,29
DA:58,29
DA:59,18
DA:60,18
DA:62,18
DA:63,18
DA:67,29
DA:68,2
DA:69,2
DA:76,2
DA:77,2
DA:81,2
DA:84,29
DA:85,0
DA:88,29
DA:89,9
DA:92,20
DA:93,4
DA:111,16
DA:114,119
LF:27
LH:26
BRDA:25,0,0,8
BRDA:25,0,1,8
BRDA:62,1,0,18
BRDA:62,1,1,0
BRDA:62,2,0,18
BRDA:62,2,1,0
BRDA:88,3,0,9
BRDA:88,3,1,20
BRDA:92,4,0,4
BRDA:92,4,1,16
BRF:10
BRH:8
end_of_record
TN:
SF:src/layout/Footer.tsx
FN:3,(anonymous_1)
FNF:1
FNH:1
FNDA:13,(anonymous_1)
DA:1,118
DA:3,118
DA:4,13
DA:58,118
LF:4
LH:4
BRF:0
BRH:0
end_of_record
TN:
SF:src/layout/Header.tsx
FN:9,(anonymous_1)
FNF:1
FNH:1
FNDA:2,(anonymous_1)
DA:1,2
DA:2,2
DA:9,2
DA:10,2
DA:71,2
LF:5
LH:5
BRDA:37,0,0,2
BRDA:37,0,1,0
BRDA:46,1,0,2
BRDA:46,1,1,0
BRDA:47,2,0,2
BRDA:47,2,1,0
BRDA:49,3,0,2
BRDA:49,3,1,2
BRF:8
BRH:5
end_of_record
TN:
SF:src/layout/Layout.tsx
FN:21,(anonymous_7)
FN:31,(anonymous_8)
FN:63,(anonymous_9)
FN:84,(anonymous_10)
FNF:4
FNH:4
FNDA:18,(anonymous_7)
FNDA:12,(anonymous_8)
FNDA:3,(anonymous_9)
FNDA:3,(anonymous_10)
DA:1,117
DA:2,117
DA:3,117
DA:5,117
DA:6,117
DA:8,117
DA:9,117
DA:10,117
DA:11,117
DA:21,117
DA:29,18
DA:31,18
DA:32,12
DA:35,18
DA:63,117
DA:71,3
DA:84,117
DA:92,3
DA:105,117
LF:19
LH:19
BRDA:24,0,0,3
BRDA:26,1,0,3
BRDA:27,2,0,0
BRDA:39,3,0,18
BRDA:39,3,1,0
BRDA:40,4,0,18
BRDA:40,4,1,0
BRDA:45,5,0,18
BRDA:45,5,1,18
BRDA:45,5,2,12
BRDA:46,6,0,12
BRDA:46,6,1,12
BRDA:56,7,0,18
BRDA:56,7,1,15
BRDA:66,8,0,0
BRDA:68,9,0,3
BRDA:69,10,0,3
BRDA:87,11,0,1
BRDA:89,12,0,3
BRDA:90,13,0,3
BRF:20
BRH:16
end_of_record
TN:
SF:src/layout/PhaseBanner.tsx
FN:4,(anonymous_1)
FNF:1
FNH:1
FNDA:14,(anonymous_1)
DA:1,118
DA:2,118
DA:4,118
DA:5,14
DA:19,118
LF:5
LH:5
BRF:0
BRH:0
end_of_record
TN:
SF:src/pages/_document.tsx
FN:20,(anonymous_7)
FN:51,(anonymous_8)
FNF:2
FNH:1
FNDA:0,(anonymous_7)
FNDA:2,(anonymous_8)
DA:1,1
DA:2,1
DA:3,1
DA:4,1
DA:5,1
DA:7,1
DA:8,1
DA:21,0
DA:22,0
DA:23,0
DA:25,0
DA:26,0
DA:29,0
DA:31,0
DA:32,0
DA:34,0
DA:37,0
DA:38,0
DA:40,0
DA:52,2
DA:98,1
LF:21
LH:9
BRDA:22,0,0,0
BRDA:22,0,1,0
BRDA:22,1,0,0
BRDA:22,1,1,0
BRDA:22,2,0,0
BRDA:22,2,1,0
BRDA:22,3,0,0
BRDA:22,3,1,0
BRDA:22,4,0,0
BRDA:22,4,1,0
BRDA:22,5,0,0
BRDA:22,5,1,0
BRDA:25,6,0,0
BRDA:25,6,1,0
BRDA:26,7,0,0
BRDA:26,7,1,0
BRDA:26,8,0,0
BRDA:26,8,1,0
BRDA:29,9,0,0
BRDA:29,9,1,0
BRDA:29,10,0,0
BRDA:29,10,1,0
BRDA:29,11,0,0
BRDA:29,11,1,0
BRDA:29,12,0,0
BRDA:29,12,1,0
BRDA:35,13,0,0
BRDA:35,13,1,0
BRDA:37,14,0,0
BRDA:37,14,1,0
BRDA:38,15,0,0
BRDA:38,15,1,0
BRDA:55,16,0,2
BRDA:55,16,1,0
BRDA:83,17,0,1
BRDA:83,17,1,1
BRF:36
BRH:3
end_of_record
TN:
SF:src/pages/_error.tsx
FN:13,(anonymous_1)
FN:50,(anonymous_2)
FNF:2
FNH:1
FNDA:2,(anonymous_1)
FNDA:0,(anonymous_2)
DA:1,1
DA:3,1
DA:4,1
DA:6,1
DA:7,1
DA:13,1
DA:14,2
DA:50,1
DA:51,0
DA:54,1
LF:10
LH:9
BRDA:16,0,0,1
BRDA:16,0,1,1
BRDA:51,1,0,0
BRDA:51,1,1,0
BRDA:51,2,0,0
BRDA:51,2,1,0
BRDA:51,3,0,0
BRDA:51,3,1,0
BRDA:51,4,0,0
BRDA:51,4,1,0
BRF:10
BRH:2
end_of_record
TN:
SF:src/pages/account.tsx
FN:16,(anonymous_1)
FN:66,(anonymous_2)
FNF:2
FNH:2
FNDA:1,(anonymous_1)
FNDA:2,(anonymous_2)
DA:1,1
DA:3,1
DA:4,1
DA:5,1
DA:6,1
DA:8,1
DA:9,1
DA:16,1
DA:17,1
DA:18,1
DA:19,8
DA:21,1
DA:66,1
DA:67,2
DA:68,2
DA:69,1
DA:71,1
DA:72,1
DA:74,1
DA:75,1
DA:77,0
DA:80,1
LF:22
LH:21
BRDA:68,0,0,1
BRDA:68,0,1,1
BRDA:74,1,0,1
BRDA:74,1,1,0
BRDA:74,2,0,1
BRDA:74,2,1,0
BRF:6
BRH:4
end_of_record
TN:
SF:src/pages/changePassword.tsx
FN:20,(anonymous_1)
FN:112,(anonymous_2)
FN:119,(anonymous_3)
FNF:3
FNH:3
FNDA:2,(anonymous_1)
FNDA:2,(anonymous_2)
FNDA:1,(anonymous_3)
DA:1,1
DA:3,1
DA:4,1
DA:5,1
DA:6,1
DA:7,1
DA:9,1
DA:10,1
DA:12,1
DA:13,1
DA:20,1
DA:21,2
DA:112,1
DA:113,2
DA:114,2
DA:115,2
DA:116,2
DA:117,2
DA:118,1
DA:119,1
DA:120,1
DA:121,1
DA:123,1
DA:126,2
DA:129,1
LF:25
LH:25
BRDA:25,0,0,1
BRDA:25,0,1,1
BRDA:117,1,0,1
BRDA:117,1,1,1
BRDA:120,2,0,1
BRDA:120,2,1,0
BRF:6
BRH:5
end_of_record
TN:
SF:src/pages/chooseStages.tsx
FN:20,(anonymous_1)
FN:51,(anonymous_2)
FNF:2
FNH:1
FNDA:1,(anonymous_1)
FNDA:0,(anonymous_2)
DA:1,1
DA:2,1
DA:3,1
DA:4,1
DA:5,1
DA:6,1
DA:8,1
DA:9,1
DA:10,1
DA:12,1
DA:13,1
DA:20,1
DA:21,1
DA:51,1
DA:52,0
DA:53,0
DA:55,0
DA:57,0
DA:58,0
DA:59,0
DA:62,0
DA:65,0
DA:68,1
LF:23
LH:15
BRDA:25,0,0,0
BRDA:25,0,1,1
BRDA:57,1,0,0
BRDA:57,1,1,0
BRDA:58,2,0,0
BRDA:58,2,1,0
BRF:6
BRH:1
end_of_record
TN:
SF:src/pages/chooseTimeRestrictions.tsx
FN:22,(anonymous_1)
FN:61,(anonymous_2)
FN:74,(anonymous_3)
FN:79,(anonymous_4)
FNF:4
FNH:1
FNDA:3,(anonymous_1)
FNDA:0,(anonymous_2)
FNDA:0,(anonymous_3)
FNDA:0,(anonymous_4)
DA:1,1
DA:2,1
DA:3,1
DA:4,1
DA:6,1
DA:7,1
DA:8,1
DA:9,1
DA:11,1
DA:12,1
DA:22,1
DA:29,3
DA:61,1
DA:62,0
DA:63,0
DA:67,0
DA:68,0
DA:70,0
DA:71,0
DA:72,0
DA:73,0
DA:74,0
DA:76,0
DA:77,0
DA:78,0
DA:79,0
DA:80,0
DA:81,0
DA:84,0
DA:87,1
LF:30
LH:14
BRDA:67,0,0,0
BRDA:67,0,1,0
BRDA:67,1,0,0
BRDA:67,1,1,0
BRDA:67,1,2,0
BRDA:73,2,0,0
BRDA:73,2,1,0
BRDA:73,3,0,0
BRDA:73,3,1,0
BRDA:78,4,0,0
BRDA:78,4,1,0
BRDA:78,5,0,0
BRDA:78,5,1,0
BRF:13
BRH:0
end_of_record
TN:
SF:src/pages/chooseValidity.tsx
FN:27,(anonymous_7)
FN:102,(anonymous_8)
FNF:2
FNH:1
FNDA:2,(anonymous_7)
FNDA:0,(anonymous_8)
DA:1,1
DA:2,1
DA:3,1
DA:4,1
DA:5,1
DA:7,1
DA:8,1
DA:9,1
DA:10,1
DA:11,1
DA:12,1
DA:14,1
DA:15,1
DA:27,1
DA:36,2
DA:102,1
DA:103,0
DA:104,0
DA:105,0
DA:106,0
DA:108,0
DA:109,0
DA:112,0
DA:113,0
DA:119,0
DA:120,0
DA:121,0
DA:124,0
DA:125,0
DA:129,0
DA:142,1
LF:31
LH:17
BRDA:108,0,0,0
BRDA:108,0,1,0
BRDA:112,1,0,0
BRDA:112,1,1,0
BRDA:119,2,0,0
BRDA:119,2,1,0
BRDA:120,3,0,0
BRDA:120,3,1,0
BRDA:124,4,0,0
BRDA:124,4,1,0
BRDA:134,5,0,0
BRDA:134,5,1,0
BRDA:134,6,0,0
BRDA:134,6,1,0
BRDA:135,7,0,0
BRDA:135,7,1,0
BRDA:135,8,0,0
BRDA:135,8,1,0
BRDA:135,9,0,0
BRDA:135,9,1,0
BRDA:135,10,0,0
BRDA:135,10,1,0
BRDA:136,11,0,0
BRDA:136,11,1,0
BRDA:136,12,0,0
BRDA:136,12,1,0
BRF:26
BRH:0
end_of_record
TN:
SF:src/pages/confirmRegistration.tsx
FN:10,(anonymous_1)
FN:27,(anonymous_2)
FNF:2
FNH:1
FNDA:1,(anonymous_1)
FNDA:0,(anonymous_2)
DA:1,1
DA:3,1
DA:4,1
DA:5,1
DA:7,1
DA:8,1
DA:10,1
DA:11,1
DA:27,1
DA:28,0
DA:29,0
DA:32,1
LF:12
LH:10
BRF:0
BRH:0
end_of_record
TN:
SF:src/pages/contact.tsx
FN:13,(anonymous_1)
FN:65,(anonymous_2)
FNF:2
FNH:1
FNDA:2,(anonymous_1)
FNDA:0,(anonymous_2)
DA:1,1
DA:2,1
DA:3,1
DA:5,1
DA:6,1
DA:13,1
DA:14,2
DA:65,1
DA:66,0
DA:74,1
LF:10
LH:9
BRDA:68,0,0,0
BRDA:68,0,1,0
BRDA:69,1,0,0
BRDA:69,1,1,0
BRF:4
BRH:0
end_of_record
TN:
SF:src/pages/cookieDetails.tsx
FN:7,(anonymous_1)
FN:198,(anonymous_2)
FNF:2
FNH:1
FNDA:1,(anonymous_1)
FNDA:0,(anonymous_2)
DA:1,1
DA:2,1
DA:4,1
DA:5,1
DA:7,1
DA:8,1
DA:198,1
DA:199,0
DA:202,1
LF:9
LH:8
BRF:0
BRH:0
end_of_record
TN:
SF:src/pages/cookies.tsx
FN:18,(anonymous_1)
FN:127,(anonymous_2)
FNF:2
FNH:2
FNDA:3,(anonymous_1)
FNDA:2,(anonymous_2)
DA:1,1
DA:2,1
DA:3,1
DA:4,1
DA:5,1
DA:7,1
DA:9,1
DA:10,1
DA:18,1
DA:19,3
DA:127,1
DA:128,2
DA:129,2
DA:131,2
DA:133,2
DA:135,2
DA:137,2
DA:140,1
LF:18
LH:18
BRDA:21,0,0,2
BRDA:21,0,1,1
BRDA:131,1,0,1
BRDA:131,1,1,1
BRDA:131,2,0,2
BRDA:131,2,1,2
BRDA:131,3,0,0
BRDA:131,3,1,2
BRDA:131,4,0,2
BRDA:131,4,1,2
BRDA:133,5,0,1
BRDA:133,5,1,1
BRDA:135,6,0,1
BRDA:135,6,1,1
BRF:14
BRH:13
end_of_record
TN:
SF:src/pages/createdFiles.tsx
FN:28,(anonymous_1)
FN:40,(anonymous_2)
FN:47,(anonymous_3)
FN:55,(anonymous_4)
FN:72,(anonymous_5)
FN:87,(anonymous_6)
FN:90,(anonymous_7)
FN:96,(anonymous_8)
FN:96,(anonymous_9)
FN:106,(anonymous_10)
FN:122,(anonymous_11)
FN:131,(anonymous_12)
FN:225,(anonymous_13)
FN:243,(anonymous_14)
FN:248,(anonymous_15)
FNF:15
FNH:13
FNDA:12,(anonymous_1)
FNDA:10,(anonymous_2)
FNDA:5,(anonymous_3)
FNDA:10,(anonymous_4)
FNDA:10,(anonymous_5)
FNDA:0,(anonymous_6)
FNDA:0,(anonymous_7)
FNDA:10,(anonymous_8)
FNDA:20,(anonymous_9)
FNDA:8,(anonymous_10)
FNDA:4,(anonymous_11)
FNDA:8,(anonymous_12)
FNDA:5,(anonymous_13)
FNDA:10,(anonymous_14)
FNDA:5,(anonymous_15)
DA:1,1
DA:3,1
DA:4,1
DA:5,1
DA:6,1
DA:8,1
DA:15,1
DA:16,1
DA:18,1
DA:19,1
DA:28,1
DA:29,12
DA:31,12
DA:32,10
DA:33,2
DA:34,2
DA:37,12
DA:40,1
DA:41,10
DA:42,10
DA:44,10
DA:47,1
DA:52,5
DA:53,5
DA:55,5
DA:56,10
DA:57,0
DA:60,10
DA:62,10
DA:69,5
DA:71,5
DA:73,10
DA:74,0
DA:77,10
DA:79,10
DA:87,0
DA:90,0
DA:96,20
DA:106,1
DA:107,8
DA:108,8
DA:111,0
DA:113,0
DA:114,0
DA:117,0
DA:119,0
DA:122,1
DA:123,4
DA:132,8
DA:225,1
DA:226,5
DA:228,5
DA:229,5
DA:231,5
DA:233,5
DA:234,0
DA:237,5
DA:238,0
DA:241,5
DA:242,5
DA:244,10
DA:246,10
DA:249,5
DA:250,0
DA:253,5
DA:254,0
DA:257,5
DA:258,5
DA:261,0
DA:264,5
DA:274,1
LF:71
LH:57
BRDA:29,0,0,11
BRDA:29,0,1,1
BRDA:31,1,0,10
BRDA:31,1,1,2
BRDA:33,2,0,2
BRDA:33,2,1,0
BRDA:56,3,0,0
BRDA:56,3,1,10
BRDA:73,4,0,0
BRDA:73,4,1,10
BRDA:73,5,0,0
BRDA:73,5,1,10
BRDA:73,6,0,10
BRDA:73,6,1,10
BRDA:73,7,0,0
BRDA:73,7,1,10
BRDA:73,8,0,10
BRDA:73,8,1,10
BRDA:85,9,0,0
BRDA:85,9,1,10
BRDA:85,10,0,10
BRDA:85,10,1,10
BRDA:85,11,0,10
BRDA:85,11,1,0
BRDA:85,12,0,10
BRDA:85,12,1,10
BRDA:87,13,0,0
BRDA:87,13,1,10
BRDA:90,14,0,0
BRDA:90,14,1,10
BRDA:92,15,0,10
BRDA:92,15,1,0
BRDA:93,16,0,0
BRDA:93,16,1,10
BRDA:95,17,0,10
BRDA:95,17,1,0
BRDA:96,18,0,10
BRDA:96,18,1,0
BRDA:96,19,0,10
BRDA:96,19,1,10
BRDA:96,20,0,0
BRDA:96,20,1,10
BRDA:96,21,0,10
BRDA:96,21,1,10
BRDA:100,22,0,10
BRDA:100,22,1,0
BRDA:107,23,0,8
BRDA:107,23,1,0
BRDA:113,24,0,0
BRDA:113,24,1,0
BRDA:130,25,0,4
BRDA:130,25,1,0
BRDA:129,26,0,4
BRDA:129,26,1,4
BRDA:152,27,0,8
BRDA:152,27,1,6
BRDA:170,28,0,8
BRDA:170,28,1,4
BRDA:177,29,0,8
BRDA:177,29,1,4
BRDA:184,30,0,8
BRDA:184,30,1,4
BRDA:191,31,0,8
BRDA:191,31,1,0
BRDA:214,32,0,4
BRDA:214,32,1,3
BRDA:226,33,0,0
BRDA:226,33,1,5
BRDA:226,34,0,5
BRDA:226,34,1,5
BRDA:231,35,0,5
BRDA:231,35,1,5
BRDA:233,36,0,0
BRDA:233,36,1,5
BRDA:237,37,0,0
BRDA:237,37,1,5
BRDA:244,38,0,10
BRDA:244,38,1,0
BRDA:249,39,0,0
BRDA:249,39,1,5
BRDA:249,40,0,5
BRDA:249,40,1,5
BRDA:253,41,0,0
BRDA:253,41,1,5
BRDA:257,42,0,5
BRDA:257,42,1,0
BRF:86
BRH:59
end_of_record
TN:
SF:src/pages/csvZoneUpload.tsx
FN:15,(anonymous_1)
FN:37,(anonymous_2)
FN:40,(anonymous_3)
FNF:3
FNH:2
FNDA:1,(anonymous_1)
FNDA:3,(anonymous_2)
FNDA:0,(anonymous_3)
DA:1,88
DA:2,88
DA:3,88
DA:4,88
DA:5,88
DA:6,88
DA:8,88
DA:10,88
DA:12,88
DA:13,88
DA:15,88
DA:16,1
DA:36,88
DA:38,3
DA:40,88
DA:41,0
DA:43,0
DA:45,0
DA:64,88
LF:19
LH:16
BRDA:43,0,0,0
BRDA:43,0,1,0
BRDA:43,1,0,0
BRDA:43,1,1,0
BRF:4
BRH:0
end_of_record
TN:
SF:src/pages/definePassengerType.tsx
FN:46,(anonymous_7)
FN:145,(anonymous_8)
FN:165,(anonymous_9)
FN:175,(anonymous_10)
FN:196,(anonymous_11)
FN:197,(anonymous_12)
FN:213,(anonymous_13)
FN:241,(anonymous_14)
FN:253,(anonymous_15)
FN:256,(anonymous_16)
FNF:10
FNH:7
FNDA:10,(anonymous_7)
FNDA:4,(anonymous_8)
FNDA:1,(anonymous_9)
FNDA:2,(anonymous_10)
FNDA:0,(anonymous_11)
FNDA:0,(anonymous_12)
FNDA:4,(anonymous_13)
FNDA:8,(anonymous_14)
FNDA:0,(anonymous_15)
FNDA:6,(anonymous_16)
DA:1,1
DA:2,1
DA:3,1
DA:4,1
DA:9,1
DA:10,1
DA:15,1
DA:16,1
DA:17,1
DA:18,1
DA:19,1
DA:21,1
DA:22,1
DA:46,1
DA:47,10
DA:49,10
DA:90,10
DA:136,10
DA:138,10
DA:139,7
DA:142,10
DA:145,4
DA:165,1
DA:166,1
DA:167,1
DA:176,2
DA:177,2
DA:196,0
DA:197,0
DA:213,1
DA:221,4
DA:242,8
DA:252,1
DA:254,0
DA:256,1
DA:257,6
DA:258,6
DA:259,6
DA:260,6
DA:262,6
DA:266,1
DA:270,5
DA:274,5
DA:280,5
DA:284,5
DA:285,0
DA:288,5
DA:289,2
DA:290,2
DA:292,2
DA:304,3
DA:305,3
DA:306,0
DA:308,3
DA:311,3
DA:313,3
DA:316,1
LF:57
LH:52
BRDA:138,0,0,7
BRDA:138,0,1,3
BRDA:138,1,0,10
BRDA:138,1,1,10
BRDA:138,1,2,10
BRDA:168,2,0,0
BRDA:168,2,1,1
BRDA:180,3,0,0
BRDA:180,3,1,2
BRDA:197,4,0,0
BRDA:197,4,1,2
BRDA:197,5,0,0
BRDA:197,5,1,0
BRDA:197,6,0,0
BRDA:197,6,1,0
BRDA:215,7,0,0
BRDA:230,8,0,3
BRDA:230,8,1,1
BRDA:239,9,0,1
BRDA:239,9,1,3
BRDA:238,10,0,4
BRDA:238,10,1,1
BRDA:262,11,0,1
BRDA:262,11,1,5
BRDA:263,12,0,6
BRDA:263,12,1,5
BRDA:263,12,2,0
BRDA:263,12,3,0
BRDA:271,13,0,2
BRDA:271,13,1,3
BRDA:270,14,0,5
BRDA:270,14,1,5
BRDA:274,15,0,0
BRDA:274,15,1,5
BRDA:274,16,0,5
BRDA:274,16,1,5
BRDA:274,17,0,0
BRDA:274,17,1,5
BRDA:274,18,0,5
BRDA:274,18,1,5
BRDA:280,19,0,5
BRDA:280,19,1,2
BRDA:280,19,2,2
BRDA:284,20,0,0
BRDA:284,20,1,5
BRDA:284,21,0,5
BRDA:284,21,1,3
BRDA:284,21,2,3
BRDA:288,22,0,2
BRDA:288,22,1,3
BRDA:304,23,0,3
BRDA:304,23,1,0
BRDA:305,24,0,0
BRDA:305,24,1,3
BRF:54
BRH:39
end_of_record
TN:
SF:src/pages/defineTimeRestrictions.tsx
FN:21,(anonymous_1)
FN:97,(anonymous_2)
FN:101,(anonymous_3)
FN:114,(anonymous_4)
FN:124,(anonymous_5)
FNF:5
FNH:5
FNDA:4,(anonymous_1)
FNDA:1,(anonymous_2)
FNDA:4,(anonymous_3)
FNDA:4,(anonymous_4)
FNDA:2,(anonymous_5)
DA:1,1
DA:2,1
DA:3,1
DA:4,1
DA:6,1
DA:7,1
DA:8,1
DA:10,1
DA:12,1
DA:13,1
DA:21,1
DA:22,4
DA:93,4
DA:96,1
DA:99,1
DA:101,1
DA:102,4
DA:115,4
DA:124,1
DA:125,2
DA:126,2
DA:128,2
DA:129,2
DA:130,1
DA:133,2
DA:134,2
DA:137,1
LF:27
LH:27
BRDA:101,0,0,0
BRDA:129,1,0,1
BRDA:129,1,1,1
BRDA:129,2,0,2
BRDA:129,2,1,1
BRF:5
BRH:4
end_of_record
TN:
SF:src/pages/describeSalesOfferPackage.tsx
FN:23,(anonymous_1)
FN:27,(anonymous_2)
FN:30,(anonymous_3)
FN:34,(anonymous_4)
FN:111,(anonymous_5)
FNF:5
FNH:5
FNDA:12,(anonymous_1)
FNDA:3,(anonymous_2)
FNDA:1,(anonymous_3)
FNDA:1,(anonymous_4)
FNDA:3,(anonymous_5)
DA:1,2
DA:2,2
DA:3,2
DA:5,2
DA:6,2
DA:7,2
DA:9,2
DA:10,2
DA:12,2
DA:14,2
DA:15,2
DA:22,2
DA:25,12
DA:27,2
DA:29,3
DA:30,1
DA:33,3
DA:34,1
DA:36,3
DA:37,3
DA:111,2
DA:112,3
DA:113,3
DA:114,3
DA:115,3
DA:126,2
LF:26
LH:26
BRDA:25,0,0,6
BRDA:25,0,1,6
BRDA:25,1,0,12
BRDA:25,1,1,12
BRDA:25,2,0,0
BRDA:25,2,1,12
BRDA:25,3,0,12
BRDA:25,3,1,12
BRDA:30,4,0,1
BRDA:30,4,1,2
BRDA:29,5,0,3
BRDA:29,5,1,2
BRDA:34,6,0,1
BRDA:34,6,1,2
BRDA:33,7,0,3
BRDA:33,7,1,2
BRDA:36,8,0,1
BRDA:36,8,1,2
BRDA:36,9,0,3
BRDA:36,9,1,2
BRDA:44,10,0,1
BRDA:44,10,1,2
BRDA:62,11,0,0
BRDA:62,11,1,3
BRDA:72,12,0,1
BRDA:72,12,1,2
BRDA:71,13,0,3
BRDA:71,13,1,2
BRDA:85,14,0,0
BRDA:85,14,1,3
BRDA:119,15,0,1
BRDA:119,15,1,2
BRDA:118,16,0,3
BRDA:118,16,1,2
BRF:34
BRH:31
end_of_record
TN:
SF:src/pages/fareConfirmation.tsx
FN:37,(anonymous_1)
FN:76,(anonymous_2)
FN:106,(anonymous_3)
FN:118,(anonymous_4)
FN:146,(anonymous_5)
FNF:5
FNH:4
FNDA:4,(anonymous_1)
FNDA:4,(anonymous_2)
FNDA:6,(anonymous_3)
FNDA:2,(anonymous_4)
FNDA:0,(anonymous_5)
DA:1,1
DA:2,1
DA:3,1
DA:16,1
DA:17,1
DA:18,1
DA:19,1
DA:20,1
DA:22,1
DA:25,1
DA:26,1
DA:37,1
DA:44,4
DA:57,4
DA:58,4
DA:66,0
DA:73,4
DA:74,4
DA:76,4
DA:80,0
DA:87,4
DA:88,2
DA:89,2
DA:96,2
DA:97,2
DA:105,4
DA:106,2
DA:107,6
DA:115,4
DA:118,1
DA:126,2
DA:146,1
DA:147,0
DA:148,0
DA:149,0
DA:150,0
DA:151,0
DA:152,0
DA:157,0
DA:163,0
DA:166,0
DA:178,1
LF:42
LH:31
BRDA:53,0,0,2
BRDA:53,0,1,2
BRDA:57,1,0,4
BRDA:57,1,1,0
BRDA:57,2,0,4
BRDA:57,2,1,4
BRDA:57,2,2,2
BRDA:61,3,0,2
BRDA:61,3,1,2
BRDA:62,4,0,4
BRDA:62,4,1,0
BRDA:73,5,0,4
BRDA:73,5,1,0
BRDA:73,6,0,4
BRDA:73,6,1,4
BRDA:87,7,0,2
BRDA:87,7,1,2
BRDA:88,8,0,2
BRDA:88,8,1,0
BRDA:91,9,0,2
BRDA:91,9,1,0
BRDA:96,10,0,2
BRDA:96,10,1,0
BRDA:105,11,0,2
BRDA:105,11,1,2
BRDA:109,12,0,6
BRDA:109,12,1,4
BRDA:110,13,0,6
BRDA:110,13,1,2
BRDA:157,14,0,0
BRDA:157,14,1,0
BRDA:158,15,0,0
BRDA:158,15,1,0
BRDA:158,15,2,0
BRDA:158,15,3,0
BRDA:158,15,4,0
BRDA:170,16,0,0
BRDA:170,16,1,0
BRDA:170,17,0,0
BRDA:170,17,1,0
BRDA:170,18,0,0
BRDA:170,18,1,0
BRDA:171,19,0,0
BRDA:171,19,1,0
BRDA:171,20,0,0
BRDA:171,20,1,0
BRDA:171,21,0,0
BRDA:171,21,1,0
BRDA:172,22,0,0
BRDA:172,22,1,0
BRDA:172,23,0,0
BRDA:172,23,1,0
BRDA:172,24,0,0
BRDA:172,24,1,0
BRF:54
BRH:23
end_of_record
TN:
SF:src/pages/fareType.tsx
FN:28,(anonymous_1)
FN:65,(anonymous_2)
FN:96,(anonymous_3)
FNF:3
FNH:3
FNDA:3,(anonymous_1)
FNDA:2,(anonymous_2)
FNDA:2,(anonymous_3)
DA:1,1
DA:2,1
DA:3,1
DA:4,1
DA:5,1
DA:7,1
DA:8,1
DA:9,1
DA:10,1
DA:11,1
DA:12,1
DA:13,1
DA:14,1
DA:15,1
DA:17,1
DA:18,1
DA:20,1
DA:28,1
DA:29,3
DA:31,3
DA:34,1
DA:65,1
DA:66,2
DA:96,1
DA:97,2
DA:98,2
DA:100,2
DA:101,2
DA:103,2
DA:105,2
DA:106,0
DA:108,2
DA:109,2
DA:110,2
DA:111,2
DA:113,2
DA:115,2
DA:116,2
DA:122,2
DA:123,1
DA:124,1
DA:125,1
DA:128,2
DA:131,2
DA:133,2
DA:136,1
LF:46
LH:45
BRDA:65,0,0,0
BRDA:71,1,0,1
BRDA:71,1,1,1
BRDA:105,2,0,0
BRDA:105,2,1,2
BRDA:105,3,0,2
BRDA:105,3,1,2
BRDA:115,4,0,2
BRDA:115,4,1,0
BRDA:115,5,0,2
BRDA:115,5,1,1
BRDA:122,6,0,1
BRDA:122,6,1,1
BRDA:122,7,0,2
BRDA:122,7,1,1
BRDA:131,8,0,0
BRDA:131,8,1,2
BRDA:131,9,0,2
BRDA:131,9,1,2
BRF:19
BRH:15
end_of_record
TN:
SF:src/pages/feedback.tsx
FN:21,(anonymous_1)
FN:35,(anonymous_2)
FN:154,(anonymous_3)
FNF:3
FNH:2
FNDA:2,(anonymous_1)
FNDA:3,(anonymous_2)
FNDA:0,(anonymous_3)
DA:1,1
DA:2,1
DA:4,1
DA:5,1
DA:6,1
DA:13,1
DA:14,1
DA:21,1
DA:22,2
DA:35,1
DA:36,3
DA:154,1
DA:155,0
DA:156,0
DA:157,0
DA:158,0
DA:159,0
DA:161,0
DA:164,1
LF:19
LH:13
BRDA:22,0,0,1
BRDA:22,0,1,1
BRDA:26,1,0,1
BRDA:26,1,1,1
BRDA:39,2,0,2
BRDA:39,2,1,1
BRDA:156,3,0,0
BRDA:156,3,1,0
BRDA:156,4,0,0
BRDA:156,4,1,0
BRDA:158,5,0,0
BRDA:158,5,1,0
BRDA:159,6,0,0
BRDA:159,6,1,0
BRF:14
BRH:6
end_of_record
TN:
SF:src/pages/forgotPassword.tsx
FN:22,(anonymous_1)
FN:76,(anonymous_2)
FNF:2
FNH:1
FNDA:2,(anonymous_1)
FNDA:0,(anonymous_2)
DA:1,1
DA:3,1
DA:5,1
DA:6,1
DA:7,1
DA:8,1
DA:9,1
DA:10,1
DA:12,1
DA:13,1
DA:14,1
DA:22,1
DA:23,2
DA:76,1
DA:77,0
DA:78,0
DA:79,0
DA:81,0
DA:82,0
DA:84,0
DA:86,0
DA:87,0
DA:91,0
DA:94,1
LF:24
LH:15
BRDA:22,0,0,0
BRDA:81,1,0,0
BRDA:81,1,1,0
BRDA:86,2,0,0
BRDA:86,2,1,0
BRDA:87,3,0,0
BRDA:87,3,1,0
BRDA:87,4,0,0
BRDA:87,4,1,0
BRF:9
BRH:0
end_of_record
TN:
SF:src/pages/groupPassengerTypes.tsx
FN:23,(anonymous_1)
FN:34,(anonymous_2)
FN:59,(anonymous_3)
FN:89,(anonymous_4)
FNF:4
FNH:3
FNDA:3,(anonymous_1)
FNDA:3,(anonymous_2)
FNDA:21,(anonymous_3)
FNDA:0,(anonymous_4)
DA:1,1
DA:2,1
DA:3,1
DA:4,1
DA:5,1
DA:7,1
DA:8,1
DA:9,1
DA:11,1
DA:13,1
DA:14,1
DA:23,1
DA:25,3
DA:32,1
DA:34,1
DA:35,3
DA:36,3
DA:60,21
DA:89,1
DA:90,0
DA:91,0
DA:93,0
DA:97,0
DA:105,1
LF:24
LH:20
BRDA:35,0,0,1
BRDA:35,0,1,2
BRDA:41,1,0,1
BRDA:41,1,1,2
BRDA:99,2,0,0
BRDA:99,2,1,0
BRF:6
BRH:4
end_of_record
TN:
SF:src/pages/groupSize.tsx
FN:21,(anonymous_1)
FN:25,(anonymous_2)
FN:68,(anonymous_3)
FNF:3
FNH:3
FNDA:2,(anonymous_1)
FNDA:2,(anonymous_2)
FNDA:2,(anonymous_3)
DA:1,1
DA:2,1
DA:3,1
DA:4,1
DA:6,1
DA:7,1
DA:8,1
DA:10,1
DA:12,1
DA:13,1
DA:21,1
DA:23,2
DA:25,1
DA:26,2
DA:27,2
DA:68,1
DA:69,2
DA:70,2
DA:71,2
DA:74,2
DA:82,1
LF:21
LH:21
BRDA:26,0,0,1
BRDA:26,0,1,1
BRDA:32,1,0,1
BRDA:32,1,1,1
BRDA:49,2,0,1
BRDA:49,2,1,1
BRDA:76,3,0,2
BRDA:76,3,1,1
BRF:8
BRH:8
end_of_record
TN:
SF:src/pages/home.tsx
FN:13,(anonymous_1)
FN:68,(anonymous_2)
FNF:2
FNH:1
FNDA:2,(anonymous_1)
FNDA:0,(anonymous_2)
DA:1,1
DA:3,1
DA:4,1
DA:6,1
DA:7,1
DA:13,1
DA:14,2
DA:68,1
DA:72,1
LF:9
LH:9
BRDA:25,0,0,1
BRDA:25,0,1,1
BRF:2
BRH:2
end_of_record
TN:
SF:src/pages/howManyProducts.tsx
FN:24,(anonymous_1)
FN:56,(anonymous_2)
FN:61,(anonymous_3)
FN:66,(anonymous_4)
FNF:4
FNH:4
FNDA:16,(anonymous_1)
FNDA:4,(anonymous_2)
FNDA:3,(anonymous_3)
FNDA:4,(anonymous_4)
DA:1,3
DA:2,3
DA:3,3
DA:4,3
DA:5,3
DA:7,3
DA:8,3
DA:10,3
DA:12,3
DA:14,3
DA:15,3
DA:24,3
DA:25,16
DA:56,3
DA:58,4
DA:60,3
DA:63,3
DA:66,3
DA:67,4
DA:68,4
DA:69,4
DA:70,4
DA:72,4
DA:76,4
DA:80,4
DA:83,3
LF:26
LH:26
BRDA:29,0,0,14
BRDA:29,0,1,2
BRDA:45,1,0,14
BRDA:45,1,1,2
BRDA:63,2,0,3
BRDA:63,2,1,3
BRDA:73,3,0,2
BRDA:73,3,1,2
BRDA:73,4,0,4
BRDA:73,4,1,4
BRDA:77,5,0,0
BRDA:77,5,1,4
BRDA:76,6,0,4
BRDA:76,6,1,4
BRF:14
BRH:13
end_of_record
TN:
SF:src/pages/howManyStages.tsx
FN:23,(anonymous_1)
FN:87,(anonymous_2)
FNF:2
FNH:1
FNDA:2,(anonymous_1)
FNDA:0,(anonymous_2)
DA:1,1
DA:2,1
DA:4,1
DA:5,1
DA:6,1
DA:7,1
DA:8,1
DA:9,1
DA:11,1
DA:12,1
DA:23,1
DA:24,2
DA:87,1
DA:88,0
DA:89,0
DA:90,0
DA:91,0
DA:94,1
LF:18
LH:14
BRDA:28,0,0,1
BRDA:28,0,1,1
BRDA:46,1,0,1
BRDA:46,1,1,1
BRDA:63,2,0,1
BRDA:63,2,1,1
BRDA:90,3,0,0
BRDA:90,3,1,0
BRF:8
BRH:6
end_of_record
TN:
SF:src/pages/inboundMatching.tsx
FN:30,(anonymous_1)
FN:54,(anonymous_2)
FN:57,(anonymous_3)
FN:87,(anonymous_4)
FN:87,(anonymous_5)
FN:88,(anonymous_6)
FNF:6
FNH:5
FNDA:9,(anonymous_1)
FNDA:0,(anonymous_2)
FNDA:6,(anonymous_3)
FNDA:46,(anonymous_4)
FNDA:120,(anonymous_5)
FNDA:46,(anonymous_6)
DA:1,1
DA:2,1
DA:3,1
DA:4,1
DA:5,1
DA:6,1
DA:7,1
DA:9,1
DA:10,1
DA:12,1
DA:14,1
DA:15,1
DA:16,1
DA:17,1
DA:18,1
DA:19,1
DA:30,1
DA:38,9
DA:54,1
DA:55,0
DA:57,1
DA:58,6
DA:59,6
DA:60,6
DA:61,6
DA:63,5
DA:64,5
DA:66,5
DA:67,1
DA:70,4
DA:71,4
DA:73,4
DA:74,4
DA:75,4
DA:76,4
DA:77,4
DA:79,4
DA:80,1
DA:85,3
DA:86,3
DA:87,120
DA:88,46
DA:90,3
DA:92,3
DA:112,1
LF:45
LH:44
BRDA:55,0,0,0
BRDA:55,0,1,0
BRDA:55,1,0,0
BRDA:55,1,1,0
BRDA:66,2,0,1
BRDA:66,2,1,4
BRDA:66,3,0,5
BRDA:66,3,1,5
BRDA:66,3,2,4
BRDA:66,3,3,4
BRDA:73,4,0,4
BRDA:73,4,1,4
BRDA:73,4,2,4
BRDA:73,4,3,0
BRDA:79,5,0,1
BRDA:79,5,1,3
BRDA:102,6,0,0
BRDA:102,6,1,3
BRDA:102,7,0,3
BRDA:102,7,1,0
BRDA:105,8,0,0
BRDA:105,8,1,3
BRDA:104,9,0,3
BRDA:104,9,1,0
BRF:24
BRH:15
end_of_record
TN:
SF:src/pages/index.tsx
FN:13,(anonymous_1)
FN:61,(anonymous_2)
FNF:2
FNH:1
FNDA:2,(anonymous_1)
FNDA:0,(anonymous_2)
DA:1,1
DA:2,1
DA:4,1
DA:6,1
DA:7,1
DA:13,1
DA:14,2
DA:61,1
DA:65,1
LF:9
LH:9
BRDA:38,0,0,2
BRDA:38,0,1,0
BRF:2
BRH:1
end_of_record
TN:
SF:src/pages/inputMethod.tsx
FN:22,(anonymous_1)
FN:107,(anonymous_2)
FNF:2
FNH:1
FNDA:2,(anonymous_1)
FNDA:0,(anonymous_2)
DA:1,2
DA:2,2
DA:4,2
DA:5,2
DA:6,2
DA:7,2
DA:8,2
DA:9,2
DA:10,2
DA:12,2
DA:13,2
DA:15,2
DA:22,2
DA:23,2
DA:107,2
DA:108,0
DA:109,0
DA:110,0
DA:111,0
DA:119,2
LF:20
LH:16
BRDA:22,0,0,0
BRDA:29,1,0,0
BRDA:29,1,1,2
BRDA:41,2,0,0
BRDA:41,2,1,2
BRDA:55,3,0,0
BRDA:55,3,1,2
BRDA:69,4,0,0
BRDA:69,4,1,2
BRDA:113,5,0,0
BRDA:113,5,1,0
BRDA:113,6,0,0
BRDA:113,6,1,0
BRF:13
BRH:4
end_of_record
TN:
SF:src/pages/login.tsx
FN:21,(anonymous_1)
FN:108,(anonymous_2)
FNF:2
FNH:1
FNDA:2,(anonymous_1)
FNDA:0,(anonymous_2)
DA:1,1
DA:3,1
DA:4,1
DA:5,1
DA:6,1
DA:7,1
DA:9,1
DA:10,1
DA:12,1
DA:13,1
DA:21,1
DA:22,2
DA:108,1
DA:109,0
DA:110,0
DA:112,0
DA:113,0
DA:114,0
DA:116,0
DA:117,0
DA:118,0
DA:119,0
DA:123,0
DA:126,1
LF:24
LH:14
BRDA:21,0,0,0
BRDA:28,1,0,1
BRDA:28,1,1,1
BRDA:50,2,0,2
BRDA:50,2,1,1
BRDA:112,3,0,0
BRDA:112,3,1,0
BRDA:116,4,0,0
BRDA:116,4,1,0
BRDA:119,5,0,0
BRDA:119,5,1,0
BRDA:119,6,0,0
BRDA:119,6,1,0
BRF:13
BRH:4
end_of_record
TN:
SF:src/pages/matching.tsx
FN:30,(anonymous_1)
FN:55,(anonymous_2)
FN:58,(anonymous_3)
FN:92,(anonymous_4)
FN:92,(anonymous_5)
FN:93,(anonymous_6)
FNF:6
FNH:5
FNDA:9,(anonymous_1)
FNDA:0,(anonymous_2)
FNDA:6,(anonymous_3)
FNDA:46,(anonymous_4)
FNDA:120,(anonymous_5)
FNDA:46,(anonymous_6)
DA:1,2
DA:2,2
DA:3,2
DA:5,2
DA:6,2
DA:7,2
DA:8,2
DA:9,2
DA:10,2
DA:12,2
DA:14,2
DA:15,2
DA:16,2
DA:17,2
DA:18,2
DA:19,2
DA:30,2
DA:38,9
DA:54,2
DA:56,0
DA:58,2
DA:59,6
DA:60,6
DA:61,6
DA:62,6
DA:64,5
DA:65,5
DA:67,5
DA:68,1
DA:71,4
DA:72,4
DA:74,4
DA:79,4
DA:80,4
DA:81,4
DA:82,4
DA:84,4
DA:85,1
DA:90,3
DA:91,3
DA:92,120
DA:93,46
DA:95,3
DA:97,3
DA:117,2
LF:45
LH:44
BRDA:56,0,0,0
BRDA:56,0,1,0
BRDA:56,1,0,0
BRDA:56,1,1,0
BRDA:67,2,0,1
BRDA:67,2,1,4
BRDA:67,3,0,5
BRDA:67,3,1,5
BRDA:67,3,2,4
BRDA:67,3,3,4
BRDA:74,4,0,4
BRDA:74,4,1,4
BRDA:74,4,2,4
BRDA:74,4,3,0
BRDA:84,5,0,1
BRDA:84,5,1,3
BRDA:107,6,0,0
BRDA:107,6,1,3
BRDA:107,7,0,3
BRDA:107,7,1,0
BRDA:110,8,0,0
BRDA:110,8,1,3
BRDA:109,9,0,3
BRDA:109,9,1,0
BRF:24
BRH:15
end_of_record
TN:
SF:src/pages/multipleOperators.tsx
FN:22,(anonymous_1)
FN:38,(anonymous_2)
FN:59,(anonymous_3)
FNF:3
FNH:2
FNDA:2,(anonymous_1)
FNDA:4,(anonymous_2)
FNDA:0,(anonymous_3)
DA:1,1
DA:2,1
DA:3,1
DA:4,1
DA:5,1
DA:7,1
DA:8,1
DA:9,1
DA:10,1
DA:12,1
DA:13,1
DA:14,1
DA:22,1
DA:23,2
DA:39,4
DA:59,1
DA:64,0
DA:65,0
DA:66,0
DA:67,0
DA:68,0
DA:71,0
DA:73,0
DA:74,0
DA:76,0
DA:77,0
DA:78,0
DA:79,0
DA:89,0
DA:92,1
LF:30
LH:17
BRDA:22,0,0,0
BRDA:27,1,0,0
BRDA:27,1,1,2
BRDA:67,2,0,0
BRDA:67,2,1,0
BRDA:76,3,0,0
BRDA:76,3,1,0
BRDA:78,4,0,0
BRDA:78,4,1,0
BRF:9
BRH:1
end_of_record
TN:
SF:src/pages/multipleOperatorsServiceList.tsx
FN:30,(anonymous_1)
FN:69,(anonymous_2)
FN:108,(anonymous_3)
FN:127,(anonymous_4)
FN:128,(anonymous_5)
FN:129,(anonymous_6)
FN:134,(anonymous_7)
FN:154,(anonymous_8)
FNF:8
FNH:8
FNDA:2,(anonymous_1)
FNDA:6,(anonymous_2)
FNDA:5,(anonymous_3)
FNDA:12,(anonymous_4)
FNDA:7,(anonymous_5)
FNDA:10,(anonymous_6)
FNDA:10,(anonymous_7)
FNDA:15,(anonymous_8)
DA:1,1
DA:2,1
DA:3,1
DA:4,1
DA:5,1
DA:6,1
DA:7,1
DA:8,1
DA:10,1
DA:12,1
DA:14,1
DA:15,1
DA:30,1
DA:38,2
DA:70,6
DA:72,6
DA:74,6
DA:75,0
DA:77,6
DA:79,6
DA:108,1
DA:111,5
DA:112,5
DA:115,5
DA:117,5
DA:119,5
DA:120,1
DA:121,4
DA:122,3
DA:125,5
DA:126,5
DA:127,12
DA:128,7
DA:129,10
DA:131,4
DA:132,1
DA:134,10
DA:135,4
DA:136,1
DA:138,3
DA:142,5
DA:143,0
DA:146,5
DA:148,5
DA:149,0
DA:152,5
DA:154,5
DA:155,15
DA:161,5
DA:173,1
LF:50
LH:47
BRDA:42,0,0,1
BRDA:42,0,1,1
BRDA:74,1,0,0
BRDA:74,1,1,6
BRDA:119,2,0,1
BRDA:119,2,1,4
BRDA:121,3,0,3
BRDA:121,3,1,1
BRDA:126,4,0,4
BRDA:126,4,1,1
BRDA:131,5,0,1
BRDA:131,5,1,3
BRDA:135,6,0,1
BRDA:135,6,1,3
BRDA:142,7,0,0
BRDA:142,7,1,5
BRDA:148,8,0,0
BRDA:148,8,1,5
BRDA:157,9,0,15
BRDA:157,9,1,0
BRDA:157,10,0,15
BRDA:157,10,1,0
BRDA:157,10,2,0
BRDA:164,11,0,0
BRDA:164,11,1,5
BRDA:165,12,0,1
BRDA:165,12,1,4
BRF:27
BRH:20
end_of_record
TN:
SF:src/pages/multipleProductValidity.tsx
FN:35,(anonymous_7)
FN:46,(anonymous_8)
FN:54,(anonymous_9)
FN:113,(anonymous_10)
FN:185,(anonymous_11)
FN:210,(anonymous_12)
FNF:6
FNH:5
FNDA:6,(anonymous_7)
FNDA:1,(anonymous_8)
FNDA:0,(anonymous_9)
FNDA:12,(anonymous_10)
FNDA:3,(anonymous_11)
FNDA:5,(anonymous_12)
DA:1,1
DA:2,1
DA:3,1
DA:4,1
DA:5,1
DA:12,1
DA:13,1
DA:14,1
DA:15,1
DA:16,1
DA:17,1
DA:18,1
DA:20,1
DA:22,1
DA:23,1
DA:35,1
DA:44,6
DA:46,6
DA:47,1
DA:48,1
DA:49,1
DA:51,1
DA:52,1
DA:54,0
DA:55,0
DA:59,6
DA:114,12
DA:185,1
DA:186,3
DA:187,3
DA:188,3
DA:190,3
DA:191,3
DA:192,3
DA:194,3
DA:201,1
DA:203,2
DA:205,2
DA:206,2
DA:208,2
DA:209,2
DA:210,2
DA:211,5
DA:213,5
DA:214,1
DA:221,2
DA:234,1
LF:47
LH:45
BRDA:44,0,0,6
BRDA:44,0,1,0
BRDA:51,1,0,1
BRDA:51,1,1,0
BRDA:69,2,0,1
BRDA:69,2,1,5
BRDA:105,3,0,6
BRDA:105,3,1,3
BRDA:120,4,0,6
BRDA:120,4,1,6
BRDA:163,5,0,1
BRDA:163,5,1,11
BRDA:167,6,0,12
BRDA:167,6,1,12
BRDA:194,7,0,1
BRDA:194,7,1,2
BRDA:195,8,0,3
BRDA:195,8,1,2
BRDA:195,8,2,2
BRDA:195,8,3,2
BRDA:195,8,4,2
BRDA:213,9,0,1
BRDA:213,9,1,4
BRDA:213,10,0,5
BRDA:213,10,1,1
BRDA:229,11,0,2
BRDA:229,11,1,2
BRF:27
BRH:25
end_of_record
TN:
SF:src/pages/multipleProducts.tsx
FN:38,(anonymous_1)
FN:70,(anonymous_2)
FN:78,(anonymous_3)
FNF:3
FNH:3
FNDA:1,(anonymous_1)
FNDA:3,(anonymous_2)
FNDA:2,(anonymous_3)
DA:1,2
DA:2,2
DA:3,2
DA:4,2
DA:5,2
DA:11,2
DA:13,2
DA:19,2
DA:20,2
DA:21,2
DA:22,2
DA:24,2
DA:26,2
DA:27,2
DA:38,2
DA:46,1
DA:69,2
DA:76,3
DA:78,2
DA:79,2
DA:80,2
DA:82,2
DA:83,2
DA:84,2
DA:86,2
DA:91,1
DA:94,1
DA:95,1
DA:97,1
DA:99,1
DA:100,0
DA:101,0
DA:113,1
DA:124,2
LF:34
LH:32
BRDA:42,0,0,0
BRDA:43,1,0,0
BRDA:76,2,0,3
BRDA:76,2,1,3
BRDA:86,3,0,1
BRDA:86,3,1,1
BRDA:87,4,0,2
BRDA:87,4,1,1
BRDA:87,4,2,1
BRDA:99,5,0,0
BRDA:99,5,1,1
BRDA:99,6,0,1
BRDA:99,6,1,0
BRF:13
BRH:9
end_of_record
TN:
SF:src/pages/outboundMatching.tsx
FN:30,(anonymous_1)
FN:54,(anonymous_2)
FN:85,(anonymous_3)
FN:85,(anonymous_4)
FN:86,(anonymous_5)
FNF:5
FNH:5
FNDA:9,(anonymous_1)
FNDA:6,(anonymous_2)
FNDA:46,(anonymous_3)
FNDA:120,(anonymous_4)
FNDA:46,(anonymous_5)
DA:1,1
DA:2,1
DA:3,1
DA:4,1
DA:5,1
DA:6,1
DA:7,1
DA:9,1
DA:10,1
DA:11,1
DA:12,1
DA:14,1
DA:15,1
DA:16,1
DA:17,1
DA:18,1
DA:19,1
DA:30,1
DA:38,9
DA:54,1
DA:55,6
DA:56,6
DA:57,6
DA:58,6
DA:60,5
DA:61,5
DA:63,5
DA:64,1
DA:67,4
DA:68,4
DA:70,4
DA:72,4
DA:73,4
DA:74,4
DA:75,4
DA:77,4
DA:78,1
DA:83,3
DA:84,3
DA:85,120
DA:86,46
DA:88,3
DA:90,3
DA:110,1
LF:44
LH:44
BRDA:63,0,0,1
BRDA:63,0,1,4
BRDA:63,1,0,5
BRDA:63,1,1,5
BRDA:63,1,2,4
BRDA:63,1,3,4
BRDA:70,2,0,4
BRDA:70,2,1,4
BRDA:70,2,2,4
BRDA:70,2,3,0
BRDA:77,3,0,1
BRDA:77,3,1,3
BRDA:100,4,0,0
BRDA:100,4,1,3
BRDA:100,5,0,3
BRDA:100,5,1,0
BRDA:103,6,0,0
BRDA:103,6,1,3
BRDA:102,7,0,3
BRDA:102,7,1,0
BRF:20
BRH:15
end_of_record
TN:
SF:src/pages/passengerType.tsx
FN:23,(anonymous_1)
FN:45,(anonymous_2)
FN:74,(anonymous_3)
FNF:3
FNH:2
FNDA:1,(anonymous_1)
FNDA:8,(anonymous_2)
FNDA:0,(anonymous_3)
DA:1,1
DA:2,1
DA:3,1
DA:5,1
DA:6,1
DA:7,1
DA:8,1
DA:9,1
DA:10,1
DA:11,1
DA:13,1
DA:14,1
DA:16,1
DA:23,1
DA:24,1
DA:46,8
DA:74,1
DA:75,0
DA:76,0
DA:79,0
DA:83,0
DA:86,1
LF:22
LH:18
BRDA:23,0,0,0
BRDA:28,1,0,0
BRDA:28,1,1,1
BRDA:80,2,0,0
BRDA:80,2,1,0
BRDA:79,3,0,0
BRDA:79,3,1,0
BRF:7
BRH:1
end_of_record
TN:
SF:src/pages/passwordUpdated.tsx
FN:15,(anonymous_1)
FN:32,(anonymous_2)
FNF:2
FNH:2
FNDA:1,(anonymous_1)
FNDA:3,(anonymous_2)
DA:1,1
DA:3,1
DA:4,1
DA:5,1
DA:6,1
DA:8,1
DA:9,1
DA:15,1
DA:16,1
DA:32,1
DA:33,3
DA:34,3
DA:35,3
DA:36,3
DA:37,2
DA:39,3
DA:40,3
DA:41,3
DA:44,1
LF:19
LH:19
BRDA:36,0,0,2
BRDA:36,0,1,1
BRDA:39,1,0,1
BRDA:39,1,1,2
BRDA:39,2,0,3
BRDA:39,2,1,2
BRF:6
BRH:6
end_of_record
TN:
SF:src/pages/periodValidity.tsx
FN:21,(anonymous_1)
FN:82,(anonymous_2)
FN:108,(anonymous_3)
FNF:3
FNH:2
FNDA:3,(anonymous_1)
FNDA:2,(anonymous_2)
FNDA:0,(anonymous_3)
DA:1,1
DA:2,1
DA:3,1
DA:5,1
DA:6,1
DA:7,1
DA:8,1
DA:9,1
DA:10,1
DA:12,1
DA:13,1
DA:21,1
DA:22,3
DA:79,3
DA:82,1
DA:83,2
DA:108,1
DA:109,0
DA:110,0
DA:111,0
DA:113,0
DA:114,0
DA:117,0
DA:118,0
DA:121,1
LF:25
LH:18
BRDA:82,0,0,0
BRDA:88,1,0,1
BRDA:88,1,1,1
BRDA:113,2,0,0
BRDA:113,2,1,0
BRF:5
BRH:2
end_of_record
TN:
SF:src/pages/priceEntry.tsx
FN:23,(anonymous_1)
FN:28,(anonymous_2)
FN:35,(anonymous_3)
FN:50,(anonymous_4)
FN:57,(anonymous_5)
FN:59,(anonymous_6)
FN:60,(anonymous_7)
FN:68,(anonymous_8)
FN:71,(anonymous_9)
FN:78,(anonymous_10)
FN:103,(anonymous_11)
FN:108,(anonymous_12)
FN:154,(anonymous_13)
FN:171,(anonymous_14)
FNF:14
FNH:6
FNDA:91,(anonymous_1)
FNDA:0,(anonymous_2)
FNDA:91,(anonymous_3)
FNDA:0,(anonymous_4)
FNDA:0,(anonymous_5)
FNDA:0,(anonymous_6)
FNDA:0,(anonymous_7)
FNDA:0,(anonymous_8)
FNDA:0,(anonymous_9)
FNDA:1,(anonymous_10)
FNDA:14,(anonymous_11)
FNDA:91,(anonymous_12)
FNDA:3,(anonymous_13)
FNDA:0,(anonymous_14)
DA:1,1
DA:2,1
DA:3,1
DA:4,1
DA:5,1
DA:6,1
DA:9,1
DA:10,1
DA:11,1
DA:13,1
DA:14,1
DA:23,1
DA:24,91
DA:25,0
DA:27,91
DA:28,91
DA:29,0
DA:32,91
DA:35,1
DA:40,91
DA:42,91
DA:43,0
DA:46,91
DA:48,91
DA:50,91
DA:51,0
DA:54,91
DA:57,1
DA:58,0
DA:59,0
DA:60,0
DA:61,0
DA:65,0
DA:68,1
DA:69,0
DA:71,0
DA:72,0
DA:75,0
DA:78,1
DA:84,1
DA:104,14
DA:109,91
DA:154,1
DA:155,3
DA:156,3
DA:158,3
DA:159,2
DA:162,1
DA:164,1
DA:165,0
DA:168,1
DA:170,1
DA:171,0
DA:172,0
DA:174,0
DA:175,0
DA:176,0
DA:189,1
DA:192,1
LF:59
LH:40
BRDA:24,0,0,0
BRDA:24,0,1,91
BRDA:32,1,0,91
BRDA:32,1,1,91
BRDA:32,2,0,91
BRDA:32,2,1,0
BRDA:32,3,0,91
BRDA:32,3,1,91
BRDA:42,4,0,0
BRDA:42,4,1,91
BRDA:50,5,0,0
BRDA:50,5,1,91
BRDA:60,6,0,0
BRDA:60,6,1,0
BRDA:60,7,0,0
BRDA:60,7,1,0
BRDA:81,8,0,1
BRDA:82,9,0,1
BRDA:88,10,0,0
BRDA:88,10,1,1
BRDA:99,11,0,0
BRDA:99,11,1,1
BRDA:106,12,0,13
BRDA:106,12,1,1
BRDA:113,13,0,42
BRDA:113,13,1,49
BRDA:158,14,0,2
BRDA:158,14,1,1
BRDA:158,15,0,3
BRDA:158,15,1,2
BRDA:158,15,2,1
BRDA:164,16,0,0
BRDA:164,16,1,1
BRDA:164,17,0,1
BRDA:164,17,1,0
BRDA:170,18,0,0
BRDA:170,18,1,1
BRF:37
BRH:24
end_of_record
TN:
SF:src/pages/privacy.tsx
FN:7,(anonymous_1)
FN:165,(anonymous_2)
FNF:2
FNH:1
FNDA:1,(anonymous_1)
FNDA:0,(anonymous_2)
DA:1,1
DA:2,1
DA:4,1
DA:5,1
DA:7,1
DA:8,1
DA:165,1
DA:166,0
DA:169,1
LF:9
LH:8
BRF:0
BRH:0
end_of_record
TN:
SF:src/pages/productDateInformation.tsx
FN:24,(anonymous_1)
FN:70,(anonymous_2)
FN:98,(anonymous_3)
FNF:3
FNH:3
FNDA:5,(anonymous_1)
FNDA:2,(anonymous_2)
FNDA:3,(anonymous_3)
DA:1,1
DA:2,1
DA:3,1
DA:5,1
DA:6,1
DA:7,1
DA:8,1
DA:9,1
DA:10,1
DA:13,1
DA:14,1
DA:16,1
DA:24,1
DA:25,5
DA:70,1
DA:71,2
DA:98,1
DA:99,3
DA:100,3
DA:102,3
DA:103,3
DA:111,3
DA:112,2
DA:113,2
DA:116,3
DA:118,3
DA:127,1
LF:27
LH:27
BRDA:70,0,0,0
BRDA:78,1,0,0
BRDA:78,1,1,2
BRDA:111,2,0,2
BRDA:111,2,1,1
BRDA:111,3,0,3
BRDA:111,3,1,2
BRF:7
BRH:5
end_of_record
TN:
SF:src/pages/productDetails.tsx
FN:35,(anonymous_7)
FN:40,(anonymous_8)
FN:44,(anonymous_9)
FN:47,(anonymous_10)
FN:137,(anonymous_11)
FNF:5
FNH:5
FNDA:1,(anonymous_7)
FNDA:4,(anonymous_8)
FNDA:1,(anonymous_9)
FNDA:1,(anonymous_10)
FNDA:3,(anonymous_11)
DA:1,87
DA:2,87
DA:3,87
DA:4,87
DA:5,87
DA:13,87
DA:14,87
DA:15,87
DA:16,87
DA:17,87
DA:18,87
DA:19,87
DA:20,87
DA:22,87
DA:23,87
DA:34,87
DA:37,1
DA:39,87
DA:41,4
DA:43,87
DA:45,1
DA:47,87
DA:55,1
DA:56,1
DA:58,1
DA:137,87
DA:138,3
DA:139,3
DA:140,3
DA:142,3
DA:143,3
DA:144,3
DA:145,3
DA:147,3
DA:149,3
DA:150,2
DA:153,1
DA:154,0
DA:157,1
DA:158,1
DA:160,1
DA:161,0
DA:162,1
DA:163,1
DA:164,1
DA:167,1
DA:182,87
LF:47
LH:45
BRDA:37,0,0,0
BRDA:37,0,1,1
BRDA:37,1,0,1
BRDA:37,1,1,1
BRDA:41,2,0,0
BRDA:41,2,1,4
BRDA:41,3,0,4
BRDA:41,3,1,4
BRDA:55,4,0,1
BRDA:55,4,1,1
BRDA:56,5,0,1
BRDA:56,5,1,1
BRDA:93,6,0,1
BRDA:93,6,1,1
BRDA:121,7,0,1
BRDA:121,7,1,1
BRDA:149,8,0,2
BRDA:149,8,1,1
BRDA:149,9,0,3
BRDA:149,9,1,2
BRDA:149,9,2,2
BRDA:153,10,0,0
BRDA:153,10,1,1
BRDA:160,11,0,0
BRDA:160,11,1,1
BRDA:160,12,0,1
BRDA:160,12,1,0
BRDA:162,13,0,1
BRDA:162,13,1,0
BRDA:162,14,0,1
BRDA:162,14,1,1
BRDA:164,15,0,1
BRDA:164,15,1,0
BRDA:169,16,0,1
BRDA:169,16,1,0
BRDA:169,17,0,1
BRDA:169,17,1,1
BRDA:174,18,0,0
BRDA:174,18,1,1
BRDA:173,19,0,1
BRDA:173,19,1,1
BRF:41
BRH:32
end_of_record
TN:
SF:src/pages/register.tsx
FN:22,(anonymous_1)
FN:25,(anonymous_2)
FN:165,(anonymous_3)
FNF:3
FNH:2
FNDA:3,(anonymous_1)
FNDA:3,(anonymous_2)
FNDA:0,(anonymous_3)
DA:1,1
DA:3,1
DA:4,1
DA:5,1
DA:6,1
DA:7,1
DA:9,1
DA:10,1
DA:11,1
DA:13,1
DA:14,1
DA:22,1
DA:23,3
DA:25,3
DA:26,3
DA:27,2
DA:31,3
DA:165,1
DA:166,0
DA:167,0
DA:168,0
DA:170,0
DA:172,0
DA:174,0
DA:175,0
DA:178,0
DA:179,0
DA:180,0
DA:182,0
DA:185,0
DA:188,1
LF:31
LH:19
BRDA:25,0,0,0
BRDA:25,0,1,3
BRDA:25,1,0,3
BRDA:25,1,1,3
BRDA:26,2,0,2
BRDA:26,2,1,1
BRDA:27,3,0,1
BRDA:27,3,1,1
BRDA:27,4,0,2
BRDA:27,4,1,2
BRDA:38,5,0,2
BRDA:38,5,1,1
BRDA:174,6,0,0
BRDA:174,6,1,0
BRDA:174,7,0,0
BRDA:174,7,1,0
BRDA:178,8,0,0
BRDA:178,8,1,0
BRF:18
BRH:11
end_of_record
TN:
SF:src/pages/requestAccess.tsx
FN:7,(anonymous_1)
FN:35,(anonymous_2)
FNF:2
FNH:1
FNDA:1,(anonymous_1)
FNDA:0,(anonymous_2)
DA:1,1
DA:2,1
DA:4,1
DA:5,1
DA:7,1
DA:8,1
DA:35,1
DA:36,0
DA:39,1
LF:9
LH:8
BRF:0
BRH:0
end_of_record
TN:
SF:src/pages/resetConfirmation.tsx
FN:14,(anonymous_1)
FN:31,(anonymous_2)
FNF:2
FNH:1
FNDA:1,(anonymous_1)
FNDA:0,(anonymous_2)
DA:1,1
DA:3,1
DA:4,1
DA:5,1
DA:7,1
DA:8,1
DA:14,1
DA:15,1
DA:31,1
DA:32,0
DA:33,0
DA:36,0
DA:37,0
DA:40,0
DA:42,0
DA:45,0
DA:46,0
DA:49,0
DA:52,1
LF:19
LH:10
BRDA:36,0,0,0
BRDA:36,0,1,0
BRDA:45,1,0,0
BRDA:45,1,1,0
BRF:4
BRH:0
end_of_record
TN:
SF:src/pages/resetLinkExpired.tsx
FN:10,(anonymous_1)
FN:27,(anonymous_2)
FNF:2
FNH:1
FNDA:1,(anonymous_1)
FNDA:0,(anonymous_2)
DA:1,1
DA:3,1
DA:4,1
DA:5,1
DA:7,1
DA:8,1
DA:10,1
DA:11,1
DA:27,1
DA:28,0
DA:29,0
DA:32,1
LF:12
LH:10
BRF:0
BRH:0
end_of_record
TN:
SF:src/pages/resetPassword.tsx
FN:24,(anonymous_1)
FN:100,(anonymous_2)
FN:130,(anonymous_3)
FNF:3
FNH:1
FNDA:2,(anonymous_1)
FNDA:0,(anonymous_2)
FNDA:0,(anonymous_3)
DA:1,1
DA:3,1
DA:4,1
DA:5,1
DA:6,1
DA:7,1
DA:9,1
DA:10,1
DA:11,1
DA:13,1
DA:14,1
DA:24,1
DA:25,2
DA:100,1
DA:101,0
DA:102,0
DA:103,0
DA:105,0
DA:106,0
DA:108,0
DA:109,0
DA:112,0
DA:113,0
DA:114,0
DA:116,0
DA:118,0
DA:119,0
DA:120,0
DA:126,0
DA:127,0
DA:128,0
DA:130,0
DA:131,0
DA:132,0
DA:134,0
DA:138,0
DA:143,1
LF:37
LH:15
BRDA:32,0,0,1
BRDA:32,0,1,1
BRDA:108,1,0,0
BRDA:108,1,1,0
BRDA:108,2,0,0
BRDA:108,2,1,0
BRDA:108,2,2,0
BRDA:112,3,0,0
BRDA:112,3,1,0
BRDA:113,4,0,0
BRDA:113,4,1,0
BRDA:118,5,0,0
BRDA:118,5,1,0
BRDA:119,6,0,0
BRDA:119,6,1,0
BRDA:126,7,0,0
BRDA:126,7,1,0
BRDA:131,8,0,0
BRDA:131,8,1,0
BRF:19
BRH:2
end_of_record
TN:
SF:src/pages/returnDirection.tsx
FN:29,(anonymous_1)
FN:83,(anonymous_2)
FN:109,(anonymous_3)
FN:111,(anonymous_4)
FNF:4
FNH:4
FNDA:2,(anonymous_1)
FNDA:5,(anonymous_2)
FNDA:5,(anonymous_3)
FNDA:8,(anonymous_4)
DA:1,2
DA:2,2
DA:3,2
DA:4,2
DA:5,2
DA:6,2
DA:8,2
DA:9,2
DA:10,2
DA:11,2
DA:12,2
DA:13,2
DA:15,2
DA:16,2
DA:18,2
DA:19,2
DA:29,2
DA:36,2
DA:83,2
DA:84,5
DA:85,5
DA:86,5
DA:87,5
DA:89,5
DA:91,4
DA:92,1
DA:95,3
DA:97,3
DA:98,3
DA:103,2
DA:104,0
DA:108,2
DA:110,5
DA:111,8
DA:116,2
DA:121,0
DA:122,0
DA:123,0
DA:126,0
DA:130,2
DA:131,0
DA:133,0
DA:144,2
DA:153,2
LF:44
LH:37
BRDA:40,0,0,0
BRDA:40,0,1,2
BRDA:91,1,0,1
BRDA:91,1,1,3
BRDA:91,2,0,4
BRDA:91,2,1,3
BRDA:91,2,2,3
BRDA:103,3,0,0
BRDA:103,3,1,2
BRDA:111,4,0,8
BRDA:111,4,1,5
BRDA:116,5,0,0
BRDA:116,5,1,2
BRDA:117,6,0,2
BRDA:117,6,1,0
BRDA:117,6,2,0
BRDA:121,7,0,0
BRDA:121,7,1,0
BRDA:130,8,0,0
BRDA:130,8,1,2
BRDA:130,9,0,2
BRDA:130,9,1,0
BRDA:131,10,0,0
BRDA:131,11,0,0
BRDA:131,12,0,0
BRF:25
BRH:13
end_of_record
TN:
SF:src/pages/returnValidity.tsx
FN:26,(anonymous_1)
FN:72,(anonymous_2)
FN:77,(anonymous_3)
FN:97,(anonymous_4)
FNF:4
FNH:4
FNDA:5,(anonymous_1)
FNDA:3,(anonymous_2)
FNDA:5,(anonymous_3)
FNDA:2,(anonymous_4)
DA:1,3
DA:2,3
DA:3,3
DA:4,3
DA:6,3
DA:7,3
DA:8,3
DA:9,3
DA:17,3
DA:18,3
DA:26,5
DA:71,3
DA:74,3
DA:77,3
DA:78,5
DA:97,3
DA:98,2
DA:99,2
DA:102,2
DA:103,2
DA:104,2
DA:106,2
DA:107,2
DA:110,3
LF:24
LH:24
BRDA:74,0,0,3
BRDA:74,0,1,1
BRDA:82,1,0,1
BRDA:82,1,1,4
BRDA:102,2,0,1
BRDA:102,2,1,1
BRDA:102,3,0,2
BRDA:102,3,1,1
BRDA:103,4,0,2
BRDA:103,4,1,1
BRDA:103,4,2,2
BRDA:104,5,0,0
BRDA:104,5,1,2
BRDA:104,6,0,2
BRDA:104,6,1,1
BRF:15
BRH:14
end_of_record
TN:
SF:src/pages/salesConfirmation.tsx
FN:33,(anonymous_1)
FN:39,(anonymous_2)
FN:45,(anonymous_3)
FN:54,(anonymous_4)
FN:80,(anonymous_5)
FN:101,(anonymous_6)
FNF:6
FNH:3
FNDA:2,(anonymous_1)
FNDA:0,(anonymous_2)
FNDA:0,(anonymous_3)
FNDA:3,(anonymous_4)
FNDA:1,(anonymous_5)
FNDA:0,(anonymous_6)
DA:1,1
DA:2,1
DA:3,1
DA:4,1
DA:11,1
DA:12,1
DA:13,1
DA:14,1
DA:15,1
DA:16,1
DA:18,1
DA:19,1
DA:33,1
DA:37,2
DA:38,2
DA:39,0
DA:40,0
DA:45,0
DA:46,0
DA:54,2
DA:55,3
DA:62,2
DA:63,2
DA:65,2
DA:77,2
DA:80,1
DA:81,1
DA:101,1
DA:102,0
DA:103,0
DA:104,0
DA:106,0
DA:111,0
DA:113,0
DA:114,0
DA:115,0
DA:116,0
DA:117,0
DA:118,0
DA:121,0
DA:124,0
DA:125,0
DA:126,0
DA:127,0
DA:128,0
DA:129,0
DA:133,0
DA:135,0
DA:136,0
DA:137,0
DA:141,0
DA:144,0
DA:145,0
DA:148,0
DA:164,1
LF:55
LH:25
BRDA:38,0,0,0
BRDA:38,0,1,2
BRDA:67,1,0,2
BRDA:67,1,1,0
BRDA:72,2,0,2
BRDA:72,2,1,0
BRDA:106,3,0,0
BRDA:106,3,1,0
BRDA:107,4,0,0
BRDA:107,4,1,0
BRDA:107,4,2,0
BRDA:117,5,0,0
BRDA:117,5,1,0
BRDA:126,6,0,0
BRDA:126,6,1,0
BRDA:126,7,0,0
BRDA:126,7,1,0
BRDA:127,8,0,0
BRDA:127,8,1,0
BRDA:135,9,0,0
BRDA:135,9,1,0
BRF:21
BRH:3
end_of_record
TN:
SF:src/pages/salesOfferPackages.tsx
FN:55,(anonymous_7)
FN:59,(anonymous_8)
FN:88,(anonymous_9)
FN:132,(anonymous_10)
FN:176,(anonymous_11)
FN:218,(anonymous_12)
FNF:6
FNH:6
FNDA:7,(anonymous_7)
FNDA:3,(anonymous_8)
FNDA:15,(anonymous_9)
FNDA:21,(anonymous_10)
FNDA:9,(anonymous_11)
FNDA:2,(anonymous_12)
DA:1,3
DA:2,3
DA:3,3
DA:4,3
DA:6,3
DA:7,3
DA:8,3
DA:9,3
DA:10,3
DA:12,3
DA:13,3
DA:15,3
DA:16,3
DA:19,3
DA:25,3
DA:39,3
DA:49,3
DA:54,3
DA:57,7
DA:59,3
DA:60,3
DA:62,3
DA:89,15
DA:90,15
DA:133,21
DA:134,21
DA:177,9
DA:178,9
DA:218,3
DA:219,2
DA:220,2
DA:222,2
DA:228,2
DA:239,3
LF:34
LH:34
BRDA:57,0,0,4
BRDA:57,0,1,3
BRDA:57,1,0,7
BRDA:57,1,1,7
BRDA:60,2,0,1
BRDA:60,2,1,2
BRDA:109,3,0,15
BRDA:109,3,1,12
BRDA:153,4,0,21
BRDA:153,4,1,18
BRDA:232,5,0,1
BRDA:232,5,1,1
BRDA:231,6,0,2
BRDA:231,6,1,1
BRF:14
BRH:14
end_of_record
TN:
SF:src/pages/schoolFareType.tsx
FN:42,(anonymous_1)
FN:70,(anonymous_2)
FNF:2
FNH:2
FNDA:2,(anonymous_1)
FNDA:1,(anonymous_2)
DA:1,1
DA:2,1
DA:3,1
DA:4,1
DA:6,1
DA:7,1
DA:8,1
DA:9,1
DA:10,1
DA:11,1
DA:12,1
DA:14,1
DA:15,1
DA:17,1
DA:25,1
DA:42,1
DA:43,2
DA:70,1
DA:71,1
DA:72,1
DA:73,1
DA:75,1
DA:76,0
DA:79,1
DA:81,1
DA:83,1
DA:85,1
DA:88,1
LF:28
LH:27
BRDA:42,0,0,0
BRDA:48,1,0,1
BRDA:48,1,1,1
BRDA:75,2,0,0
BRDA:75,2,1,1
BRDA:83,3,0,0
BRDA:83,3,1,1
BRF:7
BRH:4
end_of_record
TN:
SF:src/pages/searchOperators.tsx
FN:31,(anonymous_1)
FN:33,(anonymous_2)
FN:57,(anonymous_3)
FN:90,(anonymous_4)
FN:104,(anonymous_5)
FN:146,(anonymous_6)
FN:148,(anonymous_7)
FN:176,(anonymous_8)
FN:213,(anonymous_9)
FN:221,(anonymous_10)
FN:266,(anonymous_11)
FN:309,(anonymous_12)
FNF:12
FNH:10
FNDA:3,(anonymous_1)
FNDA:0,(anonymous_2)
FNDA:9,(anonymous_3)
FNDA:7,(anonymous_4)
FNDA:1,(anonymous_5)
FNDA:3,(anonymous_6)
FNDA:0,(anonymous_7)
FNDA:3,(anonymous_8)
FNDA:7,(anonymous_9)
FNDA:1,(anonymous_10)
FNDA:5,(anonymous_11)
FNDA:6,(anonymous_12)
DA:1,2
DA:2,2
DA:3,2
DA:5,2
DA:6,2
DA:7,2
DA:8,2
DA:9,2
DA:10,2
DA:11,2
DA:12,2
DA:13,2
DA:14,2
DA:16,2
DA:17,2
DA:19,2
DA:20,2
DA:21,2
DA:31,2
DA:32,3
DA:33,3
DA:34,0
DA:35,0
DA:38,3
DA:58,9
DA:90,2
DA:91,7
DA:103,7
DA:104,7
DA:105,1
DA:106,1
DA:109,7
DA:146,2
DA:147,3
DA:148,3
DA:149,0
DA:150,0
DA:153,3
DA:177,3
DA:178,3
DA:213,2
DA:220,7
DA:221,7
DA:222,7
DA:266,2
DA:267,5
DA:269,5
DA:270,5
DA:272,5
DA:273,5
DA:274,5
DA:276,5
DA:277,5
DA:281,5
DA:282,1
DA:283,1
DA:286,5
DA:288,5
DA:289,3
DA:291,3
DA:292,0
DA:298,3
DA:299,0
DA:304,3
DA:307,3
DA:308,3
DA:309,3
DA:310,6
DA:311,6
DA:314,3
DA:315,1
DA:324,5
DA:327,2
LF:73
LH:67
BRDA:34,0,0,0
BRDA:34,0,1,0
BRDA:39,1,0,0
BRDA:39,1,1,3
BRDA:79,2,0,3
BRDA:79,2,1,0
BRDA:93,3,0,3
BRDA:93,3,1,4
BRDA:99,4,0,3
BRDA:99,4,1,4
BRDA:105,5,0,1
BRDA:105,5,1,0
BRDA:110,6,0,1
BRDA:110,6,1,6
BRDA:118,7,0,1
BRDA:118,7,1,6
BRDA:128,8,0,1
BRDA:128,8,1,6
BRDA:149,9,0,0
BRDA:149,9,1,0
BRDA:154,10,0,0
BRDA:154,10,1,3
BRDA:161,11,0,0
BRDA:161,11,1,3
BRDA:221,12,0,7
BRDA:221,12,1,4
BRDA:228,13,0,3
BRDA:228,13,1,4
BRDA:236,14,0,3
BRDA:236,14,1,4
BRDA:241,15,0,3
BRDA:241,15,1,4
BRDA:270,16,0,5
BRDA:270,16,1,4
BRDA:278,17,0,0
BRDA:278,17,1,5
BRDA:277,18,0,4
BRDA:277,18,1,1
BRDA:277,19,0,5
BRDA:277,19,1,5
BRDA:281,20,0,1
BRDA:281,20,1,4
BRDA:288,21,0,3
BRDA:288,21,1,2
BRDA:289,22,0,3
BRDA:289,22,1,0
BRDA:291,23,0,0
BRDA:291,23,1,3
BRDA:298,24,0,0
BRDA:298,24,1,3
BRDA:305,25,0,1
BRDA:305,25,1,2
BRDA:310,26,0,6
BRDA:310,26,1,0
BRDA:314,27,0,1
BRDA:314,27,1,2
BRF:56
BRH:42
end_of_record
TN:
SF:src/pages/selectSalesOfferPackage.tsx
FN:67,(anonymous_7)
FN:67,(anonymous_8)
FN:69,(anonymous_9)
FN:74,(anonymous_10)
FN:82,(anonymous_11)
FN:84,(anonymous_12)
FN:120,(anonymous_13)
FN:126,(anonymous_14)
FN:146,(anonymous_15)
FN:191,(anonymous_16)
FN:223,(anonymous_17)
FNF:11
FNH:4
FNDA:0,(anonymous_7)
FNDA:0,(anonymous_8)
FNDA:0,(anonymous_9)
FNDA:0,(anonymous_10)
FNDA:0,(anonymous_11)
FNDA:0,(anonymous_12)
FNDA:3,(anonymous_13)
FNDA:0,(anonymous_14)
FNDA:3,(anonymous_15)
FNDA:7,(anonymous_16)
FNDA:6,(anonymous_17)
DA:1,86
DA:2,86
DA:3,86
DA:4,86
DA:5,86
DA:6,86
DA:7,86
DA:14,86
DA:16,86
DA:17,86
DA:18,86
DA:20,86
DA:21,86
DA:24,86
DA:25,86
DA:27,86
DA:35,86
DA:43,86
DA:51,86
DA:67,86
DA:69,86
DA:74,0
DA:75,0
DA:77,0
DA:79,0
DA:81,0
DA:82,0
DA:83,0
DA:84,0
DA:85,0
DA:86,0
DA:93,0
DA:120,86
DA:126,3
DA:127,0
DA:146,86
DA:153,3
DA:191,86
DA:194,7
DA:195,7
DA:197,6
DA:198,0
DA:201,6
DA:202,6
DA:209,6
DA:210,6
DA:211,6
DA:212,6
DA:214,6
DA:216,6
DA:218,6
DA:221,6
DA:222,2
DA:223,6
DA:224,4
DA:225,4
DA:226,0
DA:227,4
DA:231,2
DA:236,6
DA:238,6
DA:243,0
DA:254,6
DA:264,86
LF:64
LH:49
BRDA:81,0,0,0
BRDA:81,0,1,0
BRDA:83,1,0,0
BRDA:83,1,1,0
BRDA:85,2,0,0
BRDA:85,2,1,0
BRDA:104,3,0,0
BRDA:104,3,1,0
BRDA:124,4,0,0
BRDA:197,5,0,0
BRDA:197,5,1,6
BRDA:201,6,0,6
BRDA:201,6,1,0
BRDA:216,7,0,6
BRDA:216,7,1,0
BRDA:219,8,0,0
BRDA:219,8,1,6
BRDA:218,9,0,6
BRDA:218,9,1,0
BRDA:221,10,0,2
BRDA:221,10,1,4
BRDA:221,11,0,6
BRDA:221,11,1,4
BRDA:221,11,2,4
BRDA:224,12,0,4
BRDA:224,12,1,0
BRDA:225,13,0,0
BRDA:225,13,1,4
BRDA:225,14,0,4
BRDA:225,14,1,1
BRDA:227,15,0,2
BRDA:227,15,1,2
BRDA:228,16,0,4
BRDA:228,16,1,3
BRDA:228,16,2,2
BRDA:238,17,0,0
BRDA:238,17,1,6
BRDA:239,18,0,6
BRDA:239,18,1,6
BRDA:239,18,2,0
BRDA:245,19,0,0
BRDA:245,19,1,0
BRF:42
BRH:22
end_of_record
TN:
SF:src/pages/service.tsx
FN:27,(anonymous_1)
FN:47,(anonymous_2)
FN:69,(anonymous_3)
FNF:3
FNH:3
FNDA:3,(anonymous_1)
FNDA:9,(anonymous_2)
FNDA:4,(anonymous_3)
DA:1,1
DA:2,1
DA:3,1
DA:5,1
DA:6,1
DA:7,1
DA:8,1
DA:9,1
DA:10,1
DA:11,1
DA:12,1
DA:13,1
DA:15,1
DA:16,1
DA:17,1
DA:27,1
DA:28,3
DA:48,9
DA:69,1
DA:70,4
DA:71,4
DA:73,4
DA:76,4
DA:78,4
DA:79,4
DA:81,3
DA:83,3
DA:84,1
DA:87,2
DA:89,2
DA:91,2
DA:92,1
DA:95,1
DA:106,1
LF:34
LH:34
BRDA:32,0,0,0
BRDA:32,0,1,3
BRDA:76,1,0,0
BRDA:76,1,1,4
BRDA:76,2,0,4
BRDA:76,2,1,4
BRDA:83,3,0,1
BRDA:83,3,1,2
BRDA:83,4,0,3
BRDA:83,4,1,3
BRDA:83,4,2,2
BRDA:91,5,0,1
BRDA:91,5,1,1
BRF:13
BRH:11
end_of_record
TN:
SF:src/pages/serviceList.tsx
FN:29,(anonymous_1)
FN:63,(anonymous_2)
FN:103,(anonymous_3)
FN:107,(anonymous_4)
FN:120,(anonymous_5)
FNF:5
FNH:5
FNDA:3,(anonymous_1)
FNDA:6,(anonymous_2)
FNDA:5,(anonymous_3)
FNDA:3,(anonymous_4)
FNDA:6,(anonymous_5)
DA:1,87
DA:2,87
DA:3,87
DA:4,87
DA:5,87
DA:6,87
DA:8,87
DA:9,87
DA:10,87
DA:14,87
DA:15,87
DA:29,87
DA:30,3
DA:64,6
DA:66,6
DA:68,6
DA:69,0
DA:71,6
DA:73,6
DA:102,87
DA:105,5
DA:107,87
DA:108,3
DA:109,3
DA:110,2
DA:112,2
DA:113,0
DA:116,2
DA:118,2
DA:120,2
DA:121,6
DA:127,2
DA:128,2
DA:130,2
DA:144,87
LF:35
LH:33
BRDA:34,0,0,1
BRDA:34,0,1,2
BRDA:38,1,0,1
BRDA:38,1,1,2
BRDA:43,2,0,1
BRDA:43,2,1,2
BRDA:68,3,0,0
BRDA:68,3,1,6
BRDA:112,4,0,0
BRDA:112,4,1,2
BRDA:123,5,0,6
BRDA:123,5,1,0
BRDA:123,6,0,6
BRDA:123,6,1,0
BRDA:123,6,2,0
BRDA:133,7,0,0
BRDA:133,7,1,2
BRDA:136,8,0,1
BRDA:136,8,1,1
BRDA:135,9,0,2
BRDA:135,9,1,1
BRF:21
BRH:15
end_of_record
TN:
SF:src/pages/singleDirection.tsx
FN:28,(anonymous_1)
FN:74,(anonymous_2)
FN:105,(anonymous_3)
FN:107,(anonymous_4)
FNF:4
FNH:4
FNDA:3,(anonymous_1)
FNDA:5,(anonymous_2)
FNDA:5,(anonymous_3)
FNDA:8,(anonymous_4)
DA:1,1
DA:2,1
DA:3,1
DA:4,1
DA:5,1
DA:6,1
DA:7,1
DA:8,1
DA:10,1
DA:11,1
DA:12,1
DA:13,1
DA:14,1
DA:16,1
DA:17,1
DA:28,1
DA:36,3
DA:74,1
DA:75,5
DA:76,5
DA:78,5
DA:79,5
DA:80,5
DA:82,4
DA:83,4
DA:85,4
DA:86,1
DA:89,3
DA:91,3
DA:93,3
DA:94,3
DA:99,2
DA:100,0
DA:104,2
DA:106,5
DA:107,8
DA:111,2
DA:123,1
LF:38
LH:37
BRDA:40,0,0,0
BRDA:40,0,1,3
BRDA:85,1,0,1
BRDA:85,1,1,3
BRDA:85,2,0,4
BRDA:85,2,1,4
BRDA:85,2,2,3
BRDA:85,2,3,3
BRDA:99,3,0,0
BRDA:99,3,1,2
BRDA:107,4,0,8
BRDA:107,4,1,5
BRDA:117,5,0,2
BRDA:117,5,1,0
BRDA:117,5,2,2
BRF:15
BRH:12
end_of_record
TN:
SF:src/pages/stageNames.tsx
FN:30,(anonymous_1)
FN:68,(anonymous_2)
FN:83,(anonymous_3)
FN:85,(anonymous_4)
FN:111,(anonymous_5)
FN:129,(anonymous_6)
FNF:6
FNH:4
FNDA:21,(anonymous_1)
FNDA:5,(anonymous_2)
FNDA:0,(anonymous_3)
FNDA:3,(anonymous_4)
FNDA:1,(anonymous_5)
FNDA:0,(anonymous_6)
DA:1,1
DA:2,1
DA:3,1
DA:4,1
DA:5,1
DA:7,1
DA:8,1
DA:9,1
DA:10,1
DA:11,1
DA:13,1
DA:14,1
DA:30,1
DA:36,21
DA:38,21
DA:39,0
DA:40,21
DA:41,21
DA:43,21
DA:68,1
DA:74,5
DA:75,5
DA:76,21
DA:77,21
DA:80,5
DA:83,1
DA:85,1
DA:92,3
DA:111,1
DA:112,1
DA:113,1
DA:115,1
DA:116,0
DA:119,1
DA:120,1
DA:122,1
DA:123,1
DA:124,0
DA:127,1
DA:128,0
DA:129,0
DA:130,0
DA:131,0
DA:134,0
DA:137,1
DA:148,1
LF:46
LH:38
BRDA:33,0,0,0
BRDA:38,1,0,0
BRDA:38,1,1,21
BRDA:40,2,0,21
BRDA:40,2,1,0
BRDA:41,3,0,14
BRDA:41,3,1,7
BRDA:41,4,0,8
BRDA:41,4,1,13
BRDA:41,5,0,21
BRDA:41,5,1,21
BRDA:41,6,0,8
BRDA:41,6,1,6
BRDA:41,7,0,14
BRDA:41,7,1,14
BRDA:45,8,0,7
BRDA:45,8,1,14
BRDA:45,9,0,8
BRDA:45,9,1,13
BRDA:45,10,0,21
BRDA:45,10,1,21
BRDA:76,11,0,0
BRDA:76,11,1,21
BRDA:89,12,0,0
BRDA:115,13,0,0
BRDA:115,13,1,1
BRDA:123,14,0,0
BRDA:123,14,1,1
BRDA:123,15,0,1
BRDA:123,15,1,1
BRDA:123,15,2,1
BRDA:127,16,0,0
BRDA:127,16,1,1
BRDA:130,17,0,0
BRDA:130,17,1,0
BRDA:142,18,0,1
BRDA:142,18,1,0
BRDA:142,19,0,1
BRDA:142,19,1,1
BRF:39
BRH:28
end_of_record
TN:
SF:src/pages/stageNamesConfirmation.tsx
FN:19,(anonymous_1)
FN:21,(anonymous_2)
FN:31,(anonymous_3)
FN:46,(anonymous_4)
FNF:4
FNH:3
FNDA:2,(anonymous_1)
FNDA:6,(anonymous_2)
FNDA:1,(anonymous_3)
FNDA:0,(anonymous_4)
DA:1,1
DA:2,1
DA:3,1
DA:4,1
DA:5,1
DA:7,1
DA:8,1
DA:9,1
DA:11,1
DA:12,1
DA:19,1
DA:20,2
DA:21,2
DA:22,6
DA:28,2
DA:31,1
DA:32,1
DA:46,1
DA:47,0
DA:48,0
DA:50,0
DA:51,0
DA:54,0
DA:57,1
LF:24
LH:19
BRDA:50,0,0,0
BRDA:50,0,1,0
BRDA:50,1,0,0
BRDA:50,1,1,0
BRF:4
BRH:0
end_of_record
TN:
SF:src/pages/termTime.tsx
FN:20,(anonymous_1)
FN:73,(anonymous_2)
FNF:2
FNH:1
FNDA:2,(anonymous_1)
FNDA:0,(anonymous_2)
DA:1,1
DA:2,1
DA:4,1
DA:5,1
DA:6,1
DA:7,1
DA:8,1
DA:9,1
DA:10,1
DA:12,1
DA:13,1
DA:20,1
DA:21,2
DA:73,1
DA:74,0
DA:75,0
DA:76,0
DA:77,0
DA:80,1
LF:19
LH:15
BRDA:25,0,0,1
BRDA:25,0,1,1
BRDA:38,1,0,1
BRDA:38,1,1,1
BRDA:52,2,0,1
BRDA:52,2,1,1
BRDA:76,3,0,0
BRDA:76,3,1,0
BRF:8
BRH:6
end_of_record
TN:
SF:src/pages/thankyou.tsx
FN:19,(anonymous_1)
FN:66,(anonymous_2)
FNF:2
FNH:2
FNDA:1,(anonymous_1)
FNDA:1,(anonymous_2)
DA:1,1
DA:2,1
DA:3,1
DA:4,1
DA:5,1
DA:6,1
DA:8,1
DA:9,1
DA:11,1
DA:12,1
DA:19,1
DA:20,1
DA:66,1
DA:67,1
DA:68,1
DA:70,1
DA:71,1
DA:74,1
DA:75,1
DA:76,1
DA:77,1
DA:78,0
DA:81,1
DA:82,1
DA:83,1
DA:86,1
DA:89,1
LF:27
LH:26
BRDA:70,0,0,1
BRDA:70,0,1,0
BRDA:77,1,0,0
BRDA:77,1,1,1
BRDA:81,2,0,1
BRDA:81,2,1,0
BRF:6
BRH:3
end_of_record
TN:
SF:src/pages/ticketConfirmation.tsx
FN:59,(anonymous_1)
FN:62,(anonymous_2)
FN:65,(anonymous_3)
FN:72,(anonymous_4)
FN:91,(anonymous_5)
FN:94,(anonymous_6)
FN:102,(anonymous_7)
FN:129,(anonymous_8)
FN:132,(anonymous_9)
FN:136,(anonymous_10)
FN:139,(anonymous_11)
FN:148,(anonymous_12)
FN:151,(anonymous_13)
FN:169,(anonymous_14)
FN:203,(anonymous_15)
FN:212,(anonymous_16)
FN:217,(anonymous_17)
FN:220,(anonymous_18)
FN:222,(anonymous_19)
FN:229,(anonymous_20)
FN:263,(anonymous_21)
FN:273,(anonymous_22)
FN:284,(anonymous_23)
FN:297,(anonymous_24)
FN:320,(anonymous_25)
FN:352,(anonymous_26)
FN:364,(anonymous_27)
FNF:27
FNH:27
FNDA:5,(anonymous_1)
FNDA:25,(anonymous_2)
FNDA:25,(anonymous_3)
FNDA:1,(anonymous_4)
FNDA:5,(anonymous_5)
FNDA:5,(anonymous_6)
FNDA:2,(anonymous_7)
FNDA:5,(anonymous_8)
FNDA:5,(anonymous_9)
FNDA:5,(anonymous_10)
FNDA:5,(anonymous_11)
FNDA:5,(anonymous_12)
FNDA:5,(anonymous_13)
FNDA:4,(anonymous_14)
FNDA:6,(anonymous_15)
FNDA:4,(anonymous_16)
FNDA:2,(anonymous_17)
FNDA:3,(anonymous_18)
FNDA:3,(anonymous_19)
FNDA:8,(anonymous_20)
FNDA:6,(anonymous_21)
FNDA:1,(anonymous_22)
FNDA:3,(anonymous_23)
FNDA:4,(anonymous_24)
FNDA:7,(anonymous_25)
FNDA:4,(anonymous_26)
FNDA:2,(anonymous_27)
DA:1,1
DA:2,1
DA:3,1
DA:4,1
DA:14,1
DA:15,1
DA:16,1
DA:17,1
DA:18,1
DA:36,1
DA:42,1
DA:46,1
DA:47,1
DA:59,1
DA:60,5
DA:61,5
DA:62,5
DA:63,25
DA:64,25
DA:65,25
DA:66,25
DA:69,5
DA:72,1
DA:73,1
DA:74,1
DA:75,1
DA:79,1
DA:91,1
DA:92,5
DA:94,5
DA:99,1
DA:102,1
DA:103,2
DA:105,2
DA:106,2
DA:107,2
DA:108,2
DA:110,2
DA:112,2
DA:118,2
DA:119,1
DA:121,1
DA:126,1
DA:127,1
DA:129,1
DA:130,5
DA:132,5
DA:136,1
DA:137,5
DA:139,5
DA:143,1
DA:144,1
DA:148,1
DA:149,5
DA:151,5
DA:157,2
DA:158,1
DA:165,2
DA:168,1
DA:171,4
DA:173,4
DA:177,4
DA:178,4
DA:179,4
DA:180,4
DA:184,4
DA:185,4
DA:188,4
DA:192,4
DA:193,2
DA:198,2
DA:199,2
DA:200,2
DA:201,2
DA:203,6
DA:208,4
DA:209,2
DA:210,2
DA:212,4
DA:216,2
DA:217,1
DA:218,2
DA:220,3
DA:222,3
DA:229,4
DA:230,8
DA:238,8
DA:239,0
DA:241,8
DA:262,4
DA:263,2
DA:264,6
DA:266,2
DA:267,2
DA:270,4
DA:273,1
DA:274,1
DA:276,1
DA:277,1
DA:278,1
DA:279,1
DA:281,1
DA:284,3
DA:294,1
DA:297,1
DA:298,4
DA:301,4
DA:302,4
DA:304,1
DA:305,1
DA:307,1
DA:308,1
DA:310,1
DA:311,1
DA:313,1
DA:316,0
DA:320,1
DA:326,7
DA:328,1
DA:329,1
DA:331,1
DA:332,1
DA:334,1
DA:335,1
DA:337,1
DA:338,1
DA:340,1
DA:341,1
DA:343,1
DA:344,1
DA:346,1
DA:349,6
DA:352,1
DA:353,4
DA:364,1
DA:365,2
DA:366,2
DA:368,2
DA:369,1
DA:372,1
DA:380,1
LF:141
LH:139
BRDA:63,0,0,25
BRDA:63,0,1,0
BRDA:110,1,0,2
BRDA:110,1,1,1
BRDA:118,2,0,1
BRDA:118,2,1,1
BRDA:143,3,0,1
BRDA:143,3,1,0
BRDA:157,4,0,1
BRDA:157,4,1,1
BRDA:184,5,0,2
BRDA:184,5,1,2
BRDA:189,6,0,2
BRDA:189,6,1,2
BRDA:188,7,0,4
BRDA:188,7,1,4
BRDA:192,8,0,2
BRDA:192,8,1,2
BRDA:198,9,0,2
BRDA:198,9,1,0
BRDA:200,10,0,2
BRDA:200,10,1,0
BRDA:208,11,0,2
BRDA:208,11,1,2
BRDA:216,12,0,1
BRDA:216,12,1,1
BRDA:216,13,0,2
BRDA:216,13,1,1
BRDA:220,14,0,0
BRDA:220,14,1,2
BRDA:220,15,0,2
BRDA:220,15,1,2
BRDA:232,16,0,8
BRDA:232,16,1,0
BRDA:233,17,0,2
BRDA:233,17,1,6
BRDA:238,18,0,0
BRDA:238,18,1,8
BRDA:238,19,0,8
BRDA:238,19,1,8
BRDA:245,20,0,6
BRDA:245,20,1,2
BRDA:250,21,0,6
BRDA:250,21,1,2
BRDA:255,22,0,0
BRDA:255,22,1,8
BRDA:257,23,0,6
BRDA:257,23,1,2
BRDA:262,24,0,2
BRDA:262,24,1,2
BRDA:266,25,0,2
BRDA:266,25,1,0
BRDA:277,26,0,1
BRDA:277,26,1,0
BRDA:301,27,0,4
BRDA:301,27,1,0
BRDA:303,28,0,1
BRDA:303,28,1,1
BRDA:303,28,2,1
BRDA:303,28,3,1
BRDA:327,29,0,1
BRDA:327,29,1,1
BRDA:327,29,2,1
BRDA:327,29,3,1
BRDA:327,29,4,1
BRDA:327,29,5,1
BRDA:327,29,6,1
BRDA:368,30,0,1
BRDA:368,30,1,1
BRF:69
BRH:58
end_of_record
TN:
SF:src/pages/ticketRepresentation.tsx
FN:22,(anonymous_1)
FN:76,(anonymous_2)
FNF:2
FNH:1
FNDA:3,(anonymous_1)
FNDA:0,(anonymous_2)
DA:1,1
DA:2,1
DA:3,1
DA:5,1
DA:6,1
DA:7,1
DA:8,1
DA:9,1
DA:11,1
DA:13,1
DA:14,1
DA:22,1
DA:23,3
DA:76,1
DA:77,0
DA:78,0
DA:79,0
DA:81,0
DA:90,1
LF:19
LH:15
BRDA:22,0,0,0
BRDA:27,1,0,1
BRDA:27,1,1,2
BRDA:32,2,0,1
BRDA:32,2,1,2
BRDA:41,3,0,1
BRDA:41,3,1,2
BRDA:55,4,0,1
BRDA:55,4,1,2
BRDA:84,5,0,0
BRDA:84,5,1,0
BRDA:84,6,0,0
BRDA:84,6,1,0
BRF:13
BRH:8
end_of_record
TN:
SF:src/pages/api/changePassword.ts
FN:14,(anonymous_1)
FN:20,(anonymous_2)
FN:39,(anonymous_3)
FNF:3
FNH:3
FNDA:5,(anonymous_1)
FNDA:7,(anonymous_2)
FNDA:4,(anonymous_3)
DA:3,1
DA:10,1
DA:11,1
DA:12,1
DA:14,1
DA:15,5
DA:16,5
DA:17,5
DA:20,1
DA:21,7
DA:22,7
DA:23,7
DA:24,7
DA:25,1
DA:27,6
DA:29,6
DA:31,6
DA:32,1
DA:35,6
DA:36,4
DA:39,6
DA:40,4
DA:41,4
DA:43,2
DA:44,2
DA:45,1
DA:46,1
DA:47,1
DA:48,1
DA:54,1
DA:56,0
DA:61,0
DA:65,0
DA:68,0
DA:71,1
DA:75,1
DA:79,1
DA:82,1
DA:83,1
LF:39
LH:35
BRDA:24,0,0,1
BRDA:24,0,1,6
BRDA:31,1,0,1
BRDA:31,1,1,5
BRDA:35,2,0,4
BRDA:35,2,1,2
BRDA:39,3,0,4
BRDA:39,3,1,2
BRDA:45,4,0,1
BRDA:45,4,1,0
BRDA:45,5,0,0
BRDA:45,5,1,1
BRDA:45,6,0,1
BRDA:45,6,1,1
BRF:14
BRH:12
end_of_record
TN:
SF:src/pages/api/chooseStages.ts
FN:16,(anonymous_0)
FN:33,(anonymous_1)
FNF:2
FNH:2
FNDA:16,(anonymous_0)
FNDA:14,(anonymous_1)
DA:2,1
DA:3,1
DA:4,1
DA:5,1
DA:16,1
DA:17,16
DA:18,16
DA:20,16
DA:27,11
DA:30,16
DA:33,1
DA:34,14
DA:35,14
DA:36,0
DA:39,14
DA:40,14
DA:41,14
DA:42,10
DA:46,10
DA:47,10
DA:50,4
DA:51,4
DA:53,0
DA:54,0
LF:24
LH:21
BRDA:20,0,0,11
BRDA:20,0,1,5
BRDA:21,1,0,16
BRDA:21,1,1,15
BRDA:21,1,2,12
BRDA:21,1,3,10
BRDA:21,1,4,8
BRDA:35,2,0,0
BRDA:35,2,1,14
BRDA:39,3,0,1
BRDA:41,4,0,10
BRDA:41,4,1,4
BRF:12
BRH:11
end_of_record
TN:
SF:src/pages/api/chooseTimeRestrictions.ts
FN:8,(anonymous_0)
FN:10,(anonymous_1)
FN:14,(anonymous_2)
FN:25,(anonymous_3)
FN:27,(anonymous_4)
FN:63,(anonymous_5)
FNF:6
FNH:5
FNDA:20,(anonymous_0)
FNDA:1,(anonymous_1)
FNDA:4,(anonymous_2)
FNDA:4,(anonymous_3)
FNDA:11,(anonymous_4)
FNDA:0,(anonymous_5)
DA:2,1
DA:4,1
DA:5,1
DA:6,1
DA:8,20
DA:10,1
DA:14,1
DA:15,4
DA:16,4
DA:17,4
DA:25,1
DA:26,4
DA:27,4
DA:28,11
DA:29,3
DA:30,0
DA:36,3
DA:44,11
DA:45,3
DA:46,1
DA:52,2
DA:60,4
DA:63,1
DA:64,0
DA:65,0
DA:66,0
DA:68,0
DA:71,0
DA:73,0
DA:75,0
DA:77,0
DA:78,0
DA:79,0
DA:82,0
DA:84,0
DA:85,0
LF:36
LH:22
BRDA:28,0,0,3
BRDA:28,0,1,8
BRDA:28,1,0,11
BRDA:28,1,1,7
BRDA:29,2,0,0
BRDA:29,2,1,3
BRDA:44,3,0,3
BRDA:44,3,1,8
BRDA:44,4,0,11
BRDA:44,4,1,7
BRDA:45,5,0,1
BRDA:45,5,1,2
BRDA:65,6,0,0
BRDA:65,6,1,0
BRDA:77,7,0,0
BRDA:77,7,1,0
BRF:16
BRH:11
end_of_record
TN:
SF:src/pages/api/chooseValidity.ts
FN:8,(anonymous_0)
FN:24,(anonymous_1)
FN:31,(anonymous_2)
FN:34,(anonymous_3)
FNF:4
FNH:4
FNDA:11,(anonymous_0)
FNDA:15,(anonymous_1)
FNDA:16,(anonymous_2)
FNDA:15,(anonymous_3)
DA:3,2
DA:4,2
DA:5,2
DA:6,2
DA:8,2
DA:9,11
DA:10,2
DA:13,9
DA:14,2
DA:17,7
DA:18,1
DA:21,6
DA:24,2
DA:25,15
DA:26,9
DA:28,6
DA:31,2
DA:32,16
DA:34,2
DA:35,15
DA:36,15
DA:37,0
DA:40,15
DA:41,15
DA:43,15
DA:44,9
DA:51,15
DA:52,10
DA:57,15
DA:62,15
DA:63,12
DA:64,12
DA:67,3
DA:69,0
DA:70,0
LF:35
LH:32
BRDA:9,0,0,2
BRDA:9,0,1,9
BRDA:13,1,0,2
BRDA:13,1,1,7
BRDA:17,2,0,1
BRDA:17,2,1,6
BRDA:17,3,0,7
BRDA:17,3,1,7
BRDA:25,4,0,9
BRDA:25,4,1,6
BRDA:25,5,0,15
BRDA:25,5,1,12
BRDA:25,5,2,11
BRDA:36,6,0,0
BRDA:36,6,1,15
BRDA:43,7,0,9
BRDA:43,7,1,6
BRDA:51,8,0,10
BRDA:51,8,1,5
BRDA:51,9,0,15
BRDA:51,9,1,6
BRDA:58,10,0,13
BRDA:58,10,1,2
BRDA:58,11,0,15
BRDA:58,11,1,15
BRDA:59,12,0,6
BRDA:59,12,1,9
BRDA:59,13,0,15
BRDA:59,13,1,15
BRDA:62,14,0,12
BRDA:62,14,1,3
BRF:31
BRH:30
end_of_record
TN:
SF:src/pages/api/cookies.ts
FN:6,(anonymous_0)
FNF:1
FNH:1
FNDA:3,(anonymous_0)
DA:2,1
DA:4,1
DA:6,1
DA:7,3
DA:8,3
DA:10,3
DA:11,1
DA:12,1
DA:15,2
DA:17,2
DA:18,2
DA:27,2
DA:29,0
DA:30,0
LF:14
LH:12
BRDA:10,0,0,1
BRDA:10,0,1,2
BRDA:15,1,0,2
BRDA:15,1,1,1
BRF:4
BRH:4
end_of_record
TN:
SF:src/pages/api/csvUpload.ts
FN:37,(anonymous_1)
FN:46,(anonymous_2)
FN:49,(anonymous_3)
FN:51,(anonymous_4)
FN:58,(anonymous_5)
FN:85,(anonymous_6)
FN:88,(anonymous_7)
FN:117,(anonymous_8)
FN:123,(anonymous_9)
FN:135,(anonymous_10)
FN:136,(anonymous_11)
FN:151,(anonymous_12)
FNF:12
FNH:12
FNDA:7,(anonymous_1)
FNDA:8,(anonymous_2)
FNDA:216,(anonymous_3)
FNDA:1764,(anonymous_4)
FNDA:6,(anonymous_5)
FNDA:392,(anonymous_6)
FNDA:49,(anonymous_7)
FNDA:48,(anonymous_8)
FNDA:48,(anonymous_9)
FNDA:40,(anonymous_10)
FNDA:55,(anonymous_11)
FNDA:10,(anonymous_12)
DA:2,1
DA:4,1
DA:5,1
DA:6,1
DA:7,1
DA:8,1
DA:9,1
DA:10,1
DA:11,1
DA:13,1
DA:31,1
DA:37,1
DA:42,7
DA:43,7
DA:46,1
DA:47,8
DA:49,1
DA:50,216
DA:51,1764
DA:52,216
DA:53,36
DA:55,180
DA:58,1
DA:63,6
DA:67,6
DA:69,6
DA:71,6
DA:72,0
DA:76,0
DA:77,0
DA:78,0
DA:81,6
DA:83,6
DA:84,48
DA:85,392
DA:86,48
DA:88,49
DA:89,0
DA:91,48
DA:94,48
DA:99,48
DA:100,168
DA:103,168
DA:104,161
DA:105,95
DA:107,66
DA:116,6
DA:117,48
DA:123,48
DA:125,6
DA:126,1
DA:130,1
DA:131,1
DA:132,1
DA:135,5
DA:136,55
DA:139,5
DA:140,2
DA:144,2
DA:145,2
DA:146,2
DA:148,3
DA:151,1
DA:152,10
DA:153,10
DA:154,0
DA:157,10
DA:159,10
DA:160,4
DA:161,4
DA:162,4
DA:165,6
DA:166,6
DA:167,6
DA:168,6
DA:169,6
DA:170,3
DA:172,3
DA:174,3
DA:175,3
DA:177,3
DA:179,3
DA:180,2
DA:181,2
DA:183,1
DA:186,0
DA:187,0
LF:87
LH:79
BRDA:52,0,0,36
BRDA:52,0,1,180
BRDA:52,1,0,216
BRDA:52,1,1,180
BRDA:71,2,0,0
BRDA:71,2,1,6
BRDA:86,3,0,8
BRDA:86,3,1,40
BRDA:88,4,0,0
BRDA:88,4,1,48
BRDA:88,5,0,49
BRDA:88,5,1,48
BRDA:100,6,0,28
BRDA:100,6,1,140
BRDA:103,7,0,161
BRDA:103,7,1,7
BRDA:103,8,0,168
BRDA:103,8,1,164
BRDA:103,8,2,161
BRDA:104,9,0,95
BRDA:104,9,1,66
BRDA:104,10,0,66
BRDA:104,10,1,95
BRDA:104,11,0,161
BRDA:104,11,1,161
BRDA:104,12,0,0
BRDA:104,12,1,161
BRDA:104,13,0,161
BRDA:104,13,1,161
BRDA:104,14,0,0
BRDA:104,14,1,161
BRDA:104,15,0,161
BRDA:104,15,1,161
BRDA:125,16,0,1
BRDA:125,16,1,5
BRDA:139,17,0,2
BRDA:139,17,1,3
BRDA:153,18,0,0
BRDA:153,18,1,10
BRDA:159,19,0,4
BRDA:159,19,1,6
BRDA:165,20,0,6
BRDA:165,20,1,0
BRDA:169,21,0,3
BRDA:169,21,1,3
BRDA:179,22,0,2
BRDA:179,22,1,1
BRDA:179,23,0,3
BRDA:179,23,1,2
BRDA:179,24,0,0
BRDA:179,24,1,2
BRDA:179,25,0,2
BRDA:179,25,1,2
BRF:53
BRH:46
end_of_record
TN:
SF:src/pages/api/csvZoneUpload.ts
FN:30,(anonymous_1)
FN:39,(anonymous_2)
FN:48,(anonymous_3)
FN:54,(anonymous_4)
FN:55,(anonymous_5)
FN:70,(anonymous_6)
FN:93,(anonymous_7)
FN:111,(anonymous_8)
FN:128,(anonymous_9)
FN:129,(anonymous_10)
FN:141,(anonymous_11)
FNF:11
FNH:11
FNDA:5,(anonymous_1)
FNDA:8,(anonymous_2)
FNDA:4,(anonymous_3)
FNDA:24,(anonymous_4)
FNDA:24,(anonymous_5)
FNDA:8,(anonymous_6)
FNDA:72,(anonymous_7)
FNDA:72,(anonymous_8)
FNDA:56,(anonymous_9)
FNDA:3,(anonymous_10)
FNDA:9,(anonymous_11)
DA:2,1
DA:3,1
DA:4,1
DA:5,1
DA:6,1
DA:7,1
DA:8,1
DA:9,1
DA:10,1
DA:24,1
DA:30,1
DA:35,5
DA:36,5
DA:39,1
DA:40,8
DA:45,8
DA:48,1
DA:52,4
DA:53,4
DA:54,3
DA:55,24
DA:56,24
DA:57,3
DA:62,21
DA:64,3
DA:66,1
DA:70,1
DA:76,8
DA:78,8
DA:79,8
DA:81,0
DA:85,0
DA:87,0
DA:90,8
DA:91,8
DA:92,8
DA:94,72
DA:100,72
DA:101,0
DA:106,0
DA:109,72
DA:111,72
DA:113,8
DA:114,1
DA:118,1
DA:121,8
DA:122,1
DA:123,1
DA:126,7
DA:127,7
DA:128,56
DA:129,3
DA:131,7
DA:132,3
DA:135,6
DA:137,1
DA:141,1
DA:142,9
DA:143,9
DA:144,0
DA:147,9
DA:149,9
DA:150,4
DA:151,4
DA:152,4
DA:155,5
DA:156,5
DA:157,5
DA:158,5
DA:160,4
DA:161,0
DA:164,4
DA:165,4
DA:166,4
DA:167,4
DA:168,4
DA:169,1
DA:170,1
DA:172,3
DA:173,3
DA:176,1
DA:177,1
LF:82
LH:75
BRDA:56,0,0,3
BRDA:56,0,1,21
BRDA:95,1,0,0
BRDA:95,1,1,72
BRDA:95,2,0,72
BRDA:95,2,1,72
BRDA:95,3,0,0
BRDA:95,3,1,72
BRDA:95,4,0,72
BRDA:95,4,1,72
BRDA:100,5,0,0
BRDA:100,5,1,72
BRDA:100,6,0,72
BRDA:100,6,1,72
BRDA:100,6,2,72
BRDA:111,7,0,72
BRDA:111,7,1,22
BRDA:113,8,0,1
BRDA:113,8,1,7
BRDA:121,9,0,1
BRDA:121,9,1,7
BRDA:131,10,0,3
BRDA:131,10,1,4
BRDA:143,11,0,0
BRDA:143,11,1,9
BRDA:149,12,0,4
BRDA:149,12,1,5
BRDA:155,13,0,5
BRDA:155,13,1,0
BRDA:160,14,0,0
BRDA:160,14,1,4
BRDA:168,15,0,1
BRDA:168,15,1,3
BRF:33
BRH:27
end_of_record
TN:
SF:src/pages/api/definePassengerType.ts
FN:42,(anonymous_7)
FN:44,(anonymous_8)
FN:75,(anonymous_9)
FN:79,(anonymous_10)
FN:85,(anonymous_11)
FN:90,(anonymous_12)
FN:94,(anonymous_13)
FN:100,(anonymous_14)
FN:109,(anonymous_15)
FN:120,(anonymous_16)
FN:124,(anonymous_17)
FN:133,(anonymous_18)
FN:137,(anonymous_19)
FN:145,(anonymous_20)
FN:147,(anonymous_21)
FN:171,(anonymous_22)
FN:192,(anonymous_23)
FN:227,(anonymous_24)
FN:248,(anonymous_25)
FN:259,(anonymous_26)
FNF:20
FNH:20
FNDA:2,(anonymous_7)
FNDA:2,(anonymous_8)
FNDA:68,(anonymous_9)
FNDA:20,(anonymous_10)
FNDA:20,(anonymous_11)
FNDA:68,(anonymous_12)
FNDA:20,(anonymous_13)
FNDA:20,(anonymous_14)
FNDA:68,(anonymous_15)
FNDA:34,(anonymous_16)
FNDA:34,(anonymous_17)
FNDA:34,(anonymous_18)
FNDA:34,(anonymous_19)
FNDA:8,(anonymous_20)
FNDA:46,(anonymous_21)
FNDA:13,(anonymous_22)
FNDA:7,(anonymous_23)
FNDA:5,(anonymous_24)
FNDA:3,(anonymous_25)
FNDA:1,(anonymous_26)
DA:2,1
DA:3,1
DA:4,1
DA:5,1
DA:6,1
DA:14,1
DA:16,1
DA:37,1
DA:38,1
DA:39,1
DA:40,1
DA:41,1
DA:42,1
DA:43,2
DA:44,1
DA:45,2
DA:46,1
DA:48,1
DA:54,1
DA:60,1
DA:66,1
DA:72,1
DA:75,68
DA:79,20
DA:85,20
DA:90,68
DA:94,20
DA:100,20
DA:109,68
DA:120,34
DA:124,34
DA:133,34
DA:137,34
DA:145,1
DA:146,8
DA:147,8
DA:148,46
DA:154,18
DA:155,18
DA:156,18
DA:157,2
DA:159,16
DA:160,16
DA:162,28
DA:163,6
DA:164,6
DA:166,22
DA:168,8
DA:171,1
DA:172,13
DA:174,1
DA:176,1
DA:178,3
DA:180,3
DA:182,2
DA:184,1
DA:186,1
DA:188,1
DA:192,1
DA:193,7
DA:194,7
DA:195,1
DA:198,6
DA:200,6
DA:201,6
DA:202,6
DA:203,6
DA:205,6
DA:210,6
DA:211,0
DA:214,6
DA:216,6
DA:218,6
DA:219,2
DA:220,2
DA:223,6
DA:224,6
DA:226,2
DA:227,5
DA:233,6
DA:234,4
DA:235,2
DA:236,2
DA:238,2
DA:241,2
DA:243,2
DA:244,2
DA:246,2
DA:247,2
DA:248,3
DA:251,2
DA:252,2
DA:254,2
DA:256,2
DA:258,2
DA:259,1
DA:260,1
DA:264,2
DA:270,2
DA:271,2
DA:272,2
DA:275,2
DA:276,2
DA:279,2
DA:281,2
DA:283,2
DA:284,1
DA:285,1
DA:292,1
DA:293,1
DA:297,4
DA:300,2
DA:301,2
DA:302,0
DA:303,0
DA:305,2
DA:307,1
DA:308,1
LF:118
LH:115
BRDA:148,0,0,18
BRDA:148,0,1,28
BRDA:149,1,0,46
BRDA:149,1,1,40
BRDA:149,1,2,34
BRDA:149,1,3,31
BRDA:156,2,0,2
BRDA:156,2,1,16
BRDA:162,3,0,6
BRDA:162,3,1,22
BRDA:163,4,0,2
BRDA:163,4,1,4
BRDA:173,5,0,1
BRDA:173,5,1,1
BRDA:173,5,2,3
BRDA:173,5,3,3
BRDA:173,5,4,2
BRDA:173,5,5,1
BRDA:173,5,6,1
BRDA:173,5,7,1
BRDA:194,6,0,1
[...]
DA:9,4
DA:10,4
DA:11,1
DA:14,3
DA:15,2
DA:16,2
DA:17,2
DA:19,2
DA:21,1
DA:22,1
DA:24,1
DA:25,1
DA:27,0
DA:30,1
DA:33,1
DA:36,1
DA:37,1
LF:22
LH:21
BRDA:10,0,0,1
BRDA:10,0,1,3
BRDA:14,1,0,2
BRDA:14,1,1,1
BRDA:20,2,0,1
BRDA:20,2,1,1
BRDA:20,2,2,0
BRF:7
BRH:6
end_of_record
TN:
SF:src/pages/api/apiUtils/feedbackEmailer.ts
FN:7,(anonymous_1)
FN:8,(anonymous_2)
FN:15,(anonymous_3)
FN:24,(anonymous_4)
FNF:4
FNH:3
FNDA:2,(anonymous_1)
FNDA:8,(anonymous_2)
FNDA:1,(anonymous_3)
FNDA:0,(anonymous_4)
DA:1,2
DA:3,2
DA:4,2
DA:7,2
DA:8,2
DA:9,8
DA:12,2
DA:15,2
DA:16,1
DA:24,2
DA:25,0
LF:11
LH:10
BRF:0
BRH:0
end_of_record
TN:
SF:src/pages/api/apiUtils/fileUpload.ts
FN:23,(anonymous_1)
FN:24,(anonymous_2)
FN:26,(anonymous_3)
FN:35,(anonymous_4)
FN:54,(anonymous_5)
FN:89,(anonymous_6)
FN:116,(anonymous_7)
FNF:7
FNH:2
FNDA:0,(anonymous_1)
FNDA:0,(anonymous_2)
FNDA:0,(anonymous_3)
FNDA:0,(anonymous_4)
FNDA:15,(anonymous_5)
FNDA:0,(anonymous_6)
FNDA:19,(anonymous_7)
DA:3,2
DA:5,2
DA:6,2
DA:7,2
DA:8,2
DA:9,2
DA:21,2
DA:23,2
DA:24,0
DA:25,0
DA:26,0
DA:27,0
DA:28,0
DA:30,0
DA:35,2
DA:36,0
DA:37,0
DA:38,0
DA:40,0
DA:41,0
DA:42,0
DA:43,0
DA:44,0
DA:45,0
DA:48,0
DA:54,2
DA:55,15
DA:57,15
DA:58,0
DA:60,0
DA:63,15
DA:64,0
DA:66,0
DA:69,15
DA:70,2
DA:77,2
DA:80,13
DA:81,2
DA:83,2
DA:86,11
DA:89,2
DA:90,0
DA:109,0
DA:111,0
DA:113,0
DA:116,2
DA:117,19
DA:119,19
DA:120,2
DA:121,2
DA:127,17
DA:129,17
DA:130,2
DA:131,2
DA:137,15
DA:139,15
DA:141,15
LF:57
LH:33
BRDA:27,0,0,0
BRDA:27,0,1,0
BRDA:40,1,0,0
BRDA:40,1,1,0
BRDA:42,2,0,0
BRDA:42,2,1,0
BRDA:57,3,0,0
BRDA:57,3,1,15
BRDA:57,4,0,15
BRDA:57,4,1,0
BRDA:63,5,0,0
BRDA:63,5,1,15
BRDA:63,6,0,15
BRDA:63,6,1,0
BRDA:69,7,0,2
BRDA:69,7,1,13
BRDA:80,8,0,2
BRDA:80,8,1,11
BRDA:80,9,0,13
BRDA:80,9,1,2
BRDA:100,10,0,0
BRDA:100,10,1,0
BRDA:119,11,0,2
BRDA:119,11,1,17
BRDA:119,12,0,19
BRDA:119,12,1,17
BRDA:129,13,0,2
BRDA:129,13,1,15
BRDA:130,14,0,2
BRDA:130,14,1,0
BRDA:143,15,0,15
BRDA:143,15,1,11
BRF:32
BRH:19
end_of_record
TN:
SF:src/pages/api/apiUtils/index.ts
FN:25,(anonymous_1)
FN:45,(anonymous_2)
FN:51,(anonymous_3)
FN:55,(anonymous_4)
FN:62,(anonymous_5)
FN:69,(anonymous_6)
FN:79,(anonymous_7)
FN:95,(anonymous_8)
FN:118,(anonymous_9)
FN:149,(anonymous_10)
FN:154,(anonymous_11)
FN:171,(anonymous_12)
FN:174,(anonymous_13)
FN:189,(anonymous_14)
FN:192,(anonymous_15)
FN:212,(anonymous_16)
FN:215,(anonymous_17)
FN:225,(anonymous_18)
FN:230,(anonymous_19)
FN:240,(anonymous_20)
FN:270,(anonymous_21)
FNF:21
FNH:18
FNDA:8,(anonymous_1)
FNDA:0,(anonymous_2)
FNDA:77,(anonymous_3)
FNDA:37,(anonymous_4)
FNDA:248,(anonymous_5)
FNDA:26,(anonymous_6)
FNDA:18,(anonymous_7)
FNDA:6,(anonymous_8)
FNDA:8,(anonymous_9)
FNDA:25,(anonymous_10)
FNDA:26,(anonymous_11)
FNDA:14,(anonymous_12)
FNDA:14,(anonymous_13)
FNDA:10,(anonymous_14)
FNDA:10,(anonymous_15)
FNDA:7,(anonymous_16)
FNDA:0,(anonymous_17)
FNDA:7,(anonymous_18)
FNDA:21,(anonymous_19)
FNDA:27,(anonymous_20)
FNDA:0,(anonymous_21)
DA:2,54
DA:3,54
DA:6,54
DA:7,54
DA:16,54
DA:17,54
DA:18,54
DA:19,54
DA:25,54
DA:33,8
DA:36,8
DA:45,54
DA:46,0
DA:48,0
DA:51,54
DA:52,77
DA:55,54
DA:56,37
DA:57,37
DA:59,37
DA:62,54
DA:63,248
DA:66,248
DA:69,54
DA:75,26
DA:76,26
DA:79,54
DA:80,18
DA:81,18
DA:83,18
DA:87,2
DA:90,16
DA:95,54
DA:96,6
DA:98,6
DA:99,6
DA:101,2
DA:102,2
DA:104,2
DA:105,2
DA:106,2
DA:108,1
DA:109,1
DA:111,1
DA:114,0
DA:118,54
DA:119,8
DA:121,8
DA:122,7
DA:124,1
DA:125,1
DA:127,1
DA:128,1
DA:130,1
DA:131,1
DA:133,1
DA:134,1
DA:136,1
DA:137,1
DA:139,2
DA:140,1
DA:142,0
DA:145,1
DA:149,54
DA:150,25
DA:151,25
DA:154,54
DA:159,26
DA:160,26
DA:162,26
DA:163,0
DA:166,26
DA:168,26
DA:171,54
DA:172,14
DA:174,54
DA:175,14
DA:177,14
DA:178,14
DA:180,14
DA:182,14
DA:183,14
DA:186,0
DA:189,54
DA:190,10
DA:192,54
DA:193,10
DA:194,10
DA:195,10
DA:197,10
DA:198,6
DA:201,4
DA:206,1
DA:209,3
DA:212,54
DA:213,7
DA:215,54
DA:216,0
DA:217,0
DA:220,0
DA:221,0
DA:222,0
DA:225,54
DA:226,7
DA:228,7
DA:230,7
DA:231,21
DA:232,15
DA:234,21
DA:237,7
DA:240,54
DA:246,27
DA:248,27
DA:249,10
DA:254,10
DA:256,17
DA:257,4
DA:259,13
DA:260,2
DA:267,11
DA:270,54
DA:271,0
DA:272,0
DA:273,0
DA:274,0
DA:277,0
LF:126
LH:110
BRDA:31,0,0,8
BRDA:52,1,0,77
BRDA:52,1,1,0
BRDA:59,2,0,37
BRDA:59,2,1,0
BRDA:83,3,0,2
BRDA:83,3,1,16
BRDA:84,4,0,18
BRDA:84,4,1,17
BRDA:84,4,2,2
BRDA:91,5,0,1
BRDA:91,5,1,15
BRDA:98,6,0,6
BRDA:98,6,1,0
BRDA:100,7,0,2
BRDA:100,7,1,2
BRDA:100,7,2,1
BRDA:100,7,3,1
BRDA:121,8,0,7
BRDA:121,8,1,1
BRDA:123,9,0,1
BRDA:123,9,1,1
BRDA:123,9,2,1
BRDA:123,9,3,1
BRDA:123,9,4,1
BRDA:123,9,5,2
BRDA:123,9,6,0
BRDA:151,10,0,25
BRDA:151,10,1,15
BRDA:162,11,0,0
BRDA:162,11,1,26
BRDA:168,12,0,19
BRDA:168,12,1,7
BRDA:168,13,0,26
BRDA:168,13,1,26
BRDA:180,14,0,0
BRDA:180,14,1,14
BRDA:180,15,0,14
BRDA:180,15,1,14
BRDA:182,16,0,14
BRDA:182,16,1,0
BRDA:182,17,0,14
BRDA:182,17,1,14
BRDA:182,17,2,14
BRDA:182,18,0,0
BRDA:182,18,1,14
BRDA:182,19,0,14
BRDA:182,19,1,14
BRDA:197,20,0,6
BRDA:197,20,1,4
BRDA:197,21,0,10
BRDA:197,21,1,7
BRDA:201,22,0,1
BRDA:201,22,1,3
BRDA:202,23,0,4
BRDA:202,23,1,3
BRDA:202,23,2,3
BRDA:202,23,3,3
BRDA:202,23,4,3
BRDA:216,24,0,0
BRDA:216,24,1,0
BRDA:231,25,0,15
BRDA:231,25,1,6
BRDA:248,26,0,10
BRDA:248,26,1,17
BRDA:251,27,0,6
BRDA:251,27,1,4
BRDA:251,28,0,5
BRDA:251,28,1,1
BRDA:256,29,0,4
BRDA:256,29,1,13
BRDA:259,30,0,2
BRDA:259,30,1,11
BRDA:273,31,0,0
BRDA:273,31,1,0
BRF:75
BRH:63
end_of_record
TN:
SF:src/pages/api/apiUtils/matching.ts
FN:7,(anonymous_1)
FN:12,(anonymous_2)
FN:13,(anonymous_3)
FN:18,(anonymous_4)
FN:27,(anonymous_5)
FN:31,(anonymous_6)
FN:51,(anonymous_7)
FN:52,(anonymous_8)
FNF:8
FNH:8
FNDA:5,(anonymous_1)
FNDA:37,(anonymous_2)
FNDA:21,(anonymous_3)
FNDA:21,(anonymous_4)
FNDA:10,(anonymous_5)
FNDA:61,(anonymous_6)
FNDA:10,(anonymous_7)
FNDA:32,(anonymous_8)
DA:2,5
DA:7,5
DA:11,5
DA:12,37
DA:14,21
DA:16,21
DA:18,21
DA:27,5
DA:28,10
DA:29,10
DA:31,10
DA:32,61
DA:33,61
DA:34,35
DA:36,35
DA:37,0
DA:39,35
DA:48,10
DA:51,5
DA:52,32
LF:20
LH:19
BRDA:33,0,0,35
BRDA:33,0,1,26
BRDA:33,1,0,61
BRDA:33,1,1,55
BRDA:33,1,2,55
BRDA:36,2,0,0
BRDA:36,2,1,35
BRF:7
BRH:6
end_of_record
TN:
SF:src/pages/api/apiUtils/userData.ts
FN:72,(anonymous_1)
FN:77,(anonymous_2)
FN:83,(anonymous_3)
FN:85,(anonymous_4)
FN:107,(anonymous_5)
FN:118,(anonymous_6)
FN:166,(anonymous_7)
FN:170,(anonymous_8)
FN:176,(anonymous_9)
FN:207,(anonymous_10)
FN:228,(anonymous_11)
FN:230,(anonymous_12)
FN:253,(anonymous_13)
FN:255,(anonymous_14)
FN:258,(anonymous_15)
FN:296,(anonymous_16)
FN:314,(anonymous_17)
FN:329,(anonymous_18)
FN:344,(anonymous_19)
FN:360,(anonymous_20)
FN:362,(anonymous_21)
FN:388,(anonymous_22)
FN:390,(anonymous_23)
FN:415,(anonymous_24)
FN:427,(anonymous_25)
FN:442,(anonymous_26)
FN:447,(anonymous_27)
FN:492,(anonymous_28)
FN:513,(anonymous_29)
FNF:29
FNH:24
FNDA:6,(anonymous_1)
FNDA:6,(anonymous_2)
FNDA:17,(anonymous_3)
FNDA:33,(anonymous_4)
FNDA:1,(anonymous_5)
FNDA:10,(anonymous_6)
FNDA:0,(anonymous_7)
FNDA:4,(anonymous_8)
FNDA:0,(anonymous_9)
FNDA:0,(anonymous_10)
FNDA:2,(anonymous_11)
FNDA:1,(anonymous_12)
FNDA:2,(anonymous_13)
FNDA:2,(anonymous_14)
FNDA:1,(anonymous_15)
FNDA:2,(anonymous_16)
FNDA:3,(anonymous_17)
FNDA:2,(anonymous_18)
FNDA:6,(anonymous_19)
FNDA:3,(anonymous_20)
FNDA:9,(anonymous_21)
FNDA:1,(anonymous_22)
FNDA:1,(anonymous_23)
FNDA:3,(anonymous_24)
FNDA:1,(anonymous_25)
FNDA:1,(anonymous_26)
FNDA:0,(anonymous_27)
FNDA:0,(anonymous_28)
FNDA:3,(anonymous_29)
DA:1,2
DA:3,2
DA:4,2
DA:29,2
DA:52,2
DA:61,2
DA:63,2
DA:64,2
DA:65,2
DA:66,2
DA:67,2
DA:68,2
DA:70,2
DA:72,2
DA:73,6
DA:74,6
DA:77,2
DA:81,6
DA:83,6
DA:84,17
DA:85,33
DA:87,17
DA:88,0
DA:90,17
DA:101,17
DA:104,6
DA:107,2
DA:108,1
DA:109,1
DA:111,1
DA:112,0
DA:115,1
DA:118,2
DA:123,10
DA:124,10
DA:126,10
DA:127,10
DA:128,10
DA:129,10
DA:130,10
DA:131,10
DA:132,10
DA:134,10
DA:143,0
DA:146,10
DA:147,10
DA:149,10
DA:166,2
DA:167,0
DA:170,2
DA:176,4
DA:177,0
DA:179,4
DA:180,4
DA:182,4
DA:184,4
DA:185,4
DA:186,4
DA:188,4
DA:189,0
DA:192,4
DA:196,4
DA:197,0
DA:198,0
DA:201,0
DA:203,0
DA:204,0
DA:207,0
DA:215,4
DA:216,0
DA:218,4
DA:221,4
DA:228,2
DA:230,2
DA:231,1
DA:233,2
DA:235,2
DA:236,2
DA:238,2
DA:239,1
DA:242,1
DA:244,1
DA:253,2
DA:255,2
DA:256,2
DA:258,2
DA:260,1
DA:262,2
DA:264,2
DA:265,2
DA:266,2
DA:267,2
DA:269,2
DA:275,0
DA:278,2
DA:280,2
DA:296,2
DA:300,2
DA:302,2
DA:303,2
DA:305,2
DA:306,0
DA:309,2
DA:310,2
DA:313,2
DA:314,3
DA:317,2
DA:318,0
DA:321,2
DA:329,2
DA:333,2
DA:335,2
DA:337,2
DA:338,0
DA:343,2
DA:344,2
DA:345,6
DA:346,6
DA:354,2
DA:355,1
DA:359,1
DA:360,3
DA:363,9
DA:364,9
DA:373,1
DA:381,1
DA:388,2
DA:390,1
DA:391,1
DA:393,1
DA:394,1
DA:396,1
DA:398,1
DA:399,1
DA:400,1
DA:402,1
DA:410,0
DA:413,1
DA:414,1
DA:415,1
DA:416,3
DA:417,3
DA:425,1
DA:427,1
DA:433,1
DA:442,2
DA:447,1
DA:448,0
DA:450,1
DA:451,1
DA:453,1
DA:454,1
DA:455,1
DA:456,1
DA:457,1
DA:458,1
DA:459,1
DA:460,1
DA:461,1
DA:462,1
DA:464,1
DA:476,0
DA:481,1
DA:482,0
DA:483,0
DA:486,0
DA:488,0
DA:489,0
DA:492,0
DA:500,1
DA:501,0
DA:503,1
DA:506,1
DA:507,1
DA:509,1
DA:510,0
DA:513,3
DA:515,1
DA:517,1
DA:518,1
DA:519,1
DA:520,1
DA:521,1
DA:523,1
LF:184
LH:156
BRDA:74,0,0,6
BRDA:74,0,1,3
BRDA:87,1,0,0
BRDA:87,1,1,17
BRDA:94,2,0,17
BRDA:94,2,1,0
BRDA:95,3,0,6
BRDA:95,3,1,11
BRDA:98,4,0,17
BRDA:98,4,1,0
BRDA:111,5,0,0
BRDA:111,5,1,1
BRDA:134,6,0,0
BRDA:134,6,1,10
BRDA:135,7,0,10
BRDA:135,7,1,10
BRDA:135,7,2,10
BRDA:135,7,3,10
BRDA:135,7,4,1
BRDA:135,7,5,10
BRDA:135,7,6,10
BRDA:135,7,7,10
BRDA:135,7,8,10
BRDA:153,8,0,1
BRDA:153,8,1,9
BRDA:152,9,0,10
BRDA:152,9,1,1
BRDA:152,10,0,0
BRDA:152,10,1,1
BRDA:152,11,0,1
BRDA:152,11,1,1
BRDA:153,12,0,0
BRDA:153,12,1,1
BRDA:153,13,0,1
BRDA:153,13,1,1
BRDA:160,14,0,8
BRDA:160,14,1,2
BRDA:159,15,0,10
BRDA:159,15,1,8
BRDA:167,16,0,0
BRDA:167,16,1,0
BRDA:167,17,0,0
BRDA:167,17,1,0
BRDA:167,18,0,0
BRDA:167,18,1,0
BRDA:168,19,0,0
BRDA:168,19,1,0
BRDA:168,20,0,0
BRDA:168,20,1,0
BRDA:177,21,0,0
BRDA:177,21,1,0
BRDA:177,22,0,0
BRDA:177,22,1,0
BRDA:188,23,0,0
BRDA:188,23,1,4
BRDA:188,24,0,4
BRDA:188,24,1,4
BRDA:188,24,2,4
BRDA:196,25,0,0
BRDA:196,25,1,4
BRDA:197,26,0,0
BRDA:197,26,1,0
BRDA:197,27,0,0
BRDA:197,27,1,0
BRDA:203,28,0,0
BRDA:203,28,1,0
BRDA:210,29,0,0
BRDA:210,29,1,0
BRDA:211,30,0,0
BRDA:211,30,1,0
BRDA:215,31,0,0
BRDA:215,31,1,4
BRDA:231,32,0,0
BRDA:231,32,1,1
BRDA:231,33,0,1
BRDA:231,33,1,1
BRDA:238,34,0,1
BRDA:238,34,1,1
BRDA:238,35,0,2
BRDA:238,35,1,1
BRDA:238,35,2,1
BRDA:256,36,0,0
BRDA:256,36,1,2
BRDA:256,37,0,2
BRDA:256,37,1,2
BRDA:260,38,0,0
BRDA:260,38,1,1
BRDA:260,39,0,1
BRDA:260,39,1,1
BRDA:269,40,0,0
BRDA:269,40,1,2
BRDA:270,41,0,2
BRDA:270,41,1,2
BRDA:270,41,2,2
BRDA:270,41,3,2
BRDA:286,42,0,1
BRDA:286,42,1,1
BRDA:285,43,0,2
BRDA:285,43,1,1
BRDA:291,44,0,2
BRDA:291,44,1,0
BRDA:305,45,0,0
BRDA:305,45,1,2
BRDA:305,46,0,2
BRDA:305,46,1,2
BRDA:314,47,0,1
BRDA:314,47,1,1
BRDA:313,48,0,2
BRDA:313,48,1,1
BRDA:317,49,0,0
BRDA:317,49,1,2
BRDA:325,50,0,2
BRDA:325,50,1,1
BRDA:337,51,0,0
BRDA:337,51,1,2
BRDA:337,52,0,2
BRDA:337,52,1,2
BRDA:354,53,0,1
BRDA:354,53,1,1
BRDA:391,54,0,0
BRDA:391,54,1,1
BRDA:391,55,0,1
BRDA:391,55,1,1
BRDA:402,56,0,0
BRDA:402,56,1,1
BRDA:403,57,0,1
BRDA:403,57,1,1
BRDA:403,57,2,1
BRDA:403,57,3,1
BRDA:403,57,4,1
BRDA:403,57,5,1
BRDA:435,58,0,0
BRDA:435,58,1,1
BRDA:435,59,0,1
BRDA:435,59,1,1
BRDA:448,60,0,0
BRDA:448,60,1,0
BRDA:448,61,0,0
BRDA:448,61,1,0
BRDA:464,62,0,0
BRDA:464,62,1,1
BRDA:465,63,0,1
BRDA:465,63,1,1
BRDA:465,63,2,1
BRDA:465,63,3,1
BRDA:465,63,4,1
BRDA:465,63,5,1
BRDA:465,63,6,1
BRDA:465,63,7,1
BRDA:465,63,8,1
BRDA:465,63,9,1
BRDA:481,64,0,0
BRDA:481,64,1,1
BRDA:482,65,0,0
BRDA:482,65,1,0
BRDA:482,66,0,0
BRDA:482,66,1,0
BRDA:488,67,0,0
BRDA:488,67,1,0
BRDA:495,68,0,0
BRDA:495,68,1,0
BRDA:496,69,0,0
BRDA:496,69,1,0
BRDA:500,70,0,0
BRDA:500,70,1,1
BRDA:509,71,0,0
BRDA:509,71,1,1
BRDA:533,72,0,1
BRDA:533,72,1,0
BRDA:532,73,0,1
BRDA:532,73,1,1
BRF:171
BRH:107
end_of_record
TN:
SF:src/pages/api/apiUtils/validator.ts
FN:5,(anonymous_1)
FN:15,(anonymous_2)
FN:23,(anonymous_3)
FN:25,(anonymous_4)
FN:30,(anonymous_5)
FN:46,(anonymous_6)
FN:64,(anonymous_7)
FN:82,(anonymous_8)
FNF:8
FNH:8
FNDA:177,(anonymous_1)
FNDA:82,(anonymous_2)
FNDA:607,(anonymous_3)
FNDA:17,(anonymous_4)
FNDA:22,(anonymous_5)
FNDA:19,(anonymous_6)
FNDA:15,(anonymous_7)
FNDA:7,(anonymous_8)
DA:2,86
DA:3,86
DA:5,86
DA:6,177
DA:7,177
DA:8,177
DA:9,168
DA:12,9
DA:15,86
DA:17,82
DA:18,22
DA:20,60
DA:23,607
DA:25,86
DA:26,17
DA:27,17
DA:30,86
DA:33,22
DA:34,2
DA:35,20
DA:36,6
DA:39,22
DA:40,8
DA:43,14
DA:46,86
DA:49,19
DA:50,4
DA:51,15
DA:52,1
DA:53,14
DA:54,1
DA:57,19
DA:58,6
DA:61,13
DA:64,86
DA:67,15
DA:68,3
DA:69,12
DA:70,1
DA:71,11
DA:72,3
DA:75,15
DA:76,7
DA:79,8
DA:82,86
LF:45
LH:45
BRDA:7,0,0,177
BRDA:7,0,1,9
BRDA:8,1,0,168
BRDA:8,1,1,9
BRDA:17,2,0,22
BRDA:17,2,1,60
BRDA:33,3,0,2
BRDA:33,3,1,20
BRDA:35,4,0,6
BRDA:35,4,1,14
BRDA:39,5,0,8
BRDA:39,5,1,14
BRDA:49,6,0,4
BRDA:49,6,1,15
BRDA:51,7,0,1
BRDA:51,7,1,14
BRDA:53,8,0,1
BRDA:53,8,1,13
BRDA:57,9,0,6
BRDA:57,9,1,13
BRDA:67,10,0,3
BRDA:67,10,1,12
BRDA:69,11,0,1
BRDA:69,11,1,11
BRDA:71,12,0,3
BRDA:71,12,1,8
BRDA:75,13,0,7
BRDA:75,13,1,8
BRF:28
BRH:28
end_of_record
TN:
SF:src/utils/dataTransform.ts
FN:3,(anonymous_0)
FN:8,(anonymous_1)
FN:9,(anonymous_2)
FN:37,(anonymous_3)
FN:43,(anonymous_4)
FN:49,(anonymous_5)
FN:50,(anonymous_6)
FN:54,(anonymous_7)
FN:54,(anonymous_8)
FNF:9
FNH:9
FNDA:4,(anonymous_0)
FNDA:10,(anonymous_1)
FNDA:132,(anonymous_2)
FNDA:12,(anonymous_3)
FNDA:27,(anonymous_4)
FNDA:12,(anonymous_5)
FNDA:3,(anonymous_6)
FNDA:12,(anonymous_7)
FNDA:156,(anonymous_8)
DA:1,6
DA:3,6
DA:6,4
DA:9,132
DA:11,10
DA:12,10
DA:14,10
DA:15,10
DA:17,10
DA:37,6
DA:42,12
DA:44,27
DA:49,6
DA:50,12
DA:51,3
DA:54,156
LF:16
LH:16
BRDA:20,0,0,0
BRDA:20,0,1,10
BRDA:20,1,0,0
BRDA:20,1,1,10
BRDA:20,2,0,10
BRDA:20,2,1,10
BRDA:26,3,0,0
BRDA:26,3,1,10
BRDA:26,4,0,0
BRDA:26,4,1,10
BRDA:26,5,0,10
BRDA:26,5,1,10
BRDA:44,6,0,27
BRDA:44,6,1,12
BRF:14
BRH:10
end_of_record
TN:
SF:src/utils/index.ts
FN:17,(anonymous_1)
FN:33,(anonymous_2)
FN:45,(anonymous_3)
FN:53,(anonymous_4)
FN:65,(anonymous_5)
FN:72,(anonymous_6)
FN:88,(anonymous_7)
FN:98,(anonymous_8)
FN:108,(anonymous_9)
FN:113,(anonymous_10)
FN:121,(anonymous_11)
FN:137,(anonymous_12)
FN:139,(anonymous_13)
FN:152,(anonymous_14)
FN:155,(anonymous_15)
FN:174,(anonymous_16)
FN:176,(anonymous_17)
FN:178,(anonymous_18)
FN:186,(anonymous_19)
FN:202,(anonymous_20)
FNF:20
FNH:18
FNDA:67,(anonymous_1)
FNDA:2,(anonymous_2)
FNDA:3,(anonymous_3)
FNDA:1,(anonymous_4)
FNDA:3,(anonymous_5)
FNDA:2,(anonymous_6)
FNDA:1,(anonymous_7)
FNDA:0,(anonymous_8)
FNDA:423,(anonymous_9)
FNDA:18,(anonymous_10)
FNDA:75,(anonymous_11)
FNDA:54,(anonymous_12)
FNDA:48,(anonymous_13)
FNDA:17,(anonymous_14)
FNDA:17,(anonymous_15)
FNDA:9,(anonymous_16)
FNDA:78,(anonymous_17)
FNDA:80,(anonymous_18)
FNDA:0,(anonymous_19)
FNDA:97,(anonymous_20)
DA:1,118
DA:4,118
DA:5,118
DA:6,118
DA:17,118
DA:18,67
DA:20,67
DA:21,59
DA:22,57
DA:24,57
DA:27,2
DA:30,8
DA:33,118
DA:34,2
DA:35,2
DA:37,2
DA:45,118
DA:46,3
DA:47,3
DA:49,3
DA:53,118
DA:54,1
DA:55,1
DA:65,1
DA:66,3
DA:67,1
DA:72,118
DA:73,2
DA:74,0
DA:76,2
DA:78,2
DA:79,2
DA:80,1
DA:82,1
DA:85,0
DA:88,118
DA:89,1
DA:90,1
DA:91,1
DA:92,0
DA:94,1
DA:95,1
DA:98,118
DA:99,0
DA:100,0
DA:101,0
DA:102,0
DA:104,0
DA:105,0
DA:108,118
DA:109,423
DA:113,118
DA:114,18
DA:115,0
DA:118,18
DA:121,118
DA:125,75
DA:126,75
DA:128,75
DA:129,2
DA:132,73
DA:134,73
DA:137,118
DA:139,118
DA:140,48
DA:141,48
DA:143,48
DA:145,48
DA:146,40
DA:149,8
DA:152,118
DA:153,17
DA:155,118
DA:156,17
DA:157,17
DA:159,17
DA:160,11
DA:163,6
DA:168,1
DA:171,5
DA:174,118
DA:176,118
DA:177,78
DA:178,78
DA:179,80
DA:180,26
DA:183,78
DA:186,118
DA:187,0
DA:188,0
DA:189,0
DA:190,0
DA:192,0
DA:202,118
LF:94
LH:79
BRDA:17,0,0,2
BRDA:20,1,0,59
BRDA:20,1,1,8
BRDA:21,2,0,57
BRDA:21,2,1,2
BRDA:34,3,0,2
BRDA:34,3,1,0
BRDA:34,4,0,2
BRDA:34,4,1,2
BRDA:46,5,0,3
BRDA:46,5,1,0
BRDA:46,6,0,3
BRDA:46,6,1,3
BRDA:66,7,0,1
BRDA:66,7,1,2
BRDA:73,8,0,0
BRDA:73,8,1,2
BRDA:76,9,0,0
BRDA:76,9,1,2
BRDA:76,10,0,2
BRDA:76,10,1,2
BRDA:76,11,0,0
BRDA:76,11,1,2
BRDA:76,12,0,2
BRDA:76,12,1,2
BRDA:78,13,0,2
BRDA:78,13,1,0
BRDA:79,14,0,1
BRDA:79,14,1,1
BRDA:79,15,0,2
BRDA:79,15,1,2
BRDA:91,16,0,0
BRDA:91,16,1,1
BRDA:101,17,0,0
BRDA:101,17,1,0
BRDA:109,18,0,422
BRDA:109,18,1,1
BRDA:109,19,0,423
BRDA:109,19,1,0
BRDA:109,20,0,423
BRDA:109,20,1,423
BRDA:109,21,0,423
BRDA:109,21,1,0
BRDA:109,22,0,423
BRDA:109,22,1,423
BRDA:110,23,0,422
BRDA:110,23,1,1
BRDA:114,24,0,0
BRDA:114,24,1,18
BRDA:128,25,0,2
BRDA:128,25,1,73
BRDA:134,26,0,60
BRDA:134,26,1,13
BRDA:134,27,0,73
BRDA:134,27,1,73
BRDA:143,28,0,2
BRDA:143,28,1,46
BRDA:143,29,0,48
BRDA:143,29,1,46
BRDA:145,30,0,40
BRDA:145,30,1,8
BRDA:145,31,0,48
BRDA:145,31,1,40
BRDA:145,31,2,40
BRDA:145,32,0,0
BRDA:145,32,1,40
BRDA:145,33,0,40
BRDA:145,33,1,40
BRDA:159,34,0,11
BRDA:159,34,1,6
BRDA:159,35,0,17
BRDA:159,35,1,12
BRDA:163,36,0,1
BRDA:163,36,1,5
BRDA:164,37,0,6
BRDA:164,37,1,5
BRDA:164,37,2,5
BRDA:164,37,3,5
BRDA:164,37,4,5
BRDA:179,38,0,26
BRDA:179,38,1,54
BRDA:189,39,0,0
BRDA:189,39,1,0
BRDA:192,40,0,0
BRDA:192,40,1,0
BRDA:192,41,0,0
BRDA:192,41,1,0
BRDA:203,42,0,0
BRDA:203,42,1,97
BRDA:202,43,0,97
BRDA:202,43,1,97
BRDA:203,44,0,97
BRDA:203,44,1,0
BRDA:202,45,0,97
BRDA:202,45,1,97
BRDA:203,46,0,0
BRDA:203,46,1,97
BRDA:202,47,0,97
BRDA:202,47,1,97
BRF:99
BRH:77
end_of_record
TN:
SF:src/utils/logger.ts
FNF:0
FNH:0
DA:1,97
DA:3,97
DA:14,97
LF:3
LH:3
BRDA:8,0,0,0
BRDA:8,0,1,97
BRF:2
BRH:1
end_of_record
TN:
SF:src/utils/sessions.ts
FN:146,(anonymous_0)
FN:151,(anonymous_1)
FN:159,(anonymous_2)
FN:160,(anonymous_3)
FNF:4
FNH:3
FNDA:498,(anonymous_0)
FNDA:75,(anonymous_1)
FNDA:1,(anonymous_2)
FNDA:0,(anonymous_3)
DA:28,102
DA:146,102
DA:149,498
DA:151,102
DA:156,75
DA:159,102
DA:160,1
DA:161,0
DA:162,0
LF:9
LH:7
BRDA:149,0,0,0
BRDA:149,0,1,498
BRDA:149,1,0,498
BRDA:149,1,1,498
BRDA:149,2,0,0
BRDA:149,2,1,498
BRDA:149,3,0,498
BRDA:149,3,1,498
BRDA:161,4,0,0
BRDA:161,4,1,0
BRF:10
BRH:6
end_of_record
TN:
SF:tests/testData/csvFareTriangleData.ts
FNF:0
FNH:0
DA:1,1
DA:11,1
DA:20,1
DA:30,1
DA:40,1
DA:50,1
DA:60,1
DA:75,1
DA:90,1
LF:9
LH:9
BRF:0
BRH:0
end_of_record
TN:
SF:tests/testData/csvZoneData.ts
FNF:0
FNH:0
DA:1,1
DA:2,1
DA:14,1
DA:31,1
DA:85,1
DA:97,1
DA:131,1
DA:143,1
DA:160,1
DA:213,1
DA:267,1
DA:279,1
DA:318,1
LF:13
LH:13
BRF:0
BRH:0
end_of_record
TN:
SF:tests/testData/mockData.ts
FN:78,(anonymous_1)
FN:166,(anonymous_2)
FN:210,(anonymous_3)
FN:238,(anonymous_4)
FNF:4
FNH:3
FNDA:431,(anonymous_1)
FNDA:1,(anonymous_2)
FNDA:130,(anonymous_3)
FNDA:0,(anonymous_4)
DA:2,86
DA:3,86
DA:4,86
DA:23,86
DA:24,86
DA:78,86
DA:89,431
DA:90,431
DA:91,431
DA:92,431
DA:104,431
DA:106,431
DA:170,431
DA:172,431
DA:174,431
DA:178,431
DA:182,431
DA:184,431
DA:186,431
DA:188,431
DA:203,431
DA:204,233
DA:207,431
DA:210,86
DA:221,130
DA:233,130
DA:238,0
DA:241,130
DA:244,86
DA:247,86
DA:362,86
DA:390,86
DA:512,86
DA:667,86
DA:757,86
DA:910,86
DA:929,86
DA:936,86
DA:984,86
DA:1082,86
DA:1149,86
DA:1166,86
DA:1183,86
DA:1206,86
DA:1340,86
DA:1503,86
DA:1637,86
DA:1676,86
DA:1716,86
DA:1774,86
DA:1903,86
DA:1945,86
DA:1986,86
DA:2012,86
DA:2035,86
DA:2088,86
DA:2131,86
DA:2175,86
DA:2208,86
DA:2215,86
DA:2259,86
DA:2312,86
DA:2358,86
DA:2415,86
DA:2477,86
DA:2539,86
DA:2622,86
DA:2715,86
DA:2726,86
DA:2823,86
DA:2838,86
DA:2865,86
DA:2957,86
DA:3009,86
DA:3027,86
DA:3047,86
DA:3076,86
DA:3113,86
DA:3150,86
DA:3154,86
DA:3191,86
DA:3206,86
DA:3243,86
DA:3258,86
DA:3303,86
DA:3348,86
DA:3395,86
DA:3443,86
DA:3488,86
LF:89
LH:88
BRDA:88,0,0,4
BRDA:79,1,0,134
BRDA:80,2,0,42
BRDA:81,3,0,170
BRDA:82,4,0,124
BRDA:83,5,0,293
BRDA:84,6,0,291
BRDA:85,7,0,301
BRDA:86,8,0,301
BRDA:95,9,0,399
BRDA:99,10,0,430
BRDA:100,11,0,430
BRDA:101,12,0,416
BRDA:102,13,0,428
BRDA:103,14,0,430
BRDA:170,15,0,429
BRDA:175,16,0,408
BRDA:175,16,1,23
BRDA:179,17,0,430
BRDA:179,17,1,1
BRDA:182,18,0,428
BRDA:182,18,1,3
BRDA:184,19,0,3
BRDA:184,19,1,428
BRDA:186,20,0,1
BRDA:186,20,1,430
BRDA:203,21,0,233
BRDA:203,21,1,198
BRDA:220,22,0,29
BRDA:212,23,0,100
BRDA:213,24,0,124
BRDA:214,25,0,124
BRDA:215,26,0,124
BRDA:216,27,0,125
BRDA:217,28,0,127
BRDA:218,29,0,129
BRDA:219,30,0,124
BRF:37
BRH:37
end_of_record
